{"message":"The Software Protection service has completed licensing status check.\nApplication Id=55c92734-d682-4d71-983e-d6ec3f16059f\nLicensing Status=\n1: 0b646350-5349-4013-b1be-4100d1a7fa38, 1, 0 [(0 [0xC004F014, 0, 0], [(?)(?)(?)(?)(?)(?)(?)(?)])(1 )(2 )(3 )]\n2: 10d661ba-f2e3-445c-8e92-200e1e05e9e1, 1, 0 [(0 [0xC004F014, 0, 0], [(?)(?)(?)(?)(?)(?)(?)(?)])(1 )(2 )(3 )]\n3: 2033816d-9d16-44bb-8f08-412ff45f38bf, 1, 0 [(0 [0xC004F014, 0, 0], [(?)(?)(?)(?)(?)(?)(?)(?)])(1 )(2 )(3 )]\n4: 653ae55c-1d53-427b-be51-15bc1841fca7, 1, 0 [(0 [0xC004F014, 0, 0], [(?)(?)(?)(?)(?)(?)(?)(?)])(1 )(2 )(3 )]\n5: 66c20db7-ff1e-4f87-a915-4e03715da35f, 1, 0 [(0 [0xC004F014, 0, 0], [(?)(?)(?)(?)(?)(?)(?)(?)])(1 )(2 )(3 )]\n6: 6bad0243-1c35-46b2-b8e6-7a853e37413f, 1, 0 [(0 [0xC004F014, 0, 0], [(?)(?)(?)(?)(?)(?)(?)(?)])(1 )(2 )(3 )]\n7: 82fcf64d-f9dd-4411-9c79-f2eed16d4eb8, 1, 0 [(0 [0xC004F014, 0, 0], [(?)(?)(?)(?)(?)(?)(?)(?)])(1 )(2 )(3 )]\n8: 84e331f6-4279-48c4-ab10-b75139181351, 1, 0 [(0 [0xC004F014, 0, 0], [(?)(?)(?)(?)(?)(?)(?)(?)])(1 )(2 )(3 )]\n9: 9e232465-2ade-4a33-a277-702010a84adb, 1, 0 [(0 [0xC004F014, 0, 0], [(?)(?)(?)(?)(?)(?)(?)(?)])(1 )(2 )(3 )]\n10: a1da5f8f-7553-42c5-b0b4-6f27c4d74240, 1, 0 [(0 [0xC004F014, 0, 0], [(?)(?)(?)(?)(?)(?)(?)(?)])(1 )(2 )(3 )]\n11: a2004bef-6ff1-48f9-8328-41ce1cd5ee79, 1, 0 [(0 [0xC004F014, 0, 0], [(?)(?)(?)(?)(?)(?)(?)(?)])(1 )(2 )(3 )]\n12: c052f164-cdf6-409a-a0cb-853ba0f0f55a, 1, 1 [(0 [0x00000000, 1, 0], [(?)( 1 0x00000000)(?)( 2 0x00000000 0 0 msft:rm/algorithm/volume/1.0 0x00000000 258892)(?)(?)( 10 0x00000000 msft:rm/algorithm/flags/1.0)(?)])(1 )(2 )(3 )]\n13: e5b79126-7250-4d27-ad42-0eeb23db5771, 1, 0 [(0 [0xC004F014, 0, 0], [(?)(?)(?)(?)(?)(?)(?)(?)])(1 )(2 )(3 )]\n14: f15a5790-90b7-4674-8fd4-e187ba426ad2, 1, 0 [(0 [0xC004F014, 0, 0], [(?)(?)(?)(?)(?)(?)(?)(?)])(1 )(2 )(3 )]\n\n\r\n","template_message":"The Software Protection service has completed licensing status check.%nApplication Id=%1%nLicensing Status=%2\r\n","raw_event_data":{"Data":{"#text":["55c92734-d682-4d71-983e-d6ec3f16059f","\n1: 0b646350-5349-4013-b1be-4100d1a7fa38, 1, 0 [(0 [0xC004F014, 0, 0], [(?)(?)(?)(?)(?)(?)(?)(?)])(1 )(2 )(3 )]\n2: 10d661ba-f2e3-445c-8e92-200e1e05e9e1, 1, 0 [(0 [0xC004F014, 0, 0], [(?)(?)(?)(?)(?)(?)(?)(?)])(1 )(2 )(3 )]\n3: 2033816d-9d16-44bb-8f08-412ff45f38bf, 1, 0 [(0 [0xC004F014, 0, 0], [(?)(?)(?)(?)(?)(?)(?)(?)])(1 )(2 )(3 )]\n4: 653ae55c-1d53-427b-be51-15bc1841fca7, 1, 0 [(0 [0xC004F014, 0, 0], [(?)(?)(?)(?)(?)(?)(?)(?)])(1 )(2 )(3 )]\n5: 66c20db7-ff1e-4f87-a915-4e03715da35f, 1, 0 [(0 [0xC004F014, 0, 0], [(?)(?)(?)(?)(?)(?)(?)(?)])(1 )(2 )(3 )]\n6: 6bad0243-1c35-46b2-b8e6-7a853e37413f, 1, 0 [(0 [0xC004F014, 0, 0], [(?)(?)(?)(?)(?)(?)(?)(?)])(1 )(2 )(3 )]\n7: 82fcf64d-f9dd-4411-9c79-f2eed16d4eb8, 1, 0 [(0 [0xC004F014, 0, 0], [(?)(?)(?)(?)(?)(?)(?)(?)])(1 )(2 )(3 )]\n8: 84e331f6-4279-48c4-ab10-b75139181351, 1, 0 [(0 [0xC004F014, 0, 0], [(?)(?)(?)(?)(?)(?)(?)(?)])(1 )(2 )(3 )]\n9: 9e232465-2ade-4a33-a277-702010a84adb, 1, 0 [(0 [0xC004F014, 0, 0], [(?)(?)(?)(?)(?)(?)(?)(?)])(1 )(2 )(3 )]\n10: a1da5f8f-7553-42c5-b0b4-6f27c4d74240, 1, 0 [(0 [0xC004F014, 0, 0], [(?)(?)(?)(?)(?)(?)(?)(?)])(1 )(2 )(3 )]\n11: a2004bef-6ff1-48f9-8328-41ce1cd5ee79, 1, 0 [(0 [0xC004F014, 0, 0], [(?)(?)(?)(?)(?)(?)(?)(?)])(1 )(2 )(3 )]\n12: c052f164-cdf6-409a-a0cb-853ba0f0f55a, 1, 1 [(0 [0x00000000, 1, 0], [(?)( 1 0x00000000)(?)( 2 0x00000000 0 0 msft:rm/algorithm/volume/1.0 0x00000000 258892)(?)(?)( 10 0x00000000 msft:rm/algorithm/flags/1.0)(?)])(1 )(2 )(3 )]\n13: e5b79126-7250-4d27-ad42-0eeb23db5771, 1, 0 [(0 [0xC004F014, 0, 0], [(?)(?)(?)(?)(?)(?)(?)(?)])(1 )(2 )(3 )]\n14: f15a5790-90b7-4674-8fd4-e187ba426ad2, 1, 0 [(0 [0xC004F014, 0, 0], [(?)(?)(?)(?)(?)(?)(?)(?)])(1 )(2 )(3 )]\n\n"]},"Binary":null},"event_id":1003,"qualifier":16384,"version":0,"guid":"e23b33b0-c8c9-472c-a5f9-f2bdfea0f156","provider":"Microsoft-Windows-Security-SPP","source_name":"Software Protection Platform Service","record_id":3858,"task":0,"level":"Information","opcode":0,"keywords":"0x80000000000000","generated":"2026-03-03T02:29:43.943523Z","system_time":"2026-03-03T02:29:43.943523Z","activity_id":"","process_id":1404,"thread_id":0,"sid":"","channel":"Application","computer":"runnervmkjq7x","message_file":"C:\\Windows\\system32\\sppsvc.exe","parameter_file":"","registry_file":"C:\\Windows\\System32\\config\\SOFTWARE","registry_path":"ROOT\\Microsoft\\Windows\\CurrentVersion\\WINEVT\\Publishers\\{e23b33b0-c8c9-472c-a5f9-f2bdfea0f156}","rendering_info":null,"evidence":"C:\\Windows\\System32\\winevt\\Logs\\Application.evtx","collection_metadata":{"endpoint_id":"6c51b123-1522-4572-9f2a-0bd5abd81b82","uuid":"311e84a0-dd73-496a-bea2-6eb3c2cee067","id":1,"artifact_name":"eventlogs","complete_time":"2026-03-06T05:52:02.000Z","start_time":"2026-03-06T05:52:02.000Z","hostname":"runnervmkjq7x","os_version":"11 (26100)","platform":"Windows","kernel_version":"26100","load_performance":{"avg_one_min":0.0,"avg_five_min":0.0,"avg_fifteen_min":0.0},"version":"0.19.0","rust_version":"1.94.0","build_date":"2026-03-06","interfaces":[{"ip":"10.1.0.194","mac":"60:45:bd:08:03:fc","name":"Ethernet 3"},{"ip":"fe80::8d8c:fee5:ef81:939b","mac":"60:45:bd:08:03:fc","name":"Ethernet 3"},{"ip":"fe80::636f:ee22:53ad:7d98","mac":"00:15:5d:02:b5:d2","name":"vEthernet (nat)"},{"ip":"192.168.208.1","mac":"00:15:5d:02:b5:d2","name":"vEthernet (nat)"}]}}
{"message":"Service started successfully.\r\n","template_message":"%1\r\n","raw_event_data":{"Data":{"#text":"Service started successfully."},"Binary":null},"event_id":0,"qualifier":0,"version":0,"guid":"","provider":"WindowsAzureGuestAgent","source_name":"","record_id":3859,"task":0,"level":"Information","opcode":0,"keywords":"0x80000000000000","generated":"2026-03-03T02:29:52.6530522Z","system_time":"2026-03-03T02:29:52.653052Z","activity_id":"","process_id":6208,"thread_id":0,"sid":"","channel":"Application","computer":"runnervmkjq7x","message_file":"C:\\Windows\\Microsoft.NET\\Framework64\\v4.0.30319\\EventLogMessages.dll","parameter_file":"","registry_file":"C:\\Windows\\System32\\config\\SYSTEM","registry_path":"ROOT\\ControlSet002\\Services\\EventLog\\Application\\WindowsAzureGuestAgent","rendering_info":null,"evidence":"C:\\Windows\\System32\\winevt\\Logs\\Application.evtx","collection_metadata":{"endpoint_id":"6c51b123-1522-4572-9f2a-0bd5abd81b82","uuid":"311e84a0-dd73-496a-bea2-6eb3c2cee067","id":1,"artifact_name":"eventlogs","complete_time":"2026-03-06T05:52:02.000Z","start_time":"2026-03-06T05:52:02.000Z","hostname":"runnervmkjq7x","os_version":"11 (26100)","platform":"Windows","kernel_version":"26100","load_performance":{"avg_one_min":0.0,"avg_five_min":0.0,"avg_fifteen_min":0.0},"version":"0.19.0","rust_version":"1.94.0","build_date":"2026-03-06","interfaces":[{"ip":"10.1.0.194","mac":"60:45:bd:08:03:fc","name":"Ethernet 3"},{"ip":"fe80::8d8c:fee5:ef81:939b","mac":"60:45:bd:08:03:fc","name":"Ethernet 3"},{"ip":"fe80::636f:ee22:53ad:7d98","mac":"00:15:5d:02:b5:d2","name":"vEthernet (nat)"},{"ip":"192.168.208.1","mac":"00:15:5d:02:b5:d2","name":"vEthernet (nat)"}]}}
{"message":"Windows Search Service has created default configuration for new user 'runnervmkjq7x\\runneradmin' .\n%0\r\n","template_message":"Windows Search Service has created default configuration for new user '%1' .%n%0\r\n","raw_event_data":{"User":"runnervmkjq7x\\runneradmin","Binary":null},"event_id":5,"qualifier":16384,"version":0,"guid":"fc6f77dd-769a-470e-bcf9-1b6555a118be","provider":"Microsoft-Windows-Search-ProfileNotify","source_name":"Windows Search Service Profile Notification","record_id":3860,"task":0,"level":"Information","opcode":0,"keywords":"0x80000000000000","generated":"2026-03-03T02:30:22.5178074Z","system_time":"2026-03-03T02:30:22.517807Z","activity_id":"","process_id":2764,"thread_id":0,"sid":"","channel":"Application","computer":"runnervmkjq7x","message_file":"C:\\Windows\\system32\\wsepno.dll","parameter_file":"","registry_file":"C:\\Windows\\System32\\config\\SOFTWARE","registry_path":"ROOT\\Microsoft\\Windows\\CurrentVersion\\WINEVT\\Publishers\\{fc6f77dd-769a-470e-bcf9-1b6555a118be}","rendering_info":null,"evidence":"C:\\Windows\\System32\\winevt\\Logs\\Application.evtx","collection_metadata":{"endpoint_id":"6c51b123-1522-4572-9f2a-0bd5abd81b82","uuid":"311e84a0-dd73-496a-bea2-6eb3c2cee067","id":1,"artifact_name":"eventlogs","complete_time":"2026-03-06T05:52:02.000Z","start_time":"2026-03-06T05:52:02.000Z","hostname":"runnervmkjq7x","os_version":"11 (26100)","platform":"Windows","kernel_version":"26100","load_performance":{"avg_one_min":0.0,"avg_five_min":0.0,"avg_fifteen_min":0.0},"version":"0.19.0","rust_version":"1.94.0","build_date":"2026-03-06","interfaces":[{"ip":"10.1.0.194","mac":"60:45:bd:08:03:fc","name":"Ethernet 3"},{"ip":"fe80::8d8c:fee5:ef81:939b","mac":"60:45:bd:08:03:fc","name":"Ethernet 3"},{"ip":"fe80::636f:ee22:53ad:7d98","mac":"00:15:5d:02:b5:d2","name":"vEthernet (nat)"},{"ip":"192.168.208.1","mac":"00:15:5d:02:b5:d2","name":"vEthernet (nat)"}]}}
{"message":"Successfully scheduled Software Protection service for re-start at 2026-03-09T21:20:36Z. Reason: RulesEngine.\r\n","template_message":"Successfully scheduled Software Protection service for re-start at %1. Reason: %2.\r\n","raw_event_data":{"Data":{"#text":["2026-03-09T21:20:36Z","RulesEngine"]},"Binary":null},"event_id":16384,"qualifier":16384,"version":0,"guid":"e23b33b0-c8c9-472c-a5f9-f2bdfea0f156","provider":"Microsoft-Windows-Security-SPP","source_name":"Software Protection Platform Service","record_id":3861,"task":0,"level":"Information","opcode":0,"keywords":"0x80000000000000","generated":"2026-03-03T02:30:36.8586622Z","system_time":"2026-03-03T02:30:36.858662Z","activity_id":"","process_id":1404,"thread_id":0,"sid":"","channel":"Application","computer":"runnervmkjq7x","message_file":"C:\\Windows\\system32\\sppsvc.exe","parameter_file":"","registry_file":"C:\\Windows\\System32\\config\\SOFTWARE","registry_path":"ROOT\\Microsoft\\Windows\\CurrentVersion\\WINEVT\\Publishers\\{e23b33b0-c8c9-472c-a5f9-f2bdfea0f156}","rendering_info":null,"evidence":"C:\\Windows\\System32\\winevt\\Logs\\Application.evtx","collection_metadata":{"endpoint_id":"6c51b123-1522-4572-9f2a-0bd5abd81b82","uuid":"311e84a0-dd73-496a-bea2-6eb3c2cee067","id":1,"artifact_name":"eventlogs","complete_time":"2026-03-06T05:52:02.000Z","start_time":"2026-03-06T05:52:02.000Z","hostname":"runnervmkjq7x","os_version":"11 (26100)","platform":"Windows","kernel_version":"26100","load_performance":{"avg_one_min":0.0,"avg_five_min":0.0,"avg_fifteen_min":0.0},"version":"0.19.0","rust_version":"1.94.0","build_date":"2026-03-06","interfaces":[{"ip":"10.1.0.194","mac":"60:45:bd:08:03:fc","name":"Ethernet 3"},{"ip":"fe80::8d8c:fee5:ef81:939b","mac":"60:45:bd:08:03:fc","name":"Ethernet 3"},{"ip":"fe80::636f:ee22:53ad:7d98","mac":"00:15:5d:02:b5:d2","name":"vEthernet (nat)"},{"ip":"192.168.208.1","mac":"00:15:5d:02:b5:d2","name":"vEthernet (nat)"}]}}
{"message":"The Software Protection service has stopped.\n\r\n","template_message":"The Software Protection service has stopped.%n\r\n","raw_event_data":{"Data":{"#text":""},"Binary":null},"event_id":903,"qualifier":16384,"version":0,"guid":"e23b33b0-c8c9-472c-a5f9-f2bdfea0f156","provider":"Microsoft-Windows-Security-SPP","source_name":"Software Protection Platform Service","record_id":3862,"task":0,"level":"Information","opcode":0,"keywords":"0x80000000000000","generated":"2026-03-03T02:30:36.8657708Z","system_time":"2026-03-03T02:30:36.865770Z","activity_id":"","process_id":1404,"thread_id":0,"sid":"","channel":"Application","computer":"runnervmkjq7x","message_file":"C:\\Windows\\system32\\sppsvc.exe","parameter_file":"","registry_file":"C:\\Windows\\System32\\config\\SOFTWARE","registry_path":"ROOT\\Microsoft\\Windows\\CurrentVersion\\WINEVT\\Publishers\\{e23b33b0-c8c9-472c-a5f9-f2bdfea0f156}","rendering_info":null,"evidence":"C:\\Windows\\System32\\winevt\\Logs\\Application.evtx","collection_metadata":{"endpoint_id":"6c51b123-1522-4572-9f2a-0bd5abd81b82","uuid":"311e84a0-dd73-496a-bea2-6eb3c2cee067","id":1,"artifact_name":"eventlogs","complete_time":"2026-03-06T05:52:02.000Z","start_time":"2026-03-06T05:52:02.000Z","hostname":"runnervmkjq7x","os_version":"11 (26100)","platform":"Windows","kernel_version":"26100","load_performance":{"avg_one_min":0.0,"avg_five_min":0.0,"avg_fifteen_min":0.0},"version":"0.19.0","rust_version":"1.94.0","build_date":"2026-03-06","interfaces":[{"ip":"10.1.0.194","mac":"60:45:bd:08:03:fc","name":"Ethernet 3"},{"ip":"fe80::8d8c:fee5:ef81:939b","mac":"60:45:bd:08:03:fc","name":"Ethernet 3"},{"ip":"fe80::636f:ee22:53ad:7d98","mac":"00:15:5d:02:b5:d2","name":"vEthernet (nat)"},{"ip":"192.168.208.1","mac":"00:15:5d:02:b5:d2","name":"vEthernet (nat)"}]}}
{"message":"MSDTC started with the following settings:\n\n Security Configuration (OFF = 0 and ON = 1):\n Allow Remote Administrator = 0,\n Network Clients = 0,\n Transaction Manager Communication: \n Allow Inbound Transactions = 0,\n Allow Outbound Transactions = 0,\n Transaction Internet Protocol (TIP) = 0,\n  Enable XA Transactions = 0,\n  Enable SNA LU 6.2 Transactions = 1,\n  MSDTC Communications Security = Mutual Authentication Required,\n Account = NT AUTHORITY\\NetworkService,\n  Firewall Exclusion Detected = 0\n\n Transaction Bridge Installed = 0\n Filtering Duplicate Events = 1\n%0\r\n","template_message":"MSDTC started with the following settings:%r%r Security Configuration (OFF = 0 and ON = 1):%r Allow Remote Administrator = %1,%r Network Clients = %2,%r Transaction Manager Communication: %r Allow Inbound Transactions = %3,%r Allow Outbound Transactions = %4,%r Transaction Internet Protocol (TIP) = %5,%r  Enable XA Transactions = %6,%r  Enable SNA LU 6.2 Transactions = %12,%r  MSDTC Communications Security = %8,%r Account = %9,%r  Firewall Exclusion Detected = %10%r%r Transaction Bridge Installed = %11%r Filtering Duplicate Events = %7%r%0\r\n","raw_event_data":{"param1":"0","param2":"0","param3":"0","param4":"0","param5":"0","param6":"0","param7":"1","param8":"Mutual Authentication Required","param9":"NT AUTHORITY\\NetworkService","param10":"0","param11":"0","param12":"1"},"event_id":4202,"qualifier":16384,"version":0,"guid":"5d9e0020-3761-4f36-90c8-38ce6511bd12","provider":"Microsoft-Windows-MSDTC 2","source_name":"MSDTC 2","record_id":3863,"task":2,"level":"Information","opcode":0,"keywords":"0x80000000000000","generated":"2026-03-03T02:31:34.3519188Z","system_time":"2026-03-03T02:31:34.351918Z","activity_id":"","process_id":2996,"thread_id":0,"sid":"","channel":"Application","computer":"runnervmkjq7x","message_file":"C:\\Windows\\system32\\msdtcVSp1res.dll","parameter_file":"","registry_file":"C:\\Windows\\System32\\config\\SOFTWARE","registry_path":"ROOT\\Microsoft\\Windows\\CurrentVersion\\WINEVT\\Publishers\\{5d9e0020-3761-4f36-90c8-38ce6511bd12}","rendering_info":null,"evidence":"C:\\Windows\\System32\\winevt\\Logs\\Application.evtx","collection_metadata":{"endpoint_id":"6c51b123-1522-4572-9f2a-0bd5abd81b82","uuid":"311e84a0-dd73-496a-bea2-6eb3c2cee067","id":1,"artifact_name":"eventlogs","complete_time":"2026-03-06T05:52:02.000Z","start_time":"2026-03-06T05:52:02.000Z","hostname":"runnervmkjq7x","os_version":"11 (26100)","platform":"Windows","kernel_version":"26100","load_performance":{"avg_one_min":0.0,"avg_five_min":0.0,"avg_fifteen_min":0.0},"version":"0.19.0","rust_version":"1.94.0","build_date":"2026-03-06","interfaces":[{"ip":"10.1.0.194","mac":"60:45:bd:08:03:fc","name":"Ethernet 3"},{"ip":"fe80::8d8c:fee5:ef81:939b","mac":"60:45:bd:08:03:fc","name":"Ethernet 3"},{"ip":"fe80::636f:ee22:53ad:7d98","mac":"00:15:5d:02:b5:d2","name":"vEthernet (nat)"},{"ip":"192.168.208.1","mac":"00:15:5d:02:b5:d2","name":"vEthernet (nat)"}]}}
{"message":"The Software Protection service is starting.\nParameters:<explicit>\r\n","template_message":"The Software Protection service is starting.%nParameters:%1\r\n","raw_event_data":{"Data":{"#text":"<explicit>"},"Binary":null},"event_id":900,"qualifier":16384,"version":0,"guid":"e23b33b0-c8c9-472c-a5f9-f2bdfea0f156","provider":"Microsoft-Windows-Security-SPP","source_name":"Software Protection Platform Service","record_id":3864,"task":0,"level":"Information","opcode":0,"keywords":"0x80000000000000","generated":"2026-03-03T02:31:34.4409471Z","system_time":"2026-03-03T02:31:34.440947Z","activity_id":"","process_id":4404,"thread_id":0,"sid":"","channel":"Application","computer":"runnervmkjq7x","message_file":"C:\\Windows\\system32\\sppsvc.exe","parameter_file":"","registry_file":"C:\\Windows\\System32\\config\\SOFTWARE","registry_path":"ROOT\\Microsoft\\Windows\\CurrentVersion\\WINEVT\\Publishers\\{e23b33b0-c8c9-472c-a5f9-f2bdfea0f156}","rendering_info":null,"evidence":"C:\\Windows\\System32\\winevt\\Logs\\Application.evtx","collection_metadata":{"endpoint_id":"6c51b123-1522-4572-9f2a-0bd5abd81b82","uuid":"311e84a0-dd73-496a-bea2-6eb3c2cee067","id":1,"artifact_name":"eventlogs","complete_time":"2026-03-06T05:52:02.000Z","start_time":"2026-03-06T05:52:02.000Z","hostname":"runnervmkjq7x","os_version":"11 (26100)","platform":"Windows","kernel_version":"26100","load_performance":{"avg_one_min":0.0,"avg_five_min":0.0,"avg_fifteen_min":0.0},"version":"0.19.0","rust_version":"1.94.0","build_date":"2026-03-06","interfaces":[{"ip":"10.1.0.194","mac":"60:45:bd:08:03:fc","name":"Ethernet 3"},{"ip":"fe80::8d8c:fee5:ef81:939b","mac":"60:45:bd:08:03:fc","name":"Ethernet 3"},{"ip":"fe80::636f:ee22:53ad:7d98","mac":"00:15:5d:02:b5:d2","name":"vEthernet (nat)"},{"ip":"192.168.208.1","mac":"00:15:5d:02:b5:d2","name":"vEthernet (nat)"}]}}
{"message":"Offline downlevel migration succeeded.\r\n","template_message":"Offline downlevel migration succeeded.\r\n","raw_event_data":{"Data":{"#text":""},"Binary":null},"event_id":16394,"qualifier":49152,"version":0,"guid":"e23b33b0-c8c9-472c-a5f9-f2bdfea0f156","provider":"Microsoft-Windows-Security-SPP","source_name":"Software Protection Platform Service","record_id":3865,"task":0,"level":"Information","opcode":0,"keywords":"0x80000000000000","generated":"2026-03-03T02:31:34.5229855Z","system_time":"2026-03-03T02:31:34.522985Z","activity_id":"","process_id":4404,"thread_id":0,"sid":"","channel":"Application","computer":"runnervmkjq7x","message_file":"C:\\Windows\\system32\\sppsvc.exe","parameter_file":"","registry_file":"C:\\Windows\\System32\\config\\SOFTWARE","registry_path":"ROOT\\Microsoft\\Windows\\CurrentVersion\\WINEVT\\Publishers\\{e23b33b0-c8c9-472c-a5f9-f2bdfea0f156}","rendering_info":null,"evidence":"C:\\Windows\\System32\\winevt\\Logs\\Application.evtx","collection_metadata":{"endpoint_id":"6c51b123-1522-4572-9f2a-0bd5abd81b82","uuid":"311e84a0-dd73-496a-bea2-6eb3c2cee067","id":1,"artifact_name":"eventlogs","complete_time":"2026-03-06T05:52:02.000Z","start_time":"2026-03-06T05:52:02.000Z","hostname":"runnervmkjq7x","os_version":"11 (26100)","platform":"Windows","kernel_version":"26100","load_performance":{"avg_one_min":0.0,"avg_five_min":0.0,"avg_fifteen_min":0.0},"version":"0.19.0","rust_version":"1.94.0","build_date":"2026-03-06","interfaces":[{"ip":"10.1.0.194","mac":"60:45:bd:08:03:fc","name":"Ethernet 3"},{"ip":"fe80::8d8c:fee5:ef81:939b","mac":"60:45:bd:08:03:fc","name":"Ethernet 3"},{"ip":"fe80::636f:ee22:53ad:7d98","mac":"00:15:5d:02:b5:d2","name":"vEthernet (nat)"},{"ip":"192.168.208.1","mac":"00:15:5d:02:b5:d2","name":"vEthernet (nat)"}]}}
{"message":"Downlevel Genuine Ticket successfully deposited.\r\n","template_message":"Downlevel Genuine Ticket successfully deposited.\r\n","raw_event_data":{"Data":{"#text":"0xC004D30B"},"Binary":null},"event_id":16389,"qualifier":16384,"version":0,"guid":"e23b33b0-c8c9-472c-a5f9-f2bdfea0f156","provider":"Microsoft-Windows-Security-SPP","source_name":"Software Protection Platform Service","record_id":3866,"task":0,"level":"Information","opcode":0,"keywords":"0x80000000000000","generated":"2026-03-03T02:31:34.5853962Z","system_time":"2026-03-03T02:31:34.585396Z","activity_id":"","process_id":4404,"thread_id":0,"sid":"","channel":"Application","computer":"runnervmkjq7x","message_file":"C:\\Windows\\system32\\sppsvc.exe","parameter_file":"","registry_file":"C:\\Windows\\System32\\config\\SOFTWARE","registry_path":"ROOT\\Microsoft\\Windows\\CurrentVersion\\WINEVT\\Publishers\\{e23b33b0-c8c9-472c-a5f9-f2bdfea0f156}","rendering_info":null,"evidence":"C:\\Windows\\System32\\winevt\\Logs\\Application.evtx","collection_metadata":{"endpoint_id":"6c51b123-1522-4572-9f2a-0bd5abd81b82","uuid":"311e84a0-dd73-496a-bea2-6eb3c2cee067","id":1,"artifact_name":"eventlogs","complete_time":"2026-03-06T05:52:02.000Z","start_time":"2026-03-06T05:52:02.000Z","hostname":"runnervmkjq7x","os_version":"11 (26100)","platform":"Windows","kernel_version":"26100","load_performance":{"avg_one_min":0.0,"avg_five_min":0.0,"avg_fifteen_min":0.0},"version":"0.19.0","rust_version":"1.94.0","build_date":"2026-03-06","interfaces":[{"ip":"10.1.0.194","mac":"60:45:bd:08:03:fc","name":"Ethernet 3"},{"ip":"fe80::8d8c:fee5:ef81:939b","mac":"60:45:bd:08:03:fc","name":"Ethernet 3"},{"ip":"fe80::636f:ee22:53ad:7d98","mac":"00:15:5d:02:b5:d2","name":"vEthernet (nat)"},{"ip":"192.168.208.1","mac":"00:15:5d:02:b5:d2","name":"vEthernet (nat)"}]}}
{"message":"Successfully scheduled Software Protection service for re-start at 2026-03-09T21:21:04Z. Reason: RulesEngine.\r\n","template_message":"Successfully scheduled Software Protection service for re-start at %1. Reason: %2.\r\n","raw_event_data":{"Data":{"#text":["2026-03-09T21:21:04Z","RulesEngine"]},"Binary":null},"event_id":16384,"qualifier":16384,"version":0,"guid":"e23b33b0-c8c9-472c-a5f9-f2bdfea0f156","provider":"Microsoft-Windows-Security-SPP","source_name":"Software Protection Platform Service","record_id":3867,"task":0,"level":"Information","opcode":0,"keywords":"0x80000000000000","generated":"2026-03-03T02:32:04.6151852Z","system_time":"2026-03-03T02:32:04.615185Z","activity_id":"","process_id":4404,"thread_id":0,"sid":"","channel":"Application","computer":"runnervmkjq7x","message_file":"C:\\Windows\\system32\\sppsvc.exe","parameter_file":"","registry_file":"C:\\Windows\\System32\\config\\SOFTWARE","registry_path":"ROOT\\Microsoft\\Windows\\CurrentVersion\\WINEVT\\Publishers\\{e23b33b0-c8c9-472c-a5f9-f2bdfea0f156}","rendering_info":null,"evidence":"C:\\Windows\\System32\\winevt\\Logs\\Application.evtx","collection_metadata":{"endpoint_id":"6c51b123-1522-4572-9f2a-0bd5abd81b82","uuid":"311e84a0-dd73-496a-bea2-6eb3c2cee067","id":1,"artifact_name":"eventlogs","complete_time":"2026-03-06T05:52:02.000Z","start_time":"2026-03-06T05:52:02.000Z","hostname":"runnervmkjq7x","os_version":"11 (26100)","platform":"Windows","kernel_version":"26100","load_performance":{"avg_one_min":0.0,"avg_five_min":0.0,"avg_fifteen_min":0.0},"version":"0.19.0","rust_version":"1.94.0","build_date":"2026-03-06","interfaces":[{"ip":"10.1.0.194","mac":"60:45:bd:08:03:fc","name":"Ethernet 3"},{"ip":"fe80::8d8c:fee5:ef81:939b","mac":"60:45:bd:08:03:fc","name":"Ethernet 3"},{"ip":"fe80::636f:ee22:53ad:7d98","mac":"00:15:5d:02:b5:d2","name":"vEthernet (nat)"},{"ip":"192.168.208.1","mac":"00:15:5d:02:b5:d2","name":"vEthernet (nat)"}]}}
{"message":"Offline downlevel migration succeeded.\r\n","template_message":"Offline downlevel migration succeeded.\r\n","raw_event_data":{"Data":{"#text":""},"Binary":null},"event_id":16394,"qualifier":49152,"version":0,"guid":"e23b33b0-c8c9-472c-a5f9-f2bdfea0f156","provider":"Microsoft-Windows-Security-SPP","source_name":"Software Protection Platform Service","record_id":3868,"task":0,"level":"Information","opcode":0,"keywords":"0x80000000000000","generated":"2026-03-03T02:34:03.8804886Z","system_time":"2026-03-03T02:34:03.880488Z","activity_id":"","process_id":2624,"thread_id":0,"sid":"","channel":"Application","computer":"runnervmkjq7x","message_file":"C:\\Windows\\system32\\sppsvc.exe","parameter_file":"","registry_file":"C:\\Windows\\System32\\config\\SOFTWARE","registry_path":"ROOT\\Microsoft\\Windows\\CurrentVersion\\WINEVT\\Publishers\\{e23b33b0-c8c9-472c-a5f9-f2bdfea0f156}","rendering_info":null,"evidence":"C:\\Windows\\System32\\winevt\\Logs\\Application.evtx","collection_metadata":{"endpoint_id":"6c51b123-1522-4572-9f2a-0bd5abd81b82","uuid":"311e84a0-dd73-496a-bea2-6eb3c2cee067","id":1,"artifact_name":"eventlogs","complete_time":"2026-03-06T05:52:02.000Z","start_time":"2026-03-06T05:52:02.000Z","hostname":"runnervmkjq7x","os_version":"11 (26100)","platform":"Windows","kernel_version":"26100","load_performance":{"avg_one_min":0.0,"avg_five_min":0.0,"avg_fifteen_min":0.0},"version":"0.19.0","rust_version":"1.94.0","build_date":"2026-03-06","interfaces":[{"ip":"10.1.0.194","mac":"60:45:bd:08:03:fc","name":"Ethernet 3"},{"ip":"fe80::8d8c:fee5:ef81:939b","mac":"60:45:bd:08:03:fc","name":"Ethernet 3"},{"ip":"fe80::636f:ee22:53ad:7d98","mac":"00:15:5d:02:b5:d2","name":"vEthernet (nat)"},{"ip":"192.168.208.1","mac":"00:15:5d:02:b5:d2","name":"vEthernet (nat)"}]}}
{"message":"Downlevel Genuine Ticket successfully deposited.\r\n","template_message":"Downlevel Genuine Ticket successfully deposited.\r\n","raw_event_data":{"Data":{"#text":"0xC004D30B"},"Binary":null},"event_id":16389,"qualifier":16384,"version":0,"guid":"e23b33b0-c8c9-472c-a5f9-f2bdfea0f156","provider":"Microsoft-Windows-Security-SPP","source_name":"Software Protection Platform Service","record_id":3869,"task":0,"level":"Information","opcode":0,"keywords":"0x80000000000000","generated":"2026-03-03T02:34:03.9147219Z","system_time":"2026-03-03T02:34:03.914721Z","activity_id":"","process_id":2624,"thread_id":0,"sid":"","channel":"Application","computer":"runnervmkjq7x","message_file":"C:\\Windows\\system32\\sppsvc.exe","parameter_file":"","registry_file":"C:\\Windows\\System32\\config\\SOFTWARE","registry_path":"ROOT\\Microsoft\\Windows\\CurrentVersion\\WINEVT\\Publishers\\{e23b33b0-c8c9-472c-a5f9-f2bdfea0f156}","rendering_info":null,"evidence":"C:\\Windows\\System32\\winevt\\Logs\\Application.evtx","collection_metadata":{"endpoint_id":"6c51b123-1522-4572-9f2a-0bd5abd81b82","uuid":"311e84a0-dd73-496a-bea2-6eb3c2cee067","id":1,"artifact_name":"eventlogs","complete_time":"2026-03-06T05:52:02.000Z","start_time":"2026-03-06T05:52:02.000Z","hostname":"runnervmkjq7x","os_version":"11 (26100)","platform":"Windows","kernel_version":"26100","load_performance":{"avg_one_min":0.0,"avg_five_min":0.0,"avg_fifteen_min":0.0},"version":"0.19.0","rust_version":"1.94.0","build_date":"2026-03-06","interfaces":[{"ip":"10.1.0.194","mac":"60:45:bd:08:03:fc","name":"Ethernet 3"},{"ip":"fe80::8d8c:fee5:ef81:939b","mac":"60:45:bd:08:03:fc","name":"Ethernet 3"},{"ip":"fe80::636f:ee22:53ad:7d98","mac":"00:15:5d:02:b5:d2","name":"vEthernet (nat)"},{"ip":"192.168.208.1","mac":"00:15:5d:02:b5:d2","name":"vEthernet (nat)"}]}}
{"message":"Successfully scheduled Software Protection service for re-start at 2026-03-09T21:20:54Z. Reason: RulesEngine.\r\n","template_message":"Successfully scheduled Software Protection service for re-start at %1. Reason: %2.\r\n","raw_event_data":{"Data":{"#text":["2026-03-09T21:20:54Z","RulesEngine"]},"Binary":null},"event_id":16384,"qualifier":16384,"version":0,"guid":"e23b33b0-c8c9-472c-a5f9-f2bdfea0f156","provider":"Microsoft-Windows-Security-SPP","source_name":"Software Protection Platform Service","record_id":3870,"task":0,"level":"Information","opcode":0,"keywords":"0x80000000000000","generated":"2026-03-03T02:34:54.4855487Z","system_time":"2026-03-03T02:34:54.485548Z","activity_id":"","process_id":2624,"thread_id":0,"sid":"","channel":"Application","computer":"runnervmkjq7x","message_file":"C:\\Windows\\system32\\sppsvc.exe","parameter_file":"","registry_file":"C:\\Windows\\System32\\config\\SOFTWARE","registry_path":"ROOT\\Microsoft\\Windows\\CurrentVersion\\WINEVT\\Publishers\\{e23b33b0-c8c9-472c-a5f9-f2bdfea0f156}","rendering_info":null,"evidence":"C:\\Windows\\System32\\winevt\\Logs\\Application.evtx","collection_metadata":{"endpoint_id":"6c51b123-1522-4572-9f2a-0bd5abd81b82","uuid":"311e84a0-dd73-496a-bea2-6eb3c2cee067","id":1,"artifact_name":"eventlogs","complete_time":"2026-03-06T05:52:02.000Z","start_time":"2026-03-06T05:52:02.000Z","hostname":"runnervmkjq7x","os_version":"11 (26100)","platform":"Windows","kernel_version":"26100","load_performance":{"avg_one_min":0.0,"avg_five_min":0.0,"avg_fifteen_min":0.0},"version":"0.19.0","rust_version":"1.94.0","build_date":"2026-03-06","interfaces":[{"ip":"10.1.0.194","mac":"60:45:bd:08:03:fc","name":"Ethernet 3"},{"ip":"fe80::8d8c:fee5:ef81:939b","mac":"60:45:bd:08:03:fc","name":"Ethernet 3"},{"ip":"fe80::636f:ee22:53ad:7d98","mac":"00:15:5d:02:b5:d2","name":"vEthernet (nat)"},{"ip":"192.168.208.1","mac":"00:15:5d:02:b5:d2","name":"vEthernet (nat)"}]}}
{"message":"Performance counters for the WmiApRpl (WmiApRpl) service were removed successfully. The Record Data contains the new values of the system Last Counter and Last Help registry entries.\r\n","template_message":"Performance counters for the %1!s! (%2!s!) service were removed successfully. The Record Data contains the new values of the system Last Counter and Last Help registry entries.\r\n","raw_event_data":{"EventXML":{"#attributes":{"xmlns":"LoadPerf"},"param1":"WmiApRpl","param2":"WmiApRpl","binaryDataSize":8,"binaryData":"62530000C4020000"}},"event_id":1001,"qualifier":0,"version":0,"guid":"122ee297-bb47-41ae-b265-1ca8d1886d40","provider":"Microsoft-Windows-LoadPerf","source_name":"","record_id":3871,"task":0,"level":"Information","opcode":0,"keywords":"0x8000000000000000","generated":"2026-03-03T02:35:23.0578946Z","system_time":"2026-03-03T02:35:23.057894Z","activity_id":"","process_id":6152,"thread_id":4296,"sid":"S-1-5-18","channel":"Application","computer":"runnervmkjq7x","message_file":"C:\\Windows\\system32\\loadperf.dll","parameter_file":"","registry_file":"C:\\Windows\\System32\\config\\SOFTWARE","registry_path":"ROOT\\Microsoft\\Windows\\CurrentVersion\\WINEVT\\Publishers\\{122ee297-bb47-41ae-b265-1ca8d1886d40}","rendering_info":null,"evidence":"C:\\Windows\\System32\\winevt\\Logs\\Application.evtx","collection_metadata":{"endpoint_id":"6c51b123-1522-4572-9f2a-0bd5abd81b82","uuid":"311e84a0-dd73-496a-bea2-6eb3c2cee067","id":1,"artifact_name":"eventlogs","complete_time":"2026-03-06T05:52:02.000Z","start_time":"2026-03-06T05:52:02.000Z","hostname":"runnervmkjq7x","os_version":"11 (26100)","platform":"Windows","kernel_version":"26100","load_performance":{"avg_one_min":0.0,"avg_five_min":0.0,"avg_fifteen_min":0.0},"version":"0.19.0","rust_version":"1.94.0","build_date":"2026-03-06","interfaces":[{"ip":"10.1.0.194","mac":"60:45:bd:08:03:fc","name":"Ethernet 3"},{"ip":"fe80::8d8c:fee5:ef81:939b","mac":"60:45:bd:08:03:fc","name":"Ethernet 3"},{"ip":"fe80::636f:ee22:53ad:7d98","mac":"00:15:5d:02:b5:d2","name":"vEthernet (nat)"},{"ip":"192.168.208.1","mac":"00:15:5d:02:b5:d2","name":"vEthernet (nat)"}]}}
{"message":"Performance counters for the WmiApRpl (WmiApRpl) service were loaded successfully. The Record Data in the data section contains the new index values assigned to this service.\r\n","template_message":"Performance counters for the %1!s! (%2!s!) service were loaded successfully. The Record Data in the data section contains the new index values assigned to this service.\r\n","raw_event_data":{"EventXML":{"#attributes":{"xmlns":"LoadPerf"},"param1":"WmiApRpl","param2":"WmiApRpl","binaryDataSize":8,"binaryData":"645300000A540000"}},"event_id":1000,"qualifier":0,"version":0,"guid":"122ee297-bb47-41ae-b265-1ca8d1886d40","provider":"Microsoft-Windows-LoadPerf","source_name":"","record_id":3872,"task":0,"level":"Information","opcode":0,"keywords":"0x8000000000000000","generated":"2026-03-03T02:35:23.1519845Z","system_time":"2026-03-03T02:35:23.151984Z","activity_id":"","process_id":6152,"thread_id":4296,"sid":"S-1-5-18","channel":"Application","computer":"runnervmkjq7x","message_file":"C:\\Windows\\system32\\loadperf.dll","parameter_file":"","registry_file":"C:\\Windows\\System32\\config\\SOFTWARE","registry_path":"ROOT\\Microsoft\\Windows\\CurrentVersion\\WINEVT\\Publishers\\{122ee297-bb47-41ae-b265-1ca8d1886d40}","rendering_info":null,"evidence":"C:\\Windows\\System32\\winevt\\Logs\\Application.evtx","collection_metadata":{"endpoint_id":"6c51b123-1522-4572-9f2a-0bd5abd81b82","uuid":"311e84a0-dd73-496a-bea2-6eb3c2cee067","id":1,"artifact_name":"eventlogs","complete_time":"2026-03-06T05:52:02.000Z","start_time":"2026-03-06T05:52:02.000Z","hostname":"runnervmkjq7x","os_version":"11 (26100)","platform":"Windows","kernel_version":"26100","load_performance":{"avg_one_min":0.0,"avg_five_min":0.0,"avg_fifteen_min":0.0},"version":"0.19.0","rust_version":"1.94.0","build_date":"2026-03-06","interfaces":[{"ip":"10.1.0.194","mac":"60:45:bd:08:03:fc","name":"Ethernet 3"},{"ip":"fe80::8d8c:fee5:ef81:939b","mac":"60:45:bd:08:03:fc","name":"Ethernet 3"},{"ip":"fe80::636f:ee22:53ad:7d98","mac":"00:15:5d:02:b5:d2","name":"vEthernet (nat)"},{"ip":"192.168.208.1","mac":"00:15:5d:02:b5:d2","name":"vEthernet (nat)"}]}}
{"message":"Offline downlevel migration succeeded.\r\n","template_message":"Offline downlevel migration succeeded.\r\n","raw_event_data":{"Data":{"#text":""},"Binary":null},"event_id":16394,"qualifier":49152,"version":0,"guid":"e23b33b0-c8c9-472c-a5f9-f2bdfea0f156","provider":"Microsoft-Windows-Security-SPP","source_name":"Software Protection Platform Service","record_id":3873,"task":0,"level":"Information","opcode":0,"keywords":"0x80000000000000","generated":"2026-03-03T02:41:39.0028401Z","system_time":"2026-03-03T02:41:39.002840Z","activity_id":"","process_id":6784,"thread_id":0,"sid":"","channel":"Application","computer":"runnervmkjq7x","message_file":"C:\\Windows\\system32\\sppsvc.exe","parameter_file":"","registry_file":"C:\\Windows\\System32\\config\\SOFTWARE","registry_path":"ROOT\\Microsoft\\Windows\\CurrentVersion\\WINEVT\\Publishers\\{e23b33b0-c8c9-472c-a5f9-f2bdfea0f156}","rendering_info":null,"evidence":"C:\\Windows\\System32\\winevt\\Logs\\Application.evtx","collection_metadata":{"endpoint_id":"6c51b123-1522-4572-9f2a-0bd5abd81b82","uuid":"311e84a0-dd73-496a-bea2-6eb3c2cee067","id":1,"artifact_name":"eventlogs","complete_time":"2026-03-06T05:52:02.000Z","start_time":"2026-03-06T05:52:02.000Z","hostname":"runnervmkjq7x","os_version":"11 (26100)","platform":"Windows","kernel_version":"26100","load_performance":{"avg_one_min":0.0,"avg_five_min":0.0,"avg_fifteen_min":0.0},"version":"0.19.0","rust_version":"1.94.0","build_date":"2026-03-06","interfaces":[{"ip":"10.1.0.194","mac":"60:45:bd:08:03:fc","name":"Ethernet 3"},{"ip":"fe80::8d8c:fee5:ef81:939b","mac":"60:45:bd:08:03:fc","name":"Ethernet 3"},{"ip":"fe80::636f:ee22:53ad:7d98","mac":"00:15:5d:02:b5:d2","name":"vEthernet (nat)"},{"ip":"192.168.208.1","mac":"00:15:5d:02:b5:d2","name":"vEthernet (nat)"}]}}
{"message":"Downlevel Genuine Ticket successfully deposited.\r\n","template_message":"Downlevel Genuine Ticket successfully deposited.\r\n","raw_event_data":{"Data":{"#text":"0xC004D30B"},"Binary":null},"event_id":16389,"qualifier":16384,"version":0,"guid":"e23b33b0-c8c9-472c-a5f9-f2bdfea0f156","provider":"Microsoft-Windows-Security-SPP","source_name":"Software Protection Platform Service","record_id":3874,"task":0,"level":"Information","opcode":0,"keywords":"0x80000000000000","generated":"2026-03-03T02:41:39.0371975Z","system_time":"2026-03-03T02:41:39.037197Z","activity_id":"","process_id":6784,"thread_id":0,"sid":"","channel":"Application","computer":"runnervmkjq7x","message_file":"C:\\Windows\\system32\\sppsvc.exe","parameter_file":"","registry_file":"C:\\Windows\\System32\\config\\SOFTWARE","registry_path":"ROOT\\Microsoft\\Windows\\CurrentVersion\\WINEVT\\Publishers\\{e23b33b0-c8c9-472c-a5f9-f2bdfea0f156}","rendering_info":null,"evidence":"C:\\Windows\\System32\\winevt\\Logs\\Application.evtx","collection_metadata":{"endpoint_id":"6c51b123-1522-4572-9f2a-0bd5abd81b82","uuid":"311e84a0-dd73-496a-bea2-6eb3c2cee067","id":1,"artifact_name":"eventlogs","complete_time":"2026-03-06T05:52:02.000Z","start_time":"2026-03-06T05:52:02.000Z","hostname":"runnervmkjq7x","os_version":"11 (26100)","platform":"Windows","kernel_version":"26100","load_performance":{"avg_one_min":0.0,"avg_five_min":0.0,"avg_fifteen_min":0.0},"version":"0.19.0","rust_version":"1.94.0","build_date":"2026-03-06","interfaces":[{"ip":"10.1.0.194","mac":"60:45:bd:08:03:fc","name":"Ethernet 3"},{"ip":"fe80::8d8c:fee5:ef81:939b","mac":"60:45:bd:08:03:fc","name":"Ethernet 3"},{"ip":"fe80::636f:ee22:53ad:7d98","mac":"00:15:5d:02:b5:d2","name":"vEthernet (nat)"},{"ip":"192.168.208.1","mac":"00:15:5d:02:b5:d2","name":"vEthernet (nat)"}]}}
{"message":"Successfully scheduled Software Protection service for re-start at 2026-03-09T21:21:09Z. Reason: RulesEngine.\r\n","template_message":"Successfully scheduled Software Protection service for re-start at %1. Reason: %2.\r\n","raw_event_data":{"Data":{"#text":["2026-03-09T21:21:09Z","RulesEngine"]},"Binary":null},"event_id":16384,"qualifier":16384,"version":0,"guid":"e23b33b0-c8c9-472c-a5f9-f2bdfea0f156","provider":"Microsoft-Windows-Security-SPP","source_name":"Software Protection Platform Service","record_id":3875,"task":0,"level":"Information","opcode":0,"keywords":"0x80000000000000","generated":"2026-03-03T02:42:09.1606393Z","system_time":"2026-03-03T02:42:09.160639Z","activity_id":"","process_id":6784,"thread_id":0,"sid":"","channel":"Application","computer":"runnervmkjq7x","message_file":"C:\\Windows\\system32\\sppsvc.exe","parameter_file":"","registry_file":"C:\\Windows\\System32\\config\\SOFTWARE","registry_path":"ROOT\\Microsoft\\Windows\\CurrentVersion\\WINEVT\\Publishers\\{e23b33b0-c8c9-472c-a5f9-f2bdfea0f156}","rendering_info":null,"evidence":"C:\\Windows\\System32\\winevt\\Logs\\Application.evtx","collection_metadata":{"endpoint_id":"6c51b123-1522-4572-9f2a-0bd5abd81b82","uuid":"311e84a0-dd73-496a-bea2-6eb3c2cee067","id":1,"artifact_name":"eventlogs","complete_time":"2026-03-06T05:52:02.000Z","start_time":"2026-03-06T05:52:02.000Z","hostname":"runnervmkjq7x","os_version":"11 (26100)","platform":"Windows","kernel_version":"26100","load_performance":{"avg_one_min":0.0,"avg_five_min":0.0,"avg_fifteen_min":0.0},"version":"0.19.0","rust_version":"1.94.0","build_date":"2026-03-06","interfaces":[{"ip":"10.1.0.194","mac":"60:45:bd:08:03:fc","name":"Ethernet 3"},{"ip":"fe80::8d8c:fee5:ef81:939b","mac":"60:45:bd:08:03:fc","name":"Ethernet 3"},{"ip":"fe80::636f:ee22:53ad:7d98","mac":"00:15:5d:02:b5:d2","name":"vEthernet (nat)"},{"ip":"192.168.208.1","mac":"00:15:5d:02:b5:d2","name":"vEthernet (nat)"}]}}
{"message":"Processing signal 'terminated'\n","template_message":"%1\n","raw_event_data":{"Data":{"#text":"Processing signal 'terminated'"},"Binary":null},"event_id":1,"qualifier":0,"version":0,"guid":"","provider":"docker","source_name":"","record_id":3876,"task":0,"level":"Information","opcode":0,"keywords":"0x80000000000000","generated":"2026-03-03T02:47:59.3473747Z","system_time":"2026-03-03T02:47:59.347374Z","activity_id":"","process_id":4816,"thread_id":0,"sid":"","channel":"Application","computer":"runnervmkjq7x","message_file":"C:\\Windows\\system32\\dockerd.exe","parameter_file":"","registry_file":"C:\\Windows\\System32\\config\\SYSTEM","registry_path":"ROOT\\ControlSet002\\Services\\EventLog\\Application\\docker","rendering_info":null,"evidence":"C:\\Windows\\System32\\winevt\\Logs\\Application.evtx","collection_metadata":{"endpoint_id":"6c51b123-1522-4572-9f2a-0bd5abd81b82","uuid":"311e84a0-dd73-496a-bea2-6eb3c2cee067","id":1,"artifact_name":"eventlogs","complete_time":"2026-03-06T05:52:02.000Z","start_time":"2026-03-06T05:52:02.000Z","hostname":"runnervmkjq7x","os_version":"11 (26100)","platform":"Windows","kernel_version":"26100","load_performance":{"avg_one_min":0.0,"avg_five_min":0.0,"avg_fifteen_min":0.0},"version":"0.19.0","rust_version":"1.94.0","build_date":"2026-03-06","interfaces":[{"ip":"10.1.0.194","mac":"60:45:bd:08:03:fc","name":"Ethernet 3"},{"ip":"fe80::8d8c:fee5:ef81:939b","mac":"60:45:bd:08:03:fc","name":"Ethernet 3"},{"ip":"fe80::636f:ee22:53ad:7d98","mac":"00:15:5d:02:b5:d2","name":"vEthernet (nat)"},{"ip":"192.168.208.1","mac":"00:15:5d:02:b5:d2","name":"vEthernet (nat)"}]}}
{"message":"Daemon shutdown complete\n","template_message":"%1\n","raw_event_data":{"Data":{"#text":"Daemon shutdown complete"},"Binary":null},"event_id":1,"qualifier":0,"version":0,"guid":"","provider":"docker","source_name":"","record_id":3877,"task":0,"level":"Information","opcode":0,"keywords":"0x80000000000000","generated":"2026-03-03T02:47:59.3717104Z","system_time":"2026-03-03T02:47:59.371710Z","activity_id":"","process_id":4816,"thread_id":0,"sid":"","channel":"Application","computer":"runnervmkjq7x","message_file":"C:\\Windows\\system32\\dockerd.exe","parameter_file":"","registry_file":"C:\\Windows\\System32\\config\\SYSTEM","registry_path":"ROOT\\ControlSet002\\Services\\EventLog\\Application\\docker","rendering_info":null,"evidence":"C:\\Windows\\System32\\winevt\\Logs\\Application.evtx","collection_metadata":{"endpoint_id":"6c51b123-1522-4572-9f2a-0bd5abd81b82","uuid":"311e84a0-dd73-496a-bea2-6eb3c2cee067","id":1,"artifact_name":"eventlogs","complete_time":"2026-03-06T05:52:02.000Z","start_time":"2026-03-06T05:52:02.000Z","hostname":"runnervmkjq7x","os_version":"11 (26100)","platform":"Windows","kernel_version":"26100","load_performance":{"avg_one_min":0.0,"avg_five_min":0.0,"avg_fifteen_min":0.0},"version":"0.19.0","rust_version":"1.94.0","build_date":"2026-03-06","interfaces":[{"ip":"10.1.0.194","mac":"60:45:bd:08:03:fc","name":"Ethernet 3"},{"ip":"fe80::8d8c:fee5:ef81:939b","mac":"60:45:bd:08:03:fc","name":"Ethernet 3"},{"ip":"fe80::636f:ee22:53ad:7d98","mac":"00:15:5d:02:b5:d2","name":"vEthernet (nat)"},{"ip":"192.168.208.1","mac":"00:15:5d:02:b5:d2","name":"vEthernet (nat)"}]}}
{"message":"<nil>\n","template_message":"%1\n","raw_event_data":{"Data":{"#text":"<nil>"},"Binary":null},"event_id":1,"qualifier":0,"version":0,"guid":"","provider":"docker","source_name":"","record_id":3878,"task":0,"level":"Error","opcode":0,"keywords":"0x80000000000000","generated":"2026-03-03T02:47:59.3720483Z","system_time":"2026-03-03T02:47:59.372048Z","activity_id":"","process_id":4816,"thread_id":0,"sid":"","channel":"Application","computer":"runnervmkjq7x","message_file":"C:\\Windows\\system32\\dockerd.exe","parameter_file":"","registry_file":"C:\\Windows\\System32\\config\\SYSTEM","registry_path":"ROOT\\ControlSet002\\Services\\EventLog\\Application\\docker","rendering_info":null,"evidence":"C:\\Windows\\System32\\winevt\\Logs\\Application.evtx","collection_metadata":{"endpoint_id":"6c51b123-1522-4572-9f2a-0bd5abd81b82","uuid":"311e84a0-dd73-496a-bea2-6eb3c2cee067","id":1,"artifact_name":"eventlogs","complete_time":"2026-03-06T05:52:02.000Z","start_time":"2026-03-06T05:52:02.000Z","hostname":"runnervmkjq7x","os_version":"11 (26100)","platform":"Windows","kernel_version":"26100","load_performance":{"avg_one_min":0.0,"avg_five_min":0.0,"avg_fifteen_min":0.0},"version":"0.19.0","rust_version":"1.94.0","build_date":"2026-03-06","interfaces":[{"ip":"10.1.0.194","mac":"60:45:bd:08:03:fc","name":"Ethernet 3"},{"ip":"fe80::8d8c:fee5:ef81:939b","mac":"60:45:bd:08:03:fc","name":"Ethernet 3"},{"ip":"fe80::636f:ee22:53ad:7d98","mac":"00:15:5d:02:b5:d2","name":"vEthernet (nat)"},{"ip":"192.168.208.1","mac":"00:15:5d:02:b5:d2","name":"vEthernet (nat)"}]}}
{"message":"The MS DTC service is stopping.%0\r\n","template_message":"The MS DTC service is stopping.%0\r\n","raw_event_data":{"Binary":"4D005300440054004300"},"event_id":4111,"qualifier":16384,"version":0,"guid":"719be4ed-e9bc-4dd8-a7cf-c85ce8e4975d","provider":"Microsoft-Windows-MSDTC","source_name":"MSDTC","record_id":3879,"task":1,"level":"Information","opcode":0,"keywords":"0x80000000000000","generated":"2026-03-03T02:47:59.4349262Z","system_time":"2026-03-03T02:47:59.434926Z","activity_id":"","process_id":2996,"thread_id":0,"sid":"","channel":"Application","computer":"runnervmkjq7x","message_file":"C:\\Windows\\system32\\comres.dll","parameter_file":"","registry_file":"C:\\Windows\\System32\\config\\SOFTWARE","registry_path":"ROOT\\Microsoft\\Windows\\CurrentVersion\\WINEVT\\Publishers\\{719be4ed-e9bc-4dd8-a7cf-c85ce8e4975d}","rendering_info":null,"evidence":"C:\\Windows\\System32\\winevt\\Logs\\Application.evtx","collection_metadata":{"endpoint_id":"6c51b123-1522-4572-9f2a-0bd5abd81b82","uuid":"311e84a0-dd73-496a-bea2-6eb3c2cee067","id":1,"artifact_name":"eventlogs","complete_time":"2026-03-06T05:52:02.000Z","start_time":"2026-03-06T05:52:02.000Z","hostname":"runnervmkjq7x","os_version":"11 (26100)","platform":"Windows","kernel_version":"26100","load_performance":{"avg_one_min":0.0,"avg_five_min":0.0,"avg_fifteen_min":0.0},"version":"0.19.0","rust_version":"1.94.0","build_date":"2026-03-06","interfaces":[{"ip":"10.1.0.194","mac":"60:45:bd:08:03:fc","name":"Ethernet 3"},{"ip":"fe80::8d8c:fee5:ef81:939b","mac":"60:45:bd:08:03:fc","name":"Ethernet 3"},{"ip":"fe80::636f:ee22:53ad:7d98","mac":"00:15:5d:02:b5:d2","name":"vEthernet (nat)"},{"ip":"192.168.208.1","mac":"00:15:5d:02:b5:d2","name":"vEthernet (nat)"}]}}
{"message":"The User Profile Service has stopped.  \n\n\r\n","template_message":"The User Profile Service has stopped.  %n%n\r\n","raw_event_data":null,"event_id":1532,"qualifier":0,"version":0,"guid":"89b1e9f0-5aff-44a6-9b44-0a07a7ce5845","provider":"Microsoft-Windows-User Profiles Service","source_name":"","record_id":3880,"task":0,"level":"Information","opcode":0,"keywords":"0x8000000000000000","generated":"2026-03-03T02:47:59.433484Z","system_time":"2026-03-03T02:47:59.433484Z","activity_id":"","process_id":2764,"thread_id":2920,"sid":"S-1-5-18","channel":"Application","computer":"runnervmkjq7x","message_file":"C:\\Windows\\System32\\profsvc.dll","parameter_file":"","registry_file":"C:\\Windows\\System32\\config\\SOFTWARE","registry_path":"ROOT\\Microsoft\\Windows\\CurrentVersion\\WINEVT\\Publishers\\{89b1e9f0-5aff-44a6-9b44-0a07a7ce5845}","rendering_info":null,"evidence":"C:\\Windows\\System32\\winevt\\Logs\\Application.evtx","collection_metadata":{"endpoint_id":"6c51b123-1522-4572-9f2a-0bd5abd81b82","uuid":"311e84a0-dd73-496a-bea2-6eb3c2cee067","id":1,"artifact_name":"eventlogs","complete_time":"2026-03-06T05:52:02.000Z","start_time":"2026-03-06T05:52:02.000Z","hostname":"runnervmkjq7x","os_version":"11 (26100)","platform":"Windows","kernel_version":"26100","load_performance":{"avg_one_min":0.0,"avg_five_min":0.0,"avg_fifteen_min":0.0},"version":"0.19.0","rust_version":"1.94.0","build_date":"2026-03-06","interfaces":[{"ip":"10.1.0.194","mac":"60:45:bd:08:03:fc","name":"Ethernet 3"},{"ip":"fe80::8d8c:fee5:ef81:939b","mac":"60:45:bd:08:03:fc","name":"Ethernet 3"},{"ip":"fe80::636f:ee22:53ad:7d98","mac":"00:15:5d:02:b5:d2","name":"vEthernet (nat)"},{"ip":"192.168.208.1","mac":"00:15:5d:02:b5:d2","name":"vEthernet (nat)"}]}}
{"message":"Windows Management Instrumentation Service started sucessfully\r\n","template_message":"Windows Management Instrumentation Service started sucessfully\r\n","raw_event_data":null,"event_id":5615,"qualifier":0,"version":2,"guid":"1edeee53-0afe-4609-b846-d8c0b2075b1f","provider":"Microsoft-Windows-WMI","source_name":"","record_id":3881,"task":0,"level":"Information","opcode":0,"keywords":"0x8000000000000000","generated":"2026-03-03T02:48:12.7552105Z","system_time":"2026-03-03T02:48:12.755210Z","activity_id":"","process_id":1772,"thread_id":2064,"sid":"S-1-5-18","channel":"Application","computer":"runnervmkjq7x","message_file":"C:\\Windows\\system32\\wbem\\WinMgmtR.dll","parameter_file":"","registry_file":"C:\\Windows\\System32\\config\\SOFTWARE","registry_path":"ROOT\\Microsoft\\Windows\\CurrentVersion\\WINEVT\\Publishers\\{1edeee53-0afe-4609-b846-d8c0b2075b1f}","rendering_info":null,"evidence":"C:\\Windows\\System32\\winevt\\Logs\\Application.evtx","collection_metadata":{"endpoint_id":"6c51b123-1522-4572-9f2a-0bd5abd81b82","uuid":"311e84a0-dd73-496a-bea2-6eb3c2cee067","id":1,"artifact_name":"eventlogs","complete_time":"2026-03-06T05:52:02.000Z","start_time":"2026-03-06T05:52:02.000Z","hostname":"runnervmkjq7x","os_version":"11 (26100)","platform":"Windows","kernel_version":"26100","load_performance":{"avg_one_min":0.0,"avg_five_min":0.0,"avg_fifteen_min":0.0},"version":"0.19.0","rust_version":"1.94.0","build_date":"2026-03-06","interfaces":[{"ip":"10.1.0.194","mac":"60:45:bd:08:03:fc","name":"Ethernet 3"},{"ip":"fe80::8d8c:fee5:ef81:939b","mac":"60:45:bd:08:03:fc","name":"Ethernet 3"},{"ip":"fe80::636f:ee22:53ad:7d98","mac":"00:15:5d:02:b5:d2","name":"vEthernet (nat)"},{"ip":"192.168.208.1","mac":"00:15:5d:02:b5:d2","name":"vEthernet (nat)"}]}}
