{"message":"Initializing buildkit\n","template_message":"%1\n","raw_event_data":{"Data":{"#text":"Initializing buildkit"},"Binary":null},"event_id":1,"qualifier":0,"version":0,"guid":"","provider":"docker","source_name":"","record_id":3933,"task":0,"level":"Information","opcode":0,"keywords":"0x80000000000000","generated":"2026-03-06T05:25:41.8374923Z","system_time":"2026-03-06T05:25:41.837492Z","activity_id":"","process_id":4140,"thread_id":0,"sid":"","channel":"Application","computer":"runnervmkjq7x","message_file":"C:\\Windows\\system32\\dockerd.exe","parameter_file":"","registry_file":"C:\\Windows\\System32\\config\\SYSTEM","registry_path":"ROOT\\ControlSet002\\Services\\EventLog\\Application\\docker","rendering_info":null,"evidence":"C:\\Windows\\System32\\winevt\\Logs\\Application.evtx","collection_metadata":{"endpoint_id":"6c51b123-1522-4572-9f2a-0bd5abd81b82","uuid":"311e84a0-dd73-496a-bea2-6eb3c2cee067","id":1,"artifact_name":"eventlogs","complete_time":"2026-03-06T05:52:02.000Z","start_time":"2026-03-06T05:52:02.000Z","hostname":"runnervmkjq7x","os_version":"11 (26100)","platform":"Windows","kernel_version":"26100","load_performance":{"avg_one_min":0.0,"avg_five_min":0.0,"avg_fifteen_min":0.0},"version":"0.19.0","rust_version":"1.94.0","build_date":"2026-03-06","interfaces":[{"ip":"10.1.0.194","mac":"60:45:bd:08:03:fc","name":"Ethernet 3"},{"ip":"fe80::8d8c:fee5:ef81:939b","mac":"60:45:bd:08:03:fc","name":"Ethernet 3"},{"ip":"fe80::636f:ee22:53ad:7d98","mac":"00:15:5d:02:b5:d2","name":"vEthernet (nat)"},{"ip":"192.168.208.1","mac":"00:15:5d:02:b5:d2","name":"vEthernet (nat)"}]}}
{"message":"Completed buildkit initialization\n","template_message":"%1\n","raw_event_data":{"Data":{"#text":"Completed buildkit initialization"},"Binary":null},"event_id":1,"qualifier":0,"version":0,"guid":"","provider":"docker","source_name":"","record_id":3934,"task":0,"level":"Information","opcode":0,"keywords":"0x80000000000000","generated":"2026-03-06T05:25:41.9909801Z","system_time":"2026-03-06T05:25:41.990980Z","activity_id":"","process_id":4140,"thread_id":0,"sid":"","channel":"Application","computer":"runnervmkjq7x","message_file":"C:\\Windows\\system32\\dockerd.exe","parameter_file":"","registry_file":"C:\\Windows\\System32\\config\\SYSTEM","registry_path":"ROOT\\ControlSet002\\Services\\EventLog\\Application\\docker","rendering_info":null,"evidence":"C:\\Windows\\System32\\winevt\\Logs\\Application.evtx","collection_metadata":{"endpoint_id":"6c51b123-1522-4572-9f2a-0bd5abd81b82","uuid":"311e84a0-dd73-496a-bea2-6eb3c2cee067","id":1,"artifact_name":"eventlogs","complete_time":"2026-03-06T05:52:02.000Z","start_time":"2026-03-06T05:52:02.000Z","hostname":"runnervmkjq7x","os_version":"11 (26100)","platform":"Windows","kernel_version":"26100","load_performance":{"avg_one_min":0.0,"avg_five_min":0.0,"avg_fifteen_min":0.0},"version":"0.19.0","rust_version":"1.94.0","build_date":"2026-03-06","interfaces":[{"ip":"10.1.0.194","mac":"60:45:bd:08:03:fc","name":"Ethernet 3"},{"ip":"fe80::8d8c:fee5:ef81:939b","mac":"60:45:bd:08:03:fc","name":"Ethernet 3"},{"ip":"fe80::636f:ee22:53ad:7d98","mac":"00:15:5d:02:b5:d2","name":"vEthernet (nat)"},{"ip":"192.168.208.1","mac":"00:15:5d:02:b5:d2","name":"vEthernet (nat)"}]}}
{"message":"Daemon has completed initialization\n","template_message":"%1\n","raw_event_data":{"Data":{"#text":"Daemon has completed initialization"},"Binary":null},"event_id":1,"qualifier":0,"version":0,"guid":"","provider":"docker","source_name":"","record_id":3935,"task":0,"level":"Information","opcode":0,"keywords":"0x80000000000000","generated":"2026-03-06T05:25:42.0345703Z","system_time":"2026-03-06T05:25:42.034570Z","activity_id":"","process_id":4140,"thread_id":0,"sid":"","channel":"Application","computer":"runnervmkjq7x","message_file":"C:\\Windows\\system32\\dockerd.exe","parameter_file":"","registry_file":"C:\\Windows\\System32\\config\\SYSTEM","registry_path":"ROOT\\ControlSet002\\Services\\EventLog\\Application\\docker","rendering_info":null,"evidence":"C:\\Windows\\System32\\winevt\\Logs\\Application.evtx","collection_metadata":{"endpoint_id":"6c51b123-1522-4572-9f2a-0bd5abd81b82","uuid":"311e84a0-dd73-496a-bea2-6eb3c2cee067","id":1,"artifact_name":"eventlogs","complete_time":"2026-03-06T05:52:02.000Z","start_time":"2026-03-06T05:52:02.000Z","hostname":"runnervmkjq7x","os_version":"11 (26100)","platform":"Windows","kernel_version":"26100","load_performance":{"avg_one_min":0.0,"avg_five_min":0.0,"avg_fifteen_min":0.0},"version":"0.19.0","rust_version":"1.94.0","build_date":"2026-03-06","interfaces":[{"ip":"10.1.0.194","mac":"60:45:bd:08:03:fc","name":"Ethernet 3"},{"ip":"fe80::8d8c:fee5:ef81:939b","mac":"60:45:bd:08:03:fc","name":"Ethernet 3"},{"ip":"fe80::636f:ee22:53ad:7d98","mac":"00:15:5d:02:b5:d2","name":"vEthernet (nat)"},{"ip":"192.168.208.1","mac":"00:15:5d:02:b5:d2","name":"vEthernet (nat)"}]}}
{"message":"API listen on //./pipe/docker_engine\n","template_message":"%1\n","raw_event_data":{"Data":{"#text":"API listen on //./pipe/docker_engine"},"Binary":null},"event_id":1,"qualifier":0,"version":0,"guid":"","provider":"docker","source_name":"","record_id":3936,"task":0,"level":"Information","opcode":0,"keywords":"0x80000000000000","generated":"2026-03-06T05:25:42.0348245Z","system_time":"2026-03-06T05:25:42.034824Z","activity_id":"","process_id":4140,"thread_id":0,"sid":"","channel":"Application","computer":"runnervmkjq7x","message_file":"C:\\Windows\\system32\\dockerd.exe","parameter_file":"","registry_file":"C:\\Windows\\System32\\config\\SYSTEM","registry_path":"ROOT\\ControlSet002\\Services\\EventLog\\Application\\docker","rendering_info":null,"evidence":"C:\\Windows\\System32\\winevt\\Logs\\Application.evtx","collection_metadata":{"endpoint_id":"6c51b123-1522-4572-9f2a-0bd5abd81b82","uuid":"311e84a0-dd73-496a-bea2-6eb3c2cee067","id":1,"artifact_name":"eventlogs","complete_time":"2026-03-06T05:52:02.000Z","start_time":"2026-03-06T05:52:02.000Z","hostname":"runnervmkjq7x","os_version":"11 (26100)","platform":"Windows","kernel_version":"26100","load_performance":{"avg_one_min":0.0,"avg_five_min":0.0,"avg_fifteen_min":0.0},"version":"0.19.0","rust_version":"1.94.0","build_date":"2026-03-06","interfaces":[{"ip":"10.1.0.194","mac":"60:45:bd:08:03:fc","name":"Ethernet 3"},{"ip":"fe80::8d8c:fee5:ef81:939b","mac":"60:45:bd:08:03:fc","name":"Ethernet 3"},{"ip":"fe80::636f:ee22:53ad:7d98","mac":"00:15:5d:02:b5:d2","name":"vEthernet (nat)"},{"ip":"192.168.208.1","mac":"00:15:5d:02:b5:d2","name":"vEthernet (nat)"}]}}
{"message":"The Software Protection service is starting.\nParameters:TriggerStarted:6\r\n","template_message":"The Software Protection service is starting.%nParameters:%1\r\n","raw_event_data":{"Data":{"#text":"TriggerStarted:6"},"Binary":null},"event_id":900,"qualifier":16384,"version":0,"guid":"e23b33b0-c8c9-472c-a5f9-f2bdfea0f156","provider":"Microsoft-Windows-Security-SPP","source_name":"Software Protection Platform Service","record_id":3937,"task":0,"level":"Information","opcode":0,"keywords":"0x80000000000000","generated":"2026-03-06T05:25:48.3284532Z","system_time":"2026-03-06T05:25:48.328453Z","activity_id":"","process_id":5388,"thread_id":0,"sid":"","channel":"Application","computer":"runnervmkjq7x","message_file":"C:\\Windows\\system32\\sppsvc.exe","parameter_file":"","registry_file":"C:\\Windows\\System32\\config\\SOFTWARE","registry_path":"ROOT\\Microsoft\\Windows\\CurrentVersion\\WINEVT\\Publishers\\{e23b33b0-c8c9-472c-a5f9-f2bdfea0f156}","rendering_info":null,"evidence":"C:\\Windows\\System32\\winevt\\Logs\\Application.evtx","collection_metadata":{"endpoint_id":"6c51b123-1522-4572-9f2a-0bd5abd81b82","uuid":"311e84a0-dd73-496a-bea2-6eb3c2cee067","id":1,"artifact_name":"eventlogs","complete_time":"2026-03-06T05:52:02.000Z","start_time":"2026-03-06T05:52:02.000Z","hostname":"runnervmkjq7x","os_version":"11 (26100)","platform":"Windows","kernel_version":"26100","load_performance":{"avg_one_min":0.0,"avg_five_min":0.0,"avg_fifteen_min":0.0},"version":"0.19.0","rust_version":"1.94.0","build_date":"2026-03-06","interfaces":[{"ip":"10.1.0.194","mac":"60:45:bd:08:03:fc","name":"Ethernet 3"},{"ip":"fe80::8d8c:fee5:ef81:939b","mac":"60:45:bd:08:03:fc","name":"Ethernet 3"},{"ip":"fe80::636f:ee22:53ad:7d98","mac":"00:15:5d:02:b5:d2","name":"vEthernet (nat)"},{"ip":"192.168.208.1","mac":"00:15:5d:02:b5:d2","name":"vEthernet (nat)"}]}}
{"message":"Offline downlevel migration succeeded.\r\n","template_message":"Offline downlevel migration succeeded.\r\n","raw_event_data":{"Data":{"#text":""},"Binary":null},"event_id":16394,"qualifier":49152,"version":0,"guid":"e23b33b0-c8c9-472c-a5f9-f2bdfea0f156","provider":"Microsoft-Windows-Security-SPP","source_name":"Software Protection Platform Service","record_id":3938,"task":0,"level":"Information","opcode":0,"keywords":"0x80000000000000","generated":"2026-03-06T05:25:48.5344618Z","system_time":"2026-03-06T05:25:48.534461Z","activity_id":"","process_id":5388,"thread_id":0,"sid":"","channel":"Application","computer":"runnervmkjq7x","message_file":"C:\\Windows\\system32\\sppsvc.exe","parameter_file":"","registry_file":"C:\\Windows\\System32\\config\\SOFTWARE","registry_path":"ROOT\\Microsoft\\Windows\\CurrentVersion\\WINEVT\\Publishers\\{e23b33b0-c8c9-472c-a5f9-f2bdfea0f156}","rendering_info":null,"evidence":"C:\\Windows\\System32\\winevt\\Logs\\Application.evtx","collection_metadata":{"endpoint_id":"6c51b123-1522-4572-9f2a-0bd5abd81b82","uuid":"311e84a0-dd73-496a-bea2-6eb3c2cee067","id":1,"artifact_name":"eventlogs","complete_time":"2026-03-06T05:52:02.000Z","start_time":"2026-03-06T05:52:02.000Z","hostname":"runnervmkjq7x","os_version":"11 (26100)","platform":"Windows","kernel_version":"26100","load_performance":{"avg_one_min":0.0,"avg_five_min":0.0,"avg_fifteen_min":0.0},"version":"0.19.0","rust_version":"1.94.0","build_date":"2026-03-06","interfaces":[{"ip":"10.1.0.194","mac":"60:45:bd:08:03:fc","name":"Ethernet 3"},{"ip":"fe80::8d8c:fee5:ef81:939b","mac":"60:45:bd:08:03:fc","name":"Ethernet 3"},{"ip":"fe80::636f:ee22:53ad:7d98","mac":"00:15:5d:02:b5:d2","name":"vEthernet (nat)"},{"ip":"192.168.208.1","mac":"00:15:5d:02:b5:d2","name":"vEthernet (nat)"}]}}
{"message":"Initialization status for service objects.\nC:\\Windows\\system32\\sppwinob.dll, msft:spp/windowsfunctionality/agent/7.0, 0x00000000, 0x00000000\nC:\\Windows\\system32\\sppobjs.dll, msft:rm/algorithm/inherited/1.0, 0x00000000, 0x00000000\nC:\\Windows\\system32\\sppobjs.dll, msft:rm/algorithm/phone/1.0, 0x00000000, 0x00000000\nC:\\Windows\\system32\\sppobjs.dll, msft:rm/algorithm/pkey/detect, 0x00000000, 0x00000000\nC:\\Windows\\system32\\sppobjs.dll, msft:spp/ActionScheduler/1.0, 0x00000000, 0x00000000\nC:\\Windows\\system32\\sppobjs.dll, msft:spp/TaskScheduler/1.0, 0x00000000, 0x00000000\nC:\\Windows\\system32\\sppobjs.dll, msft:spp/statecollector/pkey, 0x00000000, 0x00000000\nC:\\Windows\\system32\\sppobjs.dll, msft:spp/volume/services/kms/1.0, 0x00000000, 0x00000000\nC:\\Windows\\system32\\sppobjs.dll, msft:spp/volume/services/kms/activationinfo/1.0, 0x00000000, 0x00000000\n\r\n","template_message":"Initialization status for service objects.%n%1\r\n","raw_event_data":{"Data":{"#text":"C:\\Windows\\system32\\sppwinob.dll, msft:spp/windowsfunctionality/agent/7.0, 0x00000000, 0x00000000\nC:\\Windows\\system32\\sppobjs.dll, msft:rm/algorithm/inherited/1.0, 0x00000000, 0x00000000\nC:\\Windows\\system32\\sppobjs.dll, msft:rm/algorithm/phone/1.0, 0x00000000, 0x00000000\nC:\\Windows\\system32\\sppobjs.dll, msft:rm/algorithm/pkey/detect, 0x00000000, 0x00000000\nC:\\Windows\\system32\\sppobjs.dll, msft:spp/ActionScheduler/1.0, 0x00000000, 0x00000000\nC:\\Windows\\system32\\sppobjs.dll, msft:spp/TaskScheduler/1.0, 0x00000000, 0x00000000\nC:\\Windows\\system32\\sppobjs.dll, msft:spp/statecollector/pkey, 0x00000000, 0x00000000\nC:\\Windows\\system32\\sppobjs.dll, msft:spp/volume/services/kms/1.0, 0x00000000, 0x00000000\nC:\\Windows\\system32\\sppobjs.dll, msft:spp/volume/services/kms/activationinfo/1.0, 0x00000000, 0x00000000\n"},"Binary":null},"event_id":1066,"qualifier":16384,"version":0,"guid":"e23b33b0-c8c9-472c-a5f9-f2bdfea0f156","provider":"Microsoft-Windows-Security-SPP","source_name":"Software Protection Platform Service","record_id":3939,"task":0,"level":"Information","opcode":0,"keywords":"0x80000000000000","generated":"2026-03-06T05:25:48.7623741Z","system_time":"2026-03-06T05:25:48.762374Z","activity_id":"","process_id":5388,"thread_id":0,"sid":"","channel":"Application","computer":"runnervmkjq7x","message_file":"C:\\Windows\\system32\\sppsvc.exe","parameter_file":"","registry_file":"C:\\Windows\\System32\\config\\SOFTWARE","registry_path":"ROOT\\Microsoft\\Windows\\CurrentVersion\\WINEVT\\Publishers\\{e23b33b0-c8c9-472c-a5f9-f2bdfea0f156}","rendering_info":null,"evidence":"C:\\Windows\\System32\\winevt\\Logs\\Application.evtx","collection_metadata":{"endpoint_id":"6c51b123-1522-4572-9f2a-0bd5abd81b82","uuid":"311e84a0-dd73-496a-bea2-6eb3c2cee067","id":1,"artifact_name":"eventlogs","complete_time":"2026-03-06T05:52:02.000Z","start_time":"2026-03-06T05:52:02.000Z","hostname":"runnervmkjq7x","os_version":"11 (26100)","platform":"Windows","kernel_version":"26100","load_performance":{"avg_one_min":0.0,"avg_five_min":0.0,"avg_fifteen_min":0.0},"version":"0.19.0","rust_version":"1.94.0","build_date":"2026-03-06","interfaces":[{"ip":"10.1.0.194","mac":"60:45:bd:08:03:fc","name":"Ethernet 3"},{"ip":"fe80::8d8c:fee5:ef81:939b","mac":"60:45:bd:08:03:fc","name":"Ethernet 3"},{"ip":"fe80::636f:ee22:53ad:7d98","mac":"00:15:5d:02:b5:d2","name":"vEthernet (nat)"},{"ip":"192.168.208.1","mac":"00:15:5d:02:b5:d2","name":"vEthernet (nat)"}]}}
{"message":"Downlevel Genuine Ticket successfully deposited.\r\n","template_message":"Downlevel Genuine Ticket successfully deposited.\r\n","raw_event_data":{"Data":{"#text":"0xC004D30B"},"Binary":null},"event_id":16389,"qualifier":16384,"version":0,"guid":"e23b33b0-c8c9-472c-a5f9-f2bdfea0f156","provider":"Microsoft-Windows-Security-SPP","source_name":"Software Protection Platform Service","record_id":3940,"task":0,"level":"Information","opcode":0,"keywords":"0x80000000000000","generated":"2026-03-06T05:25:48.7776222Z","system_time":"2026-03-06T05:25:48.777622Z","activity_id":"","process_id":5388,"thread_id":0,"sid":"","channel":"Application","computer":"runnervmkjq7x","message_file":"C:\\Windows\\system32\\sppsvc.exe","parameter_file":"","registry_file":"C:\\Windows\\System32\\config\\SOFTWARE","registry_path":"ROOT\\Microsoft\\Windows\\CurrentVersion\\WINEVT\\Publishers\\{e23b33b0-c8c9-472c-a5f9-f2bdfea0f156}","rendering_info":null,"evidence":"C:\\Windows\\System32\\winevt\\Logs\\Application.evtx","collection_metadata":{"endpoint_id":"6c51b123-1522-4572-9f2a-0bd5abd81b82","uuid":"311e84a0-dd73-496a-bea2-6eb3c2cee067","id":1,"artifact_name":"eventlogs","complete_time":"2026-03-06T05:52:02.000Z","start_time":"2026-03-06T05:52:02.000Z","hostname":"runnervmkjq7x","os_version":"11 (26100)","platform":"Windows","kernel_version":"26100","load_performance":{"avg_one_min":0.0,"avg_five_min":0.0,"avg_fifteen_min":0.0},"version":"0.19.0","rust_version":"1.94.0","build_date":"2026-03-06","interfaces":[{"ip":"10.1.0.194","mac":"60:45:bd:08:03:fc","name":"Ethernet 3"},{"ip":"fe80::8d8c:fee5:ef81:939b","mac":"60:45:bd:08:03:fc","name":"Ethernet 3"},{"ip":"fe80::636f:ee22:53ad:7d98","mac":"00:15:5d:02:b5:d2","name":"vEthernet (nat)"},{"ip":"192.168.208.1","mac":"00:15:5d:02:b5:d2","name":"vEthernet (nat)"}]}}
{"message":"Hardware has changed from previous boot.\n AppId=55c92734-d682-4d71-983e-d6ec3f16059f, SkuId=c052f164-cdf6-409a-a0cb-853ba0f0f55a.\r\n","template_message":"Hardware has changed from previous boot.%n AppId=%1, SkuId=%2.\r\n","raw_event_data":{"Data":{"#text":["55c92734-d682-4d71-983e-d6ec3f16059f","c052f164-cdf6-409a-a0cb-853ba0f0f55a"]},"Binary":"560000000A00280000000100000001000100010000000000010001000000CA4B409DA82DC2B164DEB27D52CB9AAF0D0001000101000201000301000401000500000601000700000801000901000A01000B00000C0100280000000000000001000100010000000000020001000000CA4B2A65C2B164DEB27D088B098B0C5C"},"event_id":1040,"qualifier":16384,"version":0,"guid":"e23b33b0-c8c9-472c-a5f9-f2bdfea0f156","provider":"Microsoft-Windows-Security-SPP","source_name":"Software Protection Platform Service","record_id":3941,"task":0,"level":"Information","opcode":0,"keywords":"0x80000000000000","generated":"2026-03-06T05:25:48.8113304Z","system_time":"2026-03-06T05:25:48.811330Z","activity_id":"","process_id":5388,"thread_id":0,"sid":"","channel":"Application","computer":"runnervmkjq7x","message_file":"C:\\Windows\\system32\\sppsvc.exe","parameter_file":"","registry_file":"C:\\Windows\\System32\\config\\SOFTWARE","registry_path":"ROOT\\Microsoft\\Windows\\CurrentVersion\\WINEVT\\Publishers\\{e23b33b0-c8c9-472c-a5f9-f2bdfea0f156}","rendering_info":null,"evidence":"C:\\Windows\\System32\\winevt\\Logs\\Application.evtx","collection_metadata":{"endpoint_id":"6c51b123-1522-4572-9f2a-0bd5abd81b82","uuid":"311e84a0-dd73-496a-bea2-6eb3c2cee067","id":1,"artifact_name":"eventlogs","complete_time":"2026-03-06T05:52:02.000Z","start_time":"2026-03-06T05:52:02.000Z","hostname":"runnervmkjq7x","os_version":"11 (26100)","platform":"Windows","kernel_version":"26100","load_performance":{"avg_one_min":0.0,"avg_five_min":0.0,"avg_fifteen_min":0.0},"version":"0.19.0","rust_version":"1.94.0","build_date":"2026-03-06","interfaces":[{"ip":"10.1.0.194","mac":"60:45:bd:08:03:fc","name":"Ethernet 3"},{"ip":"fe80::8d8c:fee5:ef81:939b","mac":"60:45:bd:08:03:fc","name":"Ethernet 3"},{"ip":"fe80::636f:ee22:53ad:7d98","mac":"00:15:5d:02:b5:d2","name":"vEthernet (nat)"},{"ip":"192.168.208.1","mac":"00:15:5d:02:b5:d2","name":"vEthernet (nat)"}]}}
{"message":"The Software Protection service has completed licensing status check.\nApplication Id=55c92734-d682-4d71-983e-d6ec3f16059f\nLicensing Status=\n1: 0b646350-5349-4013-b1be-4100d1a7fa38, 1, 0 [(0 [0xC004F014, 0, 0], [(?)(?)(?)(?)(?)(?)(?)(?)])(1 )(2 )(3 )]\n2: 10d661ba-f2e3-445c-8e92-200e1e05e9e1, 1, 0 [(0 [0xC004F014, 0, 0], [(?)(?)(?)(?)(?)(?)(?)(?)])(1 )(2 )(3 )]\n3: 2033816d-9d16-44bb-8f08-412ff45f38bf, 1, 0 [(0 [0xC004F014, 0, 0], [(?)(?)(?)(?)(?)(?)(?)(?)])(1 )(2 )(3 )]\n4: 653ae55c-1d53-427b-be51-15bc1841fca7, 1, 0 [(0 [0xC004F014, 0, 0], [(?)(?)(?)(?)(?)(?)(?)(?)])(1 )(2 )(3 )]\n5: 66c20db7-ff1e-4f87-a915-4e03715da35f, 1, 0 [(0 [0xC004F014, 0, 0], [(?)(?)(?)(?)(?)(?)(?)(?)])(1 )(2 )(3 )]\n6: 6bad0243-1c35-46b2-b8e6-7a853e37413f, 1, 0 [(0 [0xC004F014, 0, 0], [(?)(?)(?)(?)(?)(?)(?)(?)])(1 )(2 )(3 )]\n7: 82fcf64d-f9dd-4411-9c79-f2eed16d4eb8, 1, 0 [(0 [0xC004F014, 0, 0], [(?)(?)(?)(?)(?)(?)(?)(?)])(1 )(2 )(3 )]\n8: 84e331f6-4279-48c4-ab10-b75139181351, 1, 0 [(0 [0xC004F014, 0, 0], [(?)(?)(?)(?)(?)(?)(?)(?)])(1 )(2 )(3 )]\n9: 9e232465-2ade-4a33-a277-702010a84adb, 1, 0 [(0 [0xC004F014, 0, 0], [(?)(?)(?)(?)(?)(?)(?)(?)])(1 )(2 )(3 )]\n10: a1da5f8f-7553-42c5-b0b4-6f27c4d74240, 1, 0 [(0 [0xC004F014, 0, 0], [(?)(?)(?)(?)(?)(?)(?)(?)])(1 )(2 )(3 )]\n11: a2004bef-6ff1-48f9-8328-41ce1cd5ee79, 1, 0 [(0 [0xC004F014, 0, 0], [(?)(?)(?)(?)(?)(?)(?)(?)])(1 )(2 )(3 )]\n12: c052f164-cdf6-409a-a0cb-853ba0f0f55a, 1, 1 [(0 [0x00000000, 1, 0], [(?)( 1 0x00000000)(?)( 2 0x00000000 0 0 msft:rm/algorithm/volume/1.0 0x00000000 254396)(?)(?)( 10 0x00000000 msft:rm/algorithm/flags/1.0)(?)])(1 )(2 )(3 )]\n13: e5b79126-7250-4d27-ad42-0eeb23db5771, 1, 0 [(0 [0xC004F014, 0, 0], [(?)(?)(?)(?)(?)(?)(?)(?)])(1 )(2 )(3 )]\n14: f15a5790-90b7-4674-8fd4-e187ba426ad2, 1, 0 [(0 [0xC004F014, 0, 0], [(?)(?)(?)(?)(?)(?)(?)(?)])(1 )(2 )(3 )]\n\n\r\n","template_message":"The Software Protection service has completed licensing status check.%nApplication Id=%1%nLicensing Status=%2\r\n","raw_event_data":{"Data":{"#text":["55c92734-d682-4d71-983e-d6ec3f16059f","\n1: 0b646350-5349-4013-b1be-4100d1a7fa38, 1, 0 [(0 [0xC004F014, 0, 0], [(?)(?)(?)(?)(?)(?)(?)(?)])(1 )(2 )(3 )]\n2: 10d661ba-f2e3-445c-8e92-200e1e05e9e1, 1, 0 [(0 [0xC004F014, 0, 0], [(?)(?)(?)(?)(?)(?)(?)(?)])(1 )(2 )(3 )]\n3: 2033816d-9d16-44bb-8f08-412ff45f38bf, 1, 0 [(0 [0xC004F014, 0, 0], [(?)(?)(?)(?)(?)(?)(?)(?)])(1 )(2 )(3 )]\n4: 653ae55c-1d53-427b-be51-15bc1841fca7, 1, 0 [(0 [0xC004F014, 0, 0], [(?)(?)(?)(?)(?)(?)(?)(?)])(1 )(2 )(3 )]\n5: 66c20db7-ff1e-4f87-a915-4e03715da35f, 1, 0 [(0 [0xC004F014, 0, 0], [(?)(?)(?)(?)(?)(?)(?)(?)])(1 )(2 )(3 )]\n6: 6bad0243-1c35-46b2-b8e6-7a853e37413f, 1, 0 [(0 [0xC004F014, 0, 0], [(?)(?)(?)(?)(?)(?)(?)(?)])(1 )(2 )(3 )]\n7: 82fcf64d-f9dd-4411-9c79-f2eed16d4eb8, 1, 0 [(0 [0xC004F014, 0, 0], [(?)(?)(?)(?)(?)(?)(?)(?)])(1 )(2 )(3 )]\n8: 84e331f6-4279-48c4-ab10-b75139181351, 1, 0 [(0 [0xC004F014, 0, 0], [(?)(?)(?)(?)(?)(?)(?)(?)])(1 )(2 )(3 )]\n9: 9e232465-2ade-4a33-a277-702010a84adb, 1, 0 [(0 [0xC004F014, 0, 0], [(?)(?)(?)(?)(?)(?)(?)(?)])(1 )(2 )(3 )]\n10: a1da5f8f-7553-42c5-b0b4-6f27c4d74240, 1, 0 [(0 [0xC004F014, 0, 0], [(?)(?)(?)(?)(?)(?)(?)(?)])(1 )(2 )(3 )]\n11: a2004bef-6ff1-48f9-8328-41ce1cd5ee79, 1, 0 [(0 [0xC004F014, 0, 0], [(?)(?)(?)(?)(?)(?)(?)(?)])(1 )(2 )(3 )]\n12: c052f164-cdf6-409a-a0cb-853ba0f0f55a, 1, 1 [(0 [0x00000000, 1, 0], [(?)( 1 0x00000000)(?)( 2 0x00000000 0 0 msft:rm/algorithm/volume/1.0 0x00000000 254396)(?)(?)( 10 0x00000000 msft:rm/algorithm/flags/1.0)(?)])(1 )(2 )(3 )]\n13: e5b79126-7250-4d27-ad42-0eeb23db5771, 1, 0 [(0 [0xC004F014, 0, 0], [(?)(?)(?)(?)(?)(?)(?)(?)])(1 )(2 )(3 )]\n14: f15a5790-90b7-4674-8fd4-e187ba426ad2, 1, 0 [(0 [0xC004F014, 0, 0], [(?)(?)(?)(?)(?)(?)(?)(?)])(1 )(2 )(3 )]\n\n"]},"Binary":null},"event_id":1003,"qualifier":16384,"version":0,"guid":"e23b33b0-c8c9-472c-a5f9-f2bdfea0f156","provider":"Microsoft-Windows-Security-SPP","source_name":"Software Protection Platform Service","record_id":3942,"task":0,"level":"Information","opcode":0,"keywords":"0x80000000000000","generated":"2026-03-06T05:25:48.930042Z","system_time":"2026-03-06T05:25:48.930042Z","activity_id":"","process_id":5388,"thread_id":0,"sid":"","channel":"Application","computer":"runnervmkjq7x","message_file":"C:\\Windows\\system32\\sppsvc.exe","parameter_file":"","registry_file":"C:\\Windows\\System32\\config\\SOFTWARE","registry_path":"ROOT\\Microsoft\\Windows\\CurrentVersion\\WINEVT\\Publishers\\{e23b33b0-c8c9-472c-a5f9-f2bdfea0f156}","rendering_info":null,"evidence":"C:\\Windows\\System32\\winevt\\Logs\\Application.evtx","collection_metadata":{"endpoint_id":"6c51b123-1522-4572-9f2a-0bd5abd81b82","uuid":"311e84a0-dd73-496a-bea2-6eb3c2cee067","id":1,"artifact_name":"eventlogs","complete_time":"2026-03-06T05:52:02.000Z","start_time":"2026-03-06T05:52:02.000Z","hostname":"runnervmkjq7x","os_version":"11 (26100)","platform":"Windows","kernel_version":"26100","load_performance":{"avg_one_min":0.0,"avg_five_min":0.0,"avg_fifteen_min":0.0},"version":"0.19.0","rust_version":"1.94.0","build_date":"2026-03-06","interfaces":[{"ip":"10.1.0.194","mac":"60:45:bd:08:03:fc","name":"Ethernet 3"},{"ip":"fe80::8d8c:fee5:ef81:939b","mac":"60:45:bd:08:03:fc","name":"Ethernet 3"},{"ip":"fe80::636f:ee22:53ad:7d98","mac":"00:15:5d:02:b5:d2","name":"vEthernet (nat)"},{"ip":"192.168.208.1","mac":"00:15:5d:02:b5:d2","name":"vEthernet (nat)"}]}}
{"message":"Grace period terminated with code 0xC004D30B. \n\r\n","template_message":"Grace period terminated with code %1. %n\r\n","raw_event_data":{"Data":{"#text":"0xC004D30B"},"Binary":null},"event_id":20492,"qualifier":49152,"version":0,"guid":"e23b33b0-c8c9-472c-a5f9-f2bdfea0f156","provider":"Microsoft-Windows-Security-SPP","source_name":"Software Protection Platform Service","record_id":3943,"task":0,"level":"Information","opcode":0,"keywords":"0x80000000000000","generated":"2026-03-06T05:25:48.9310459Z","system_time":"2026-03-06T05:25:48.931045Z","activity_id":"","process_id":5388,"thread_id":0,"sid":"","channel":"Application","computer":"runnervmkjq7x","message_file":"C:\\Windows\\system32\\sppsvc.exe","parameter_file":"","registry_file":"C:\\Windows\\System32\\config\\SOFTWARE","registry_path":"ROOT\\Microsoft\\Windows\\CurrentVersion\\WINEVT\\Publishers\\{e23b33b0-c8c9-472c-a5f9-f2bdfea0f156}","rendering_info":null,"evidence":"C:\\Windows\\System32\\winevt\\Logs\\Application.evtx","collection_metadata":{"endpoint_id":"6c51b123-1522-4572-9f2a-0bd5abd81b82","uuid":"311e84a0-dd73-496a-bea2-6eb3c2cee067","id":1,"artifact_name":"eventlogs","complete_time":"2026-03-06T05:52:02.000Z","start_time":"2026-03-06T05:52:02.000Z","hostname":"runnervmkjq7x","os_version":"11 (26100)","platform":"Windows","kernel_version":"26100","load_performance":{"avg_one_min":0.0,"avg_five_min":0.0,"avg_fifteen_min":0.0},"version":"0.19.0","rust_version":"1.94.0","build_date":"2026-03-06","interfaces":[{"ip":"10.1.0.194","mac":"60:45:bd:08:03:fc","name":"Ethernet 3"},{"ip":"fe80::8d8c:fee5:ef81:939b","mac":"60:45:bd:08:03:fc","name":"Ethernet 3"},{"ip":"fe80::636f:ee22:53ad:7d98","mac":"00:15:5d:02:b5:d2","name":"vEthernet (nat)"},{"ip":"192.168.208.1","mac":"00:15:5d:02:b5:d2","name":"vEthernet (nat)"}]}}
{"message":"Error occured during grace period 0x80070490 at No grace timer found.\r\n","template_message":"Error occured during grace period %1 at %2.\r\n","raw_event_data":{"Data":{"#text":["0x80070490","No grace timer found"]},"Binary":null},"event_id":16398,"qualifier":49152,"version":0,"guid":"e23b33b0-c8c9-472c-a5f9-f2bdfea0f156","provider":"Microsoft-Windows-Security-SPP","source_name":"Software Protection Platform Service","record_id":3944,"task":0,"level":"Error","opcode":0,"keywords":"0x80000000000000","generated":"2026-03-06T05:25:48.9399392Z","system_time":"2026-03-06T05:25:48.939939Z","activity_id":"","process_id":5388,"thread_id":0,"sid":"","channel":"Application","computer":"runnervmkjq7x","message_file":"C:\\Windows\\system32\\sppsvc.exe","parameter_file":"","registry_file":"C:\\Windows\\System32\\config\\SOFTWARE","registry_path":"ROOT\\Microsoft\\Windows\\CurrentVersion\\WINEVT\\Publishers\\{e23b33b0-c8c9-472c-a5f9-f2bdfea0f156}","rendering_info":null,"evidence":"C:\\Windows\\System32\\winevt\\Logs\\Application.evtx","collection_metadata":{"endpoint_id":"6c51b123-1522-4572-9f2a-0bd5abd81b82","uuid":"311e84a0-dd73-496a-bea2-6eb3c2cee067","id":1,"artifact_name":"eventlogs","complete_time":"2026-03-06T05:52:02.000Z","start_time":"2026-03-06T05:52:02.000Z","hostname":"runnervmkjq7x","os_version":"11 (26100)","platform":"Windows","kernel_version":"26100","load_performance":{"avg_one_min":0.0,"avg_five_min":0.0,"avg_fifteen_min":0.0},"version":"0.19.0","rust_version":"1.94.0","build_date":"2026-03-06","interfaces":[{"ip":"10.1.0.194","mac":"60:45:bd:08:03:fc","name":"Ethernet 3"},{"ip":"fe80::8d8c:fee5:ef81:939b","mac":"60:45:bd:08:03:fc","name":"Ethernet 3"},{"ip":"fe80::636f:ee22:53ad:7d98","mac":"00:15:5d:02:b5:d2","name":"vEthernet (nat)"},{"ip":"192.168.208.1","mac":"00:15:5d:02:b5:d2","name":"vEthernet (nat)"}]}}
{"message":"The Software Protection service has started.\n10.0.26100.32370\r\n","template_message":"The Software Protection service has started.%n%1\r\n","raw_event_data":{"Data":{"#text":"10.0.26100.32370"},"Binary":null},"event_id":902,"qualifier":16384,"version":0,"guid":"e23b33b0-c8c9-472c-a5f9-f2bdfea0f156","provider":"Microsoft-Windows-Security-SPP","source_name":"Software Protection Platform Service","record_id":3945,"task":0,"level":"Information","opcode":0,"keywords":"0x80000000000000","generated":"2026-03-06T05:25:48.9464739Z","system_time":"2026-03-06T05:25:48.946473Z","activity_id":"","process_id":5388,"thread_id":0,"sid":"","channel":"Application","computer":"runnervmkjq7x","message_file":"C:\\Windows\\system32\\sppsvc.exe","parameter_file":"","registry_file":"C:\\Windows\\System32\\config\\SOFTWARE","registry_path":"ROOT\\Microsoft\\Windows\\CurrentVersion\\WINEVT\\Publishers\\{e23b33b0-c8c9-472c-a5f9-f2bdfea0f156}","rendering_info":null,"evidence":"C:\\Windows\\System32\\winevt\\Logs\\Application.evtx","collection_metadata":{"endpoint_id":"6c51b123-1522-4572-9f2a-0bd5abd81b82","uuid":"311e84a0-dd73-496a-bea2-6eb3c2cee067","id":1,"artifact_name":"eventlogs","complete_time":"2026-03-06T05:52:02.000Z","start_time":"2026-03-06T05:52:02.000Z","hostname":"runnervmkjq7x","os_version":"11 (26100)","platform":"Windows","kernel_version":"26100","load_performance":{"avg_one_min":0.0,"avg_five_min":0.0,"avg_fifteen_min":0.0},"version":"0.19.0","rust_version":"1.94.0","build_date":"2026-03-06","interfaces":[{"ip":"10.1.0.194","mac":"60:45:bd:08:03:fc","name":"Ethernet 3"},{"ip":"fe80::8d8c:fee5:ef81:939b","mac":"60:45:bd:08:03:fc","name":"Ethernet 3"},{"ip":"fe80::636f:ee22:53ad:7d98","mac":"00:15:5d:02:b5:d2","name":"vEthernet (nat)"},{"ip":"192.168.208.1","mac":"00:15:5d:02:b5:d2","name":"vEthernet (nat)"}]}}
{"message":"Successfully scheduled Software Protection service for re-start at 2026-03-09T21:21:18Z. Reason: RulesEngine.\r\n","template_message":"Successfully scheduled Software Protection service for re-start at %1. Reason: %2.\r\n","raw_event_data":{"Data":{"#text":["2026-03-09T21:21:18Z","RulesEngine"]},"Binary":null},"event_id":16384,"qualifier":16384,"version":0,"guid":"e23b33b0-c8c9-472c-a5f9-f2bdfea0f156","provider":"Microsoft-Windows-Security-SPP","source_name":"Software Protection Platform Service","record_id":3946,"task":0,"level":"Information","opcode":0,"keywords":"0x80000000000000","generated":"2026-03-06T05:26:19.0317551Z","system_time":"2026-03-06T05:26:19.031755Z","activity_id":"","process_id":5388,"thread_id":0,"sid":"","channel":"Application","computer":"runnervmkjq7x","message_file":"C:\\Windows\\system32\\sppsvc.exe","parameter_file":"","registry_file":"C:\\Windows\\System32\\config\\SOFTWARE","registry_path":"ROOT\\Microsoft\\Windows\\CurrentVersion\\WINEVT\\Publishers\\{e23b33b0-c8c9-472c-a5f9-f2bdfea0f156}","rendering_info":null,"evidence":"C:\\Windows\\System32\\winevt\\Logs\\Application.evtx","collection_metadata":{"endpoint_id":"6c51b123-1522-4572-9f2a-0bd5abd81b82","uuid":"311e84a0-dd73-496a-bea2-6eb3c2cee067","id":1,"artifact_name":"eventlogs","complete_time":"2026-03-06T05:52:02.000Z","start_time":"2026-03-06T05:52:02.000Z","hostname":"runnervmkjq7x","os_version":"11 (26100)","platform":"Windows","kernel_version":"26100","load_performance":{"avg_one_min":0.0,"avg_five_min":0.0,"avg_fifteen_min":0.0},"version":"0.19.0","rust_version":"1.94.0","build_date":"2026-03-06","interfaces":[{"ip":"10.1.0.194","mac":"60:45:bd:08:03:fc","name":"Ethernet 3"},{"ip":"fe80::8d8c:fee5:ef81:939b","mac":"60:45:bd:08:03:fc","name":"Ethernet 3"},{"ip":"fe80::636f:ee22:53ad:7d98","mac":"00:15:5d:02:b5:d2","name":"vEthernet (nat)"},{"ip":"192.168.208.1","mac":"00:15:5d:02:b5:d2","name":"vEthernet (nat)"}]}}
{"message":"The Software Protection service has stopped.\n\r\n","template_message":"The Software Protection service has stopped.%n\r\n","raw_event_data":{"Data":{"#text":""},"Binary":null},"event_id":903,"qualifier":16384,"version":0,"guid":"e23b33b0-c8c9-472c-a5f9-f2bdfea0f156","provider":"Microsoft-Windows-Security-SPP","source_name":"Software Protection Platform Service","record_id":3947,"task":0,"level":"Information","opcode":0,"keywords":"0x80000000000000","generated":"2026-03-06T05:26:19.0363362Z","system_time":"2026-03-06T05:26:19.036336Z","activity_id":"","process_id":5388,"thread_id":0,"sid":"","channel":"Application","computer":"runnervmkjq7x","message_file":"C:\\Windows\\system32\\sppsvc.exe","parameter_file":"","registry_file":"C:\\Windows\\System32\\config\\SOFTWARE","registry_path":"ROOT\\Microsoft\\Windows\\CurrentVersion\\WINEVT\\Publishers\\{e23b33b0-c8c9-472c-a5f9-f2bdfea0f156}","rendering_info":null,"evidence":"C:\\Windows\\System32\\winevt\\Logs\\Application.evtx","collection_metadata":{"endpoint_id":"6c51b123-1522-4572-9f2a-0bd5abd81b82","uuid":"311e84a0-dd73-496a-bea2-6eb3c2cee067","id":1,"artifact_name":"eventlogs","complete_time":"2026-03-06T05:52:02.000Z","start_time":"2026-03-06T05:52:02.000Z","hostname":"runnervmkjq7x","os_version":"11 (26100)","platform":"Windows","kernel_version":"26100","load_performance":{"avg_one_min":0.0,"avg_five_min":0.0,"avg_fifteen_min":0.0},"version":"0.19.0","rust_version":"1.94.0","build_date":"2026-03-06","interfaces":[{"ip":"10.1.0.194","mac":"60:45:bd:08:03:fc","name":"Ethernet 3"},{"ip":"fe80::8d8c:fee5:ef81:939b","mac":"60:45:bd:08:03:fc","name":"Ethernet 3"},{"ip":"fe80::636f:ee22:53ad:7d98","mac":"00:15:5d:02:b5:d2","name":"vEthernet (nat)"},{"ip":"192.168.208.1","mac":"00:15:5d:02:b5:d2","name":"vEthernet (nat)"}]}}
{"message":"Service stopped successfully.\r\n","template_message":"%1\r\n","raw_event_data":{"Data":{"#text":"Service stopped successfully."},"Binary":null},"event_id":0,"qualifier":0,"version":0,"guid":"","provider":"WindowsAzureGuestAgent","source_name":"","record_id":3948,"task":0,"level":"Information","opcode":0,"keywords":"0x80000000000000","generated":"2026-03-06T05:27:03.2286669Z","system_time":"2026-03-06T05:27:03.228666Z","activity_id":"","process_id":3940,"thread_id":0,"sid":"","channel":"Application","computer":"runnervmkjq7x","message_file":"C:\\Windows\\Microsoft.NET\\Framework64\\v4.0.30319\\EventLogMessages.dll","parameter_file":"","registry_file":"C:\\Windows\\System32\\config\\SYSTEM","registry_path":"ROOT\\ControlSet002\\Services\\EventLog\\Application\\WindowsAzureGuestAgent","rendering_info":null,"evidence":"C:\\Windows\\System32\\winevt\\Logs\\Application.evtx","collection_metadata":{"endpoint_id":"6c51b123-1522-4572-9f2a-0bd5abd81b82","uuid":"311e84a0-dd73-496a-bea2-6eb3c2cee067","id":1,"artifact_name":"eventlogs","complete_time":"2026-03-06T05:52:02.000Z","start_time":"2026-03-06T05:52:02.000Z","hostname":"runnervmkjq7x","os_version":"11 (26100)","platform":"Windows","kernel_version":"26100","load_performance":{"avg_one_min":0.0,"avg_five_min":0.0,"avg_fifteen_min":0.0},"version":"0.19.0","rust_version":"1.94.0","build_date":"2026-03-06","interfaces":[{"ip":"10.1.0.194","mac":"60:45:bd:08:03:fc","name":"Ethernet 3"},{"ip":"fe80::8d8c:fee5:ef81:939b","mac":"60:45:bd:08:03:fc","name":"Ethernet 3"},{"ip":"fe80::636f:ee22:53ad:7d98","mac":"00:15:5d:02:b5:d2","name":"vEthernet (nat)"},{"ip":"192.168.208.1","mac":"00:15:5d:02:b5:d2","name":"vEthernet (nat)"}]}}
{"message":"Service command was processed successfully.\r\n","template_message":"%1\r\n","raw_event_data":{"Data":{"#text":"Service command was processed successfully."},"Binary":null},"event_id":0,"qualifier":0,"version":0,"guid":"","provider":"WindowsAzureGuestAgent","source_name":"","record_id":3949,"task":0,"level":"Information","opcode":0,"keywords":"0x80000000000000","generated":"2026-03-06T05:27:03.2291341Z","system_time":"2026-03-06T05:27:03.229134Z","activity_id":"","process_id":3940,"thread_id":0,"sid":"","channel":"Application","computer":"runnervmkjq7x","message_file":"C:\\Windows\\Microsoft.NET\\Framework64\\v4.0.30319\\EventLogMessages.dll","parameter_file":"","registry_file":"C:\\Windows\\System32\\config\\SYSTEM","registry_path":"ROOT\\ControlSet002\\Services\\EventLog\\Application\\WindowsAzureGuestAgent","rendering_info":null,"evidence":"C:\\Windows\\System32\\winevt\\Logs\\Application.evtx","collection_metadata":{"endpoint_id":"6c51b123-1522-4572-9f2a-0bd5abd81b82","uuid":"311e84a0-dd73-496a-bea2-6eb3c2cee067","id":1,"artifact_name":"eventlogs","complete_time":"2026-03-06T05:52:02.000Z","start_time":"2026-03-06T05:52:02.000Z","hostname":"runnervmkjq7x","os_version":"11 (26100)","platform":"Windows","kernel_version":"26100","load_performance":{"avg_one_min":0.0,"avg_five_min":0.0,"avg_fifteen_min":0.0},"version":"0.19.0","rust_version":"1.94.0","build_date":"2026-03-06","interfaces":[{"ip":"10.1.0.194","mac":"60:45:bd:08:03:fc","name":"Ethernet 3"},{"ip":"fe80::8d8c:fee5:ef81:939b","mac":"60:45:bd:08:03:fc","name":"Ethernet 3"},{"ip":"fe80::636f:ee22:53ad:7d98","mac":"00:15:5d:02:b5:d2","name":"vEthernet (nat)"},{"ip":"192.168.208.1","mac":"00:15:5d:02:b5:d2","name":"vEthernet (nat)"}]}}
{"message":"Service started successfully.\r\n","template_message":"%1\r\n","raw_event_data":{"Data":{"#text":"Service started successfully."},"Binary":null},"event_id":0,"qualifier":0,"version":0,"guid":"","provider":"WindowsAzureGuestAgent","source_name":"","record_id":3950,"task":0,"level":"Information","opcode":0,"keywords":"0x80000000000000","generated":"2026-03-06T05:27:03.6061245Z","system_time":"2026-03-06T05:27:03.606124Z","activity_id":"","process_id":6592,"thread_id":0,"sid":"","channel":"Application","computer":"runnervmkjq7x","message_file":"C:\\Windows\\Microsoft.NET\\Framework64\\v4.0.30319\\EventLogMessages.dll","parameter_file":"","registry_file":"C:\\Windows\\System32\\config\\SYSTEM","registry_path":"ROOT\\ControlSet002\\Services\\EventLog\\Application\\WindowsAzureGuestAgent","rendering_info":null,"evidence":"C:\\Windows\\System32\\winevt\\Logs\\Application.evtx","collection_metadata":{"endpoint_id":"6c51b123-1522-4572-9f2a-0bd5abd81b82","uuid":"311e84a0-dd73-496a-bea2-6eb3c2cee067","id":1,"artifact_name":"eventlogs","complete_time":"2026-03-06T05:52:02.000Z","start_time":"2026-03-06T05:52:02.000Z","hostname":"runnervmkjq7x","os_version":"11 (26100)","platform":"Windows","kernel_version":"26100","load_performance":{"avg_one_min":0.0,"avg_five_min":0.0,"avg_fifteen_min":0.0},"version":"0.19.0","rust_version":"1.94.0","build_date":"2026-03-06","interfaces":[{"ip":"10.1.0.194","mac":"60:45:bd:08:03:fc","name":"Ethernet 3"},{"ip":"fe80::8d8c:fee5:ef81:939b","mac":"60:45:bd:08:03:fc","name":"Ethernet 3"},{"ip":"fe80::636f:ee22:53ad:7d98","mac":"00:15:5d:02:b5:d2","name":"vEthernet (nat)"},{"ip":"192.168.208.1","mac":"00:15:5d:02:b5:d2","name":"vEthernet (nat)"}]}}
{"message":"Offline downlevel migration succeeded.\r\n","template_message":"Offline downlevel migration succeeded.\r\n","raw_event_data":{"Data":{"#text":""},"Binary":null},"event_id":16394,"qualifier":49152,"version":0,"guid":"e23b33b0-c8c9-472c-a5f9-f2bdfea0f156","provider":"Microsoft-Windows-Security-SPP","source_name":"Software Protection Platform Service","record_id":3951,"task":0,"level":"Information","opcode":0,"keywords":"0x80000000000000","generated":"2026-03-06T05:27:14.6404545Z","system_time":"2026-03-06T05:27:14.640454Z","activity_id":"","process_id":2700,"thread_id":0,"sid":"","channel":"Application","computer":"runnervmkjq7x","message_file":"C:\\Windows\\system32\\sppsvc.exe","parameter_file":"","registry_file":"C:\\Windows\\System32\\config\\SOFTWARE","registry_path":"ROOT\\Microsoft\\Windows\\CurrentVersion\\WINEVT\\Publishers\\{e23b33b0-c8c9-472c-a5f9-f2bdfea0f156}","rendering_info":null,"evidence":"C:\\Windows\\System32\\winevt\\Logs\\Application.evtx","collection_metadata":{"endpoint_id":"6c51b123-1522-4572-9f2a-0bd5abd81b82","uuid":"311e84a0-dd73-496a-bea2-6eb3c2cee067","id":1,"artifact_name":"eventlogs","complete_time":"2026-03-06T05:52:02.000Z","start_time":"2026-03-06T05:52:02.000Z","hostname":"runnervmkjq7x","os_version":"11 (26100)","platform":"Windows","kernel_version":"26100","load_performance":{"avg_one_min":0.0,"avg_five_min":0.0,"avg_fifteen_min":0.0},"version":"0.19.0","rust_version":"1.94.0","build_date":"2026-03-06","interfaces":[{"ip":"10.1.0.194","mac":"60:45:bd:08:03:fc","name":"Ethernet 3"},{"ip":"fe80::8d8c:fee5:ef81:939b","mac":"60:45:bd:08:03:fc","name":"Ethernet 3"},{"ip":"fe80::636f:ee22:53ad:7d98","mac":"00:15:5d:02:b5:d2","name":"vEthernet (nat)"},{"ip":"192.168.208.1","mac":"00:15:5d:02:b5:d2","name":"vEthernet (nat)"}]}}
{"message":"Downlevel Genuine Ticket successfully deposited.\r\n","template_message":"Downlevel Genuine Ticket successfully deposited.\r\n","raw_event_data":{"Data":{"#text":"0xC004D30B"},"Binary":null},"event_id":16389,"qualifier":16384,"version":0,"guid":"e23b33b0-c8c9-472c-a5f9-f2bdfea0f156","provider":"Microsoft-Windows-Security-SPP","source_name":"Software Protection Platform Service","record_id":3952,"task":0,"level":"Information","opcode":0,"keywords":"0x80000000000000","generated":"2026-03-06T05:27:14.666157Z","system_time":"2026-03-06T05:27:14.666157Z","activity_id":"","process_id":2700,"thread_id":0,"sid":"","channel":"Application","computer":"runnervmkjq7x","message_file":"C:\\Windows\\system32\\sppsvc.exe","parameter_file":"","registry_file":"C:\\Windows\\System32\\config\\SOFTWARE","registry_path":"ROOT\\Microsoft\\Windows\\CurrentVersion\\WINEVT\\Publishers\\{e23b33b0-c8c9-472c-a5f9-f2bdfea0f156}","rendering_info":null,"evidence":"C:\\Windows\\System32\\winevt\\Logs\\Application.evtx","collection_metadata":{"endpoint_id":"6c51b123-1522-4572-9f2a-0bd5abd81b82","uuid":"311e84a0-dd73-496a-bea2-6eb3c2cee067","id":1,"artifact_name":"eventlogs","complete_time":"2026-03-06T05:52:02.000Z","start_time":"2026-03-06T05:52:02.000Z","hostname":"runnervmkjq7x","os_version":"11 (26100)","platform":"Windows","kernel_version":"26100","load_performance":{"avg_one_min":0.0,"avg_five_min":0.0,"avg_fifteen_min":0.0},"version":"0.19.0","rust_version":"1.94.0","build_date":"2026-03-06","interfaces":[{"ip":"10.1.0.194","mac":"60:45:bd:08:03:fc","name":"Ethernet 3"},{"ip":"fe80::8d8c:fee5:ef81:939b","mac":"60:45:bd:08:03:fc","name":"Ethernet 3"},{"ip":"fe80::636f:ee22:53ad:7d98","mac":"00:15:5d:02:b5:d2","name":"vEthernet (nat)"},{"ip":"192.168.208.1","mac":"00:15:5d:02:b5:d2","name":"vEthernet (nat)"}]}}
{"message":"Unable to collect NUMA physical memory utilization data. The first four bytes (DWORD) of the Data section contains the status code.\r\n","template_message":"Unable to collect NUMA physical memory utilization data. The first four bytes (DWORD) of the Data section contains the status code.\r\n","raw_event_data":{"NTSTATUS":2147483653},"event_id":2017,"qualifier":0,"version":1,"guid":"f82fb576-e941-4956-a2c7-a0cf83f6450a","provider":"Microsoft-Windows-PerfOS","source_name":"","record_id":3953,"task":0,"level":"Warning","opcode":0,"keywords":"0x8000000000000000","generated":"2026-03-06T05:27:14.4767812Z","system_time":"2026-03-06T05:27:14.476781Z","activity_id":"","process_id":5204,"thread_id":1612,"sid":"S-1-5-18","channel":"Application","computer":"runnervmkjq7x","message_file":"C:\\Windows\\system32\\perfos.dll","parameter_file":"C:\\Windows\\system32\\perfos.dll","registry_file":"C:\\Windows\\System32\\config\\SOFTWARE","registry_path":"ROOT\\Microsoft\\Windows\\CurrentVersion\\WINEVT\\Publishers\\{f82fb576-e941-4956-a2c7-a0cf83f6450a}","rendering_info":null,"evidence":"C:\\Windows\\System32\\winevt\\Logs\\Application.evtx","collection_metadata":{"endpoint_id":"6c51b123-1522-4572-9f2a-0bd5abd81b82","uuid":"311e84a0-dd73-496a-bea2-6eb3c2cee067","id":1,"artifact_name":"eventlogs","complete_time":"2026-03-06T05:52:02.000Z","start_time":"2026-03-06T05:52:02.000Z","hostname":"runnervmkjq7x","os_version":"11 (26100)","platform":"Windows","kernel_version":"26100","load_performance":{"avg_one_min":0.0,"avg_five_min":0.0,"avg_fifteen_min":0.0},"version":"0.19.0","rust_version":"1.94.0","build_date":"2026-03-06","interfaces":[{"ip":"10.1.0.194","mac":"60:45:bd:08:03:fc","name":"Ethernet 3"},{"ip":"fe80::8d8c:fee5:ef81:939b","mac":"60:45:bd:08:03:fc","name":"Ethernet 3"},{"ip":"fe80::636f:ee22:53ad:7d98","mac":"00:15:5d:02:b5:d2","name":"vEthernet (nat)"},{"ip":"192.168.208.1","mac":"00:15:5d:02:b5:d2","name":"vEthernet (nat)"}]}}
{"message":"Triggered repair of state locations because operation InitializeDataChangedSignaler against package Microsoft.Windows.StartMenuExperienceHost_cw5n1h2txyewy hit error -2147024894.\r\n","template_message":"Triggered repair of state locations because operation %1 against package %2 hit error %3.\r\n","raw_event_data":{"Operation":"InitializeDataChangedSignaler","PackageFamily":"Microsoft.Windows.StartMenuExperienceHost_cw5n1h2txyewy","OperationError":-2147024894},"event_id":23,"qualifier":0,"version":0,"guid":"bff15e13-81bf-45ee-8b16-7cfead00da86","provider":"Microsoft-Windows-AppModel-State","source_name":"","record_id":3954,"task":0,"level":"Warning","opcode":0,"keywords":"0x8000000000000000","generated":"2026-03-06T05:27:36.5787529Z","system_time":"2026-03-06T05:27:36.578752Z","activity_id":"2EFB4366-F746-0003-3C1D-BDA029ADDC01","process_id":6628,"thread_id":1348,"sid":"S-1-5-21-3384637798-107939553-668145058-500","channel":"Application","computer":"runnervmkjq7x","message_file":"C:\\Windows\\system32\\Microsoft-Windows-System-Events.dll","parameter_file":"","registry_file":"C:\\Windows\\System32\\config\\SOFTWARE","registry_path":"ROOT\\Microsoft\\Windows\\CurrentVersion\\WINEVT\\Publishers\\{bff15e13-81bf-45ee-8b16-7cfead00da86}","rendering_info":null,"evidence":"C:\\Windows\\System32\\winevt\\Logs\\Application.evtx","collection_metadata":{"endpoint_id":"6c51b123-1522-4572-9f2a-0bd5abd81b82","uuid":"311e84a0-dd73-496a-bea2-6eb3c2cee067","id":1,"artifact_name":"eventlogs","complete_time":"2026-03-06T05:52:02.000Z","start_time":"2026-03-06T05:52:02.000Z","hostname":"runnervmkjq7x","os_version":"11 (26100)","platform":"Windows","kernel_version":"26100","load_performance":{"avg_one_min":0.0,"avg_five_min":0.0,"avg_fifteen_min":0.0},"version":"0.19.0","rust_version":"1.94.0","build_date":"2026-03-06","interfaces":[{"ip":"10.1.0.194","mac":"60:45:bd:08:03:fc","name":"Ethernet 3"},{"ip":"fe80::8d8c:fee5:ef81:939b","mac":"60:45:bd:08:03:fc","name":"Ethernet 3"},{"ip":"fe80::636f:ee22:53ad:7d98","mac":"00:15:5d:02:b5:d2","name":"vEthernet (nat)"},{"ip":"192.168.208.1","mac":"00:15:5d:02:b5:d2","name":"vEthernet (nat)"}]}}
{"message":"Repair of state locations for operation InitializeDataChangedSignaler against package Microsoft.Windows.StartMenuExperienceHost_cw5n1h2txyewy with error -2147024894 returned Error Code: 0\r\n","template_message":"Repair of state locations for operation %1 against package %2 with error %3 returned Error Code: %4\r\n","raw_event_data":{"Operation":"InitializeDataChangedSignaler","PackageFamily":"Microsoft.Windows.StartMenuExperienceHost_cw5n1h2txyewy","OperationError":-2147024894,"RepairTriggerError":0},"event_id":24,"qualifier":0,"version":0,"guid":"bff15e13-81bf-45ee-8b16-7cfead00da86","provider":"Microsoft-Windows-AppModel-State","source_name":"","record_id":3955,"task":0,"level":"Warning","opcode":0,"keywords":"0x8000000000000000","generated":"2026-03-06T05:27:36.5995489Z","system_time":"2026-03-06T05:27:36.599548Z","activity_id":"2EFB4366-F746-0003-3C1D-BDA029ADDC01","process_id":6628,"thread_id":1348,"sid":"S-1-5-21-3384637798-107939553-668145058-500","channel":"Application","computer":"runnervmkjq7x","message_file":"C:\\Windows\\system32\\Microsoft-Windows-System-Events.dll","parameter_file":"","registry_file":"C:\\Windows\\System32\\config\\SOFTWARE","registry_path":"ROOT\\Microsoft\\Windows\\CurrentVersion\\WINEVT\\Publishers\\{bff15e13-81bf-45ee-8b16-7cfead00da86}","rendering_info":null,"evidence":"C:\\Windows\\System32\\winevt\\Logs\\Application.evtx","collection_metadata":{"endpoint_id":"6c51b123-1522-4572-9f2a-0bd5abd81b82","uuid":"311e84a0-dd73-496a-bea2-6eb3c2cee067","id":1,"artifact_name":"eventlogs","complete_time":"2026-03-06T05:52:02.000Z","start_time":"2026-03-06T05:52:02.000Z","hostname":"runnervmkjq7x","os_version":"11 (26100)","platform":"Windows","kernel_version":"26100","load_performance":{"avg_one_min":0.0,"avg_five_min":0.0,"avg_fifteen_min":0.0},"version":"0.19.0","rust_version":"1.94.0","build_date":"2026-03-06","interfaces":[{"ip":"10.1.0.194","mac":"60:45:bd:08:03:fc","name":"Ethernet 3"},{"ip":"fe80::8d8c:fee5:ef81:939b","mac":"60:45:bd:08:03:fc","name":"Ethernet 3"},{"ip":"fe80::636f:ee22:53ad:7d98","mac":"00:15:5d:02:b5:d2","name":"vEthernet (nat)"},{"ip":"192.168.208.1","mac":"00:15:5d:02:b5:d2","name":"vEthernet (nat)"}]}}
{"message":"Triggered repair of state locations because operation InitializeDataChangedSignaler against package Microsoft.AAD.BrokerPlugin_cw5n1h2txyewy hit error -2147024894.\r\n","template_message":"Triggered repair of state locations because operation %1 against package %2 hit error %3.\r\n","raw_event_data":{"Operation":"InitializeDataChangedSignaler","PackageFamily":"Microsoft.AAD.BrokerPlugin_cw5n1h2txyewy","OperationError":-2147024894},"event_id":23,"qualifier":0,"version":0,"guid":"bff15e13-81bf-45ee-8b16-7cfead00da86","provider":"Microsoft-Windows-AppModel-State","source_name":"","record_id":3956,"task":0,"level":"Warning","opcode":0,"keywords":"0x8000000000000000","generated":"2026-03-06T05:27:41.8063208Z","system_time":"2026-03-06T05:27:41.806320Z","activity_id":"2EFB4366-F746-0003-E934-BDA029ADDC01","process_id":8168,"thread_id":2864,"sid":"S-1-5-21-3384637798-107939553-668145058-500","channel":"Application","computer":"runnervmkjq7x","message_file":"C:\\Windows\\system32\\Microsoft-Windows-System-Events.dll","parameter_file":"","registry_file":"C:\\Windows\\System32\\config\\SOFTWARE","registry_path":"ROOT\\Microsoft\\Windows\\CurrentVersion\\WINEVT\\Publishers\\{bff15e13-81bf-45ee-8b16-7cfead00da86}","rendering_info":null,"evidence":"C:\\Windows\\System32\\winevt\\Logs\\Application.evtx","collection_metadata":{"endpoint_id":"6c51b123-1522-4572-9f2a-0bd5abd81b82","uuid":"311e84a0-dd73-496a-bea2-6eb3c2cee067","id":1,"artifact_name":"eventlogs","complete_time":"2026-03-06T05:52:02.000Z","start_time":"2026-03-06T05:52:02.000Z","hostname":"runnervmkjq7x","os_version":"11 (26100)","platform":"Windows","kernel_version":"26100","load_performance":{"avg_one_min":0.0,"avg_five_min":0.0,"avg_fifteen_min":0.0},"version":"0.19.0","rust_version":"1.94.0","build_date":"2026-03-06","interfaces":[{"ip":"10.1.0.194","mac":"60:45:bd:08:03:fc","name":"Ethernet 3"},{"ip":"fe80::8d8c:fee5:ef81:939b","mac":"60:45:bd:08:03:fc","name":"Ethernet 3"},{"ip":"fe80::636f:ee22:53ad:7d98","mac":"00:15:5d:02:b5:d2","name":"vEthernet (nat)"},{"ip":"192.168.208.1","mac":"00:15:5d:02:b5:d2","name":"vEthernet (nat)"}]}}
