{"message":"The User Profile Service has started successfully.  \n\n\r\n","template_message":"The User Profile Service has started successfully.  %n%n\r\n","raw_event_data":null,"event_id":1531,"qualifier":0,"version":0,"guid":"89b1e9f0-5aff-44a6-9b44-0a07a7ce5845","provider":"Microsoft-Windows-User Profiles Service","source_name":"","record_id":3882,"task":0,"level":"Information","opcode":0,"keywords":"0x8000000000000000","generated":"2026-03-03T02:48:13.0913783Z","system_time":"2026-03-03T02:48:13.091378Z","activity_id":"","process_id":2788,"thread_id":2956,"sid":"S-1-5-18","channel":"Application","computer":"runnervmkjq7x","message_file":"C:\\Windows\\System32\\profsvc.dll","parameter_file":"","registry_file":"C:\\Windows\\System32\\config\\SOFTWARE","registry_path":"ROOT\\Microsoft\\Windows\\CurrentVersion\\WINEVT\\Publishers\\{89b1e9f0-5aff-44a6-9b44-0a07a7ce5845}","rendering_info":null,"evidence":"C:\\Windows\\System32\\winevt\\Logs\\Application.evtx","collection_metadata":{"endpoint_id":"6c51b123-1522-4572-9f2a-0bd5abd81b82","uuid":"311e84a0-dd73-496a-bea2-6eb3c2cee067","id":1,"artifact_name":"eventlogs","complete_time":"2026-03-06T05:52:02.000Z","start_time":"2026-03-06T05:52:02.000Z","hostname":"runnervmkjq7x","os_version":"11 (26100)","platform":"Windows","kernel_version":"26100","load_performance":{"avg_one_min":0.0,"avg_five_min":0.0,"avg_fifteen_min":0.0},"version":"0.19.0","rust_version":"1.94.0","build_date":"2026-03-06","interfaces":[{"ip":"10.1.0.194","mac":"60:45:bd:08:03:fc","name":"Ethernet 3"},{"ip":"fe80::8d8c:fee5:ef81:939b","mac":"60:45:bd:08:03:fc","name":"Ethernet 3"},{"ip":"fe80::636f:ee22:53ad:7d98","mac":"00:15:5d:02:b5:d2","name":"vEthernet (nat)"},{"ip":"192.168.208.1","mac":"00:15:5d:02:b5:d2","name":"vEthernet (nat)"}]}}
{"message":"Windows Management Instrumentation Service subsystems initialized successfully\r\n","template_message":"Windows Management Instrumentation Service subsystems initialized successfully\r\n","raw_event_data":null,"event_id":5617,"qualifier":0,"version":2,"guid":"1edeee53-0afe-4609-b846-d8c0b2075b1f","provider":"Microsoft-Windows-WMI","source_name":"","record_id":3883,"task":0,"level":"Information","opcode":0,"keywords":"0x8000000000000000","generated":"2026-03-03T02:48:13.6721386Z","system_time":"2026-03-03T02:48:13.672138Z","activity_id":"","process_id":1772,"thread_id":2748,"sid":"S-1-5-18","channel":"Application","computer":"runnervmkjq7x","message_file":"C:\\Windows\\system32\\wbem\\WinMgmtR.dll","parameter_file":"","registry_file":"C:\\Windows\\System32\\config\\SOFTWARE","registry_path":"ROOT\\Microsoft\\Windows\\CurrentVersion\\WINEVT\\Publishers\\{1edeee53-0afe-4609-b846-d8c0b2075b1f}","rendering_info":null,"evidence":"C:\\Windows\\System32\\winevt\\Logs\\Application.evtx","collection_metadata":{"endpoint_id":"6c51b123-1522-4572-9f2a-0bd5abd81b82","uuid":"311e84a0-dd73-496a-bea2-6eb3c2cee067","id":1,"artifact_name":"eventlogs","complete_time":"2026-03-06T05:52:02.000Z","start_time":"2026-03-06T05:52:02.000Z","hostname":"runnervmkjq7x","os_version":"11 (26100)","platform":"Windows","kernel_version":"26100","load_performance":{"avg_one_min":0.0,"avg_five_min":0.0,"avg_fifteen_min":0.0},"version":"0.19.0","rust_version":"1.94.0","build_date":"2026-03-06","interfaces":[{"ip":"10.1.0.194","mac":"60:45:bd:08:03:fc","name":"Ethernet 3"},{"ip":"fe80::8d8c:fee5:ef81:939b","mac":"60:45:bd:08:03:fc","name":"Ethernet 3"},{"ip":"fe80::636f:ee22:53ad:7d98","mac":"00:15:5d:02:b5:d2","name":"vEthernet (nat)"},{"ip":"192.168.208.1","mac":"00:15:5d:02:b5:d2","name":"vEthernet (nat)"}]}}
{"message":"Service started successfully.\r\n","template_message":"%1\r\n","raw_event_data":{"Data":{"#text":"Service started successfully."},"Binary":null},"event_id":0,"qualifier":0,"version":0,"guid":"","provider":"WindowsAzureGuestAgent","source_name":"","record_id":3884,"task":0,"level":"Information","opcode":0,"keywords":"0x80000000000000","generated":"2026-03-03T02:48:14.1816226Z","system_time":"2026-03-03T02:48:14.181622Z","activity_id":"","process_id":4116,"thread_id":0,"sid":"","channel":"Application","computer":"runnervmkjq7x","message_file":"C:\\Windows\\Microsoft.NET\\Framework64\\v4.0.30319\\EventLogMessages.dll","parameter_file":"","registry_file":"C:\\Windows\\System32\\config\\SYSTEM","registry_path":"ROOT\\ControlSet002\\Services\\EventLog\\Application\\WindowsAzureGuestAgent","rendering_info":null,"evidence":"C:\\Windows\\System32\\winevt\\Logs\\Application.evtx","collection_metadata":{"endpoint_id":"6c51b123-1522-4572-9f2a-0bd5abd81b82","uuid":"311e84a0-dd73-496a-bea2-6eb3c2cee067","id":1,"artifact_name":"eventlogs","complete_time":"2026-03-06T05:52:02.000Z","start_time":"2026-03-06T05:52:02.000Z","hostname":"runnervmkjq7x","os_version":"11 (26100)","platform":"Windows","kernel_version":"26100","load_performance":{"avg_one_min":0.0,"avg_five_min":0.0,"avg_fifteen_min":0.0},"version":"0.19.0","rust_version":"1.94.0","build_date":"2026-03-06","interfaces":[{"ip":"10.1.0.194","mac":"60:45:bd:08:03:fc","name":"Ethernet 3"},{"ip":"fe80::8d8c:fee5:ef81:939b","mac":"60:45:bd:08:03:fc","name":"Ethernet 3"},{"ip":"fe80::636f:ee22:53ad:7d98","mac":"00:15:5d:02:b5:d2","name":"vEthernet (nat)"},{"ip":"192.168.208.1","mac":"00:15:5d:02:b5:d2","name":"vEthernet (nat)"}]}}
{"message":"The Message Queuing service started.\r\n","template_message":"The Message Queuing service started.\r\n","raw_event_data":null,"event_id":2028,"qualifier":16384,"version":0,"guid":"ce18af71-5efd-4f5a-9bd5-635e34632f69","provider":"Microsoft-Windows-MSMQ","source_name":"MSMQ","record_id":3885,"task":0,"level":"Information","opcode":0,"keywords":"0x80000000000000","generated":"2026-03-03T02:48:14.2439969Z","system_time":"2026-03-03T02:48:14.243996Z","activity_id":"","process_id":3988,"thread_id":0,"sid":"","channel":"Application","computer":"runnervmkjq7x","message_file":"C:\\Windows\\system32\\mqutil.dll","parameter_file":"","registry_file":"C:\\Windows\\System32\\config\\SOFTWARE","registry_path":"ROOT\\Microsoft\\Windows\\CurrentVersion\\WINEVT\\Publishers\\{ce18af71-5efd-4f5a-9bd5-635e34632f69}","rendering_info":null,"evidence":"C:\\Windows\\System32\\winevt\\Logs\\Application.evtx","collection_metadata":{"endpoint_id":"6c51b123-1522-4572-9f2a-0bd5abd81b82","uuid":"311e84a0-dd73-496a-bea2-6eb3c2cee067","id":1,"artifact_name":"eventlogs","complete_time":"2026-03-06T05:52:02.000Z","start_time":"2026-03-06T05:52:02.000Z","hostname":"runnervmkjq7x","os_version":"11 (26100)","platform":"Windows","kernel_version":"26100","load_performance":{"avg_one_min":0.0,"avg_five_min":0.0,"avg_fifteen_min":0.0},"version":"0.19.0","rust_version":"1.94.0","build_date":"2026-03-06","interfaces":[{"ip":"10.1.0.194","mac":"60:45:bd:08:03:fc","name":"Ethernet 3"},{"ip":"fe80::8d8c:fee5:ef81:939b","mac":"60:45:bd:08:03:fc","name":"Ethernet 3"},{"ip":"fe80::636f:ee22:53ad:7d98","mac":"00:15:5d:02:b5:d2","name":"vEthernet (nat)"},{"ip":"192.168.208.1","mac":"00:15:5d:02:b5:d2","name":"vEthernet (nat)"}]}}
{"message":"Listener Adapter protocol 'net.pipe' successfully connected to Windows Process Activation Service.\r\n","template_message":"Listener Adapter protocol '%1' successfully connected to Windows Process Activation Service.\r\n","raw_event_data":{"ListenerAdapterProtocol":"net.pipe"},"event_id":7003,"qualifier":16384,"version":0,"guid":"d60acc81-2608-4617-bfb7-2452bf002430","provider":"Microsoft-Windows-WAS-ListenerAdapter","source_name":"WAS-LA","record_id":3886,"task":0,"level":"Information","opcode":0,"keywords":"0x80000000000000","generated":"2026-03-03T02:48:14.2914834Z","system_time":"2026-03-03T02:48:14.291483Z","activity_id":"","process_id":3948,"thread_id":0,"sid":"","channel":"Application","computer":"runnervmkjq7x","message_file":"C:\\Windows\\system32\\inetsrv\\iisres.dll","parameter_file":"","registry_file":"C:\\Windows\\System32\\config\\SOFTWARE","registry_path":"ROOT\\Microsoft\\Windows\\CurrentVersion\\WINEVT\\Publishers\\{d60acc81-2608-4617-bfb7-2452bf002430}","rendering_info":null,"evidence":"C:\\Windows\\System32\\winevt\\Logs\\Application.evtx","collection_metadata":{"endpoint_id":"6c51b123-1522-4572-9f2a-0bd5abd81b82","uuid":"311e84a0-dd73-496a-bea2-6eb3c2cee067","id":1,"artifact_name":"eventlogs","complete_time":"2026-03-06T05:52:02.000Z","start_time":"2026-03-06T05:52:02.000Z","hostname":"runnervmkjq7x","os_version":"11 (26100)","platform":"Windows","kernel_version":"26100","load_performance":{"avg_one_min":0.0,"avg_five_min":0.0,"avg_fifteen_min":0.0},"version":"0.19.0","rust_version":"1.94.0","build_date":"2026-03-06","interfaces":[{"ip":"10.1.0.194","mac":"60:45:bd:08:03:fc","name":"Ethernet 3"},{"ip":"fe80::8d8c:fee5:ef81:939b","mac":"60:45:bd:08:03:fc","name":"Ethernet 3"},{"ip":"fe80::636f:ee22:53ad:7d98","mac":"00:15:5d:02:b5:d2","name":"vEthernet (nat)"},{"ip":"192.168.208.1","mac":"00:15:5d:02:b5:d2","name":"vEthernet (nat)"}]}}
{"message":"Listener Adapter protocol 'msmq.formatname' successfully connected to Windows Process Activation Service.\r\n","template_message":"Listener Adapter protocol '%1' successfully connected to Windows Process Activation Service.\r\n","raw_event_data":{"ListenerAdapterProtocol":"msmq.formatname"},"event_id":7003,"qualifier":16384,"version":0,"guid":"d60acc81-2608-4617-bfb7-2452bf002430","provider":"Microsoft-Windows-WAS-ListenerAdapter","source_name":"WAS-LA","record_id":3887,"task":0,"level":"Information","opcode":0,"keywords":"0x80000000000000","generated":"2026-03-03T02:48:14.4365745Z","system_time":"2026-03-03T02:48:14.436574Z","activity_id":"","process_id":5540,"thread_id":0,"sid":"","channel":"Application","computer":"runnervmkjq7x","message_file":"C:\\Windows\\system32\\inetsrv\\iisres.dll","parameter_file":"","registry_file":"C:\\Windows\\System32\\config\\SOFTWARE","registry_path":"ROOT\\Microsoft\\Windows\\CurrentVersion\\WINEVT\\Publishers\\{d60acc81-2608-4617-bfb7-2452bf002430}","rendering_info":null,"evidence":"C:\\Windows\\System32\\winevt\\Logs\\Application.evtx","collection_metadata":{"endpoint_id":"6c51b123-1522-4572-9f2a-0bd5abd81b82","uuid":"311e84a0-dd73-496a-bea2-6eb3c2cee067","id":1,"artifact_name":"eventlogs","complete_time":"2026-03-06T05:52:02.000Z","start_time":"2026-03-06T05:52:02.000Z","hostname":"runnervmkjq7x","os_version":"11 (26100)","platform":"Windows","kernel_version":"26100","load_performance":{"avg_one_min":0.0,"avg_five_min":0.0,"avg_fifteen_min":0.0},"version":"0.19.0","rust_version":"1.94.0","build_date":"2026-03-06","interfaces":[{"ip":"10.1.0.194","mac":"60:45:bd:08:03:fc","name":"Ethernet 3"},{"ip":"fe80::8d8c:fee5:ef81:939b","mac":"60:45:bd:08:03:fc","name":"Ethernet 3"},{"ip":"fe80::636f:ee22:53ad:7d98","mac":"00:15:5d:02:b5:d2","name":"vEthernet (nat)"},{"ip":"192.168.208.1","mac":"00:15:5d:02:b5:d2","name":"vEthernet (nat)"}]}}
{"message":"Listener Adapter protocol 'net.msmq' successfully connected to Windows Process Activation Service.\r\n","template_message":"Listener Adapter protocol '%1' successfully connected to Windows Process Activation Service.\r\n","raw_event_data":{"ListenerAdapterProtocol":"net.msmq"},"event_id":7003,"qualifier":16384,"version":0,"guid":"d60acc81-2608-4617-bfb7-2452bf002430","provider":"Microsoft-Windows-WAS-ListenerAdapter","source_name":"WAS-LA","record_id":3888,"task":0,"level":"Information","opcode":0,"keywords":"0x80000000000000","generated":"2026-03-03T02:48:14.5460213Z","system_time":"2026-03-03T02:48:14.546021Z","activity_id":"","process_id":5540,"thread_id":0,"sid":"","channel":"Application","computer":"runnervmkjq7x","message_file":"C:\\Windows\\system32\\inetsrv\\iisres.dll","parameter_file":"","registry_file":"C:\\Windows\\System32\\config\\SOFTWARE","registry_path":"ROOT\\Microsoft\\Windows\\CurrentVersion\\WINEVT\\Publishers\\{d60acc81-2608-4617-bfb7-2452bf002430}","rendering_info":null,"evidence":"C:\\Windows\\System32\\winevt\\Logs\\Application.evtx","collection_metadata":{"endpoint_id":"6c51b123-1522-4572-9f2a-0bd5abd81b82","uuid":"311e84a0-dd73-496a-bea2-6eb3c2cee067","id":1,"artifact_name":"eventlogs","complete_time":"2026-03-06T05:52:02.000Z","start_time":"2026-03-06T05:52:02.000Z","hostname":"runnervmkjq7x","os_version":"11 (26100)","platform":"Windows","kernel_version":"26100","load_performance":{"avg_one_min":0.0,"avg_five_min":0.0,"avg_fifteen_min":0.0},"version":"0.19.0","rust_version":"1.94.0","build_date":"2026-03-06","interfaces":[{"ip":"10.1.0.194","mac":"60:45:bd:08:03:fc","name":"Ethernet 3"},{"ip":"fe80::8d8c:fee5:ef81:939b","mac":"60:45:bd:08:03:fc","name":"Ethernet 3"},{"ip":"fe80::636f:ee22:53ad:7d98","mac":"00:15:5d:02:b5:d2","name":"vEthernet (nat)"},{"ip":"192.168.208.1","mac":"00:15:5d:02:b5:d2","name":"vEthernet (nat)"}]}}
{"message":"Listener Adapter protocol 'net.tcp' successfully connected to Windows Process Activation Service.\r\n","template_message":"Listener Adapter protocol '%1' successfully connected to Windows Process Activation Service.\r\n","raw_event_data":{"ListenerAdapterProtocol":"net.tcp"},"event_id":7003,"qualifier":16384,"version":0,"guid":"d60acc81-2608-4617-bfb7-2452bf002430","provider":"Microsoft-Windows-WAS-ListenerAdapter","source_name":"WAS-LA","record_id":3889,"task":0,"level":"Information","opcode":0,"keywords":"0x80000000000000","generated":"2026-03-03T02:48:14.7868526Z","system_time":"2026-03-03T02:48:14.786852Z","activity_id":"","process_id":3948,"thread_id":0,"sid":"","channel":"Application","computer":"runnervmkjq7x","message_file":"C:\\Windows\\system32\\inetsrv\\iisres.dll","parameter_file":"","registry_file":"C:\\Windows\\System32\\config\\SOFTWARE","registry_path":"ROOT\\Microsoft\\Windows\\CurrentVersion\\WINEVT\\Publishers\\{d60acc81-2608-4617-bfb7-2452bf002430}","rendering_info":null,"evidence":"C:\\Windows\\System32\\winevt\\Logs\\Application.evtx","collection_metadata":{"endpoint_id":"6c51b123-1522-4572-9f2a-0bd5abd81b82","uuid":"311e84a0-dd73-496a-bea2-6eb3c2cee067","id":1,"artifact_name":"eventlogs","complete_time":"2026-03-06T05:52:02.000Z","start_time":"2026-03-06T05:52:02.000Z","hostname":"runnervmkjq7x","os_version":"11 (26100)","platform":"Windows","kernel_version":"26100","load_performance":{"avg_one_min":0.0,"avg_five_min":0.0,"avg_fifteen_min":0.0},"version":"0.19.0","rust_version":"1.94.0","build_date":"2026-03-06","interfaces":[{"ip":"10.1.0.194","mac":"60:45:bd:08:03:fc","name":"Ethernet 3"},{"ip":"fe80::8d8c:fee5:ef81:939b","mac":"60:45:bd:08:03:fc","name":"Ethernet 3"},{"ip":"fe80::636f:ee22:53ad:7d98","mac":"00:15:5d:02:b5:d2","name":"vEthernet (nat)"},{"ip":"192.168.208.1","mac":"00:15:5d:02:b5:d2","name":"vEthernet (nat)"}]}}
{"message":"Starting up\n","template_message":"%1\n","raw_event_data":{"Data":{"#text":"Starting up"},"Binary":null},"event_id":1,"qualifier":0,"version":0,"guid":"","provider":"docker","source_name":"","record_id":3890,"task":0,"level":"Information","opcode":0,"keywords":"0x80000000000000","generated":"2026-03-03T02:48:15.3894544Z","system_time":"2026-03-03T02:48:15.389454Z","activity_id":"","process_id":3796,"thread_id":0,"sid":"","channel":"Application","computer":"runnervmkjq7x","message_file":"C:\\Windows\\system32\\dockerd.exe","parameter_file":"","registry_file":"C:\\Windows\\System32\\config\\SYSTEM","registry_path":"ROOT\\ControlSet002\\Services\\EventLog\\Application\\docker","rendering_info":null,"evidence":"C:\\Windows\\System32\\winevt\\Logs\\Application.evtx","collection_metadata":{"endpoint_id":"6c51b123-1522-4572-9f2a-0bd5abd81b82","uuid":"311e84a0-dd73-496a-bea2-6eb3c2cee067","id":1,"artifact_name":"eventlogs","complete_time":"2026-03-06T05:52:02.000Z","start_time":"2026-03-06T05:52:02.000Z","hostname":"runnervmkjq7x","os_version":"11 (26100)","platform":"Windows","kernel_version":"26100","load_performance":{"avg_one_min":0.0,"avg_five_min":0.0,"avg_fifteen_min":0.0},"version":"0.19.0","rust_version":"1.94.0","build_date":"2026-03-06","interfaces":[{"ip":"10.1.0.194","mac":"60:45:bd:08:03:fc","name":"Ethernet 3"},{"ip":"fe80::8d8c:fee5:ef81:939b","mac":"60:45:bd:08:03:fc","name":"Ethernet 3"},{"ip":"fe80::636f:ee22:53ad:7d98","mac":"00:15:5d:02:b5:d2","name":"vEthernet (nat)"},{"ip":"192.168.208.1","mac":"00:15:5d:02:b5:d2","name":"vEthernet (nat)"}]}}
{"message":"OTEL tracing is not configured, using no-op tracer provider\n","template_message":"%1\n","raw_event_data":{"Data":{"#text":"OTEL tracing is not configured, using no-op tracer provider"},"Binary":null},"event_id":1,"qualifier":0,"version":0,"guid":"","provider":"docker","source_name":"","record_id":3891,"task":0,"level":"Information","opcode":0,"keywords":"0x80000000000000","generated":"2026-03-03T02:48:15.7295987Z","system_time":"2026-03-03T02:48:15.729598Z","activity_id":"","process_id":3796,"thread_id":0,"sid":"","channel":"Application","computer":"runnervmkjq7x","message_file":"C:\\Windows\\system32\\dockerd.exe","parameter_file":"","registry_file":"C:\\Windows\\System32\\config\\SYSTEM","registry_path":"ROOT\\ControlSet002\\Services\\EventLog\\Application\\docker","rendering_info":null,"evidence":"C:\\Windows\\System32\\winevt\\Logs\\Application.evtx","collection_metadata":{"endpoint_id":"6c51b123-1522-4572-9f2a-0bd5abd81b82","uuid":"311e84a0-dd73-496a-bea2-6eb3c2cee067","id":1,"artifact_name":"eventlogs","complete_time":"2026-03-06T05:52:02.000Z","start_time":"2026-03-06T05:52:02.000Z","hostname":"runnervmkjq7x","os_version":"11 (26100)","platform":"Windows","kernel_version":"26100","load_performance":{"avg_one_min":0.0,"avg_five_min":0.0,"avg_fifteen_min":0.0},"version":"0.19.0","rust_version":"1.94.0","build_date":"2026-03-06","interfaces":[{"ip":"10.1.0.194","mac":"60:45:bd:08:03:fc","name":"Ethernet 3"},{"ip":"fe80::8d8c:fee5:ef81:939b","mac":"60:45:bd:08:03:fc","name":"Ethernet 3"},{"ip":"fe80::636f:ee22:53ad:7d98","mac":"00:15:5d:02:b5:d2","name":"vEthernet (nat)"},{"ip":"192.168.208.1","mac":"00:15:5d:02:b5:d2","name":"vEthernet (nat)"}]}}
{"message":"Windows default isolation mode: process\n","template_message":"%1\n","raw_event_data":{"Data":{"#text":"Windows default isolation mode: process"},"Binary":null},"event_id":1,"qualifier":0,"version":0,"guid":"","provider":"docker","source_name":"","record_id":3892,"task":0,"level":"Information","opcode":0,"keywords":"0x80000000000000","generated":"2026-03-03T02:48:15.750917Z","system_time":"2026-03-03T02:48:15.750917Z","activity_id":"","process_id":3796,"thread_id":0,"sid":"","channel":"Application","computer":"runnervmkjq7x","message_file":"C:\\Windows\\system32\\dockerd.exe","parameter_file":"","registry_file":"C:\\Windows\\System32\\config\\SYSTEM","registry_path":"ROOT\\ControlSet002\\Services\\EventLog\\Application\\docker","rendering_info":null,"evidence":"C:\\Windows\\System32\\winevt\\Logs\\Application.evtx","collection_metadata":{"endpoint_id":"6c51b123-1522-4572-9f2a-0bd5abd81b82","uuid":"311e84a0-dd73-496a-bea2-6eb3c2cee067","id":1,"artifact_name":"eventlogs","complete_time":"2026-03-06T05:52:02.000Z","start_time":"2026-03-06T05:52:02.000Z","hostname":"runnervmkjq7x","os_version":"11 (26100)","platform":"Windows","kernel_version":"26100","load_performance":{"avg_one_min":0.0,"avg_five_min":0.0,"avg_fifteen_min":0.0},"version":"0.19.0","rust_version":"1.94.0","build_date":"2026-03-06","interfaces":[{"ip":"10.1.0.194","mac":"60:45:bd:08:03:fc","name":"Ethernet 3"},{"ip":"fe80::8d8c:fee5:ef81:939b","mac":"60:45:bd:08:03:fc","name":"Ethernet 3"},{"ip":"fe80::636f:ee22:53ad:7d98","mac":"00:15:5d:02:b5:d2","name":"vEthernet (nat)"},{"ip":"192.168.208.1","mac":"00:15:5d:02:b5:d2","name":"vEthernet (nat)"}]}}
{"message":"Loading containers: start.\n","template_message":"%1\n","raw_event_data":{"Data":{"#text":"Loading containers: start."},"Binary":null},"event_id":1,"qualifier":0,"version":0,"guid":"","provider":"docker","source_name":"","record_id":3893,"task":0,"level":"Information","opcode":0,"keywords":"0x80000000000000","generated":"2026-03-03T02:48:15.7739151Z","system_time":"2026-03-03T02:48:15.773915Z","activity_id":"","process_id":3796,"thread_id":0,"sid":"","channel":"Application","computer":"runnervmkjq7x","message_file":"C:\\Windows\\system32\\dockerd.exe","parameter_file":"","registry_file":"C:\\Windows\\System32\\config\\SYSTEM","registry_path":"ROOT\\ControlSet002\\Services\\EventLog\\Application\\docker","rendering_info":null,"evidence":"C:\\Windows\\System32\\winevt\\Logs\\Application.evtx","collection_metadata":{"endpoint_id":"6c51b123-1522-4572-9f2a-0bd5abd81b82","uuid":"311e84a0-dd73-496a-bea2-6eb3c2cee067","id":1,"artifact_name":"eventlogs","complete_time":"2026-03-06T05:52:02.000Z","start_time":"2026-03-06T05:52:02.000Z","hostname":"runnervmkjq7x","os_version":"11 (26100)","platform":"Windows","kernel_version":"26100","load_performance":{"avg_one_min":0.0,"avg_five_min":0.0,"avg_fifteen_min":0.0},"version":"0.19.0","rust_version":"1.94.0","build_date":"2026-03-06","interfaces":[{"ip":"10.1.0.194","mac":"60:45:bd:08:03:fc","name":"Ethernet 3"},{"ip":"fe80::8d8c:fee5:ef81:939b","mac":"60:45:bd:08:03:fc","name":"Ethernet 3"},{"ip":"fe80::636f:ee22:53ad:7d98","mac":"00:15:5d:02:b5:d2","name":"vEthernet (nat)"},{"ip":"192.168.208.1","mac":"00:15:5d:02:b5:d2","name":"vEthernet (nat)"}]}}
{"message":"[graphdriver] trying configured driver: windowsfilter\n","template_message":"%1\n","raw_event_data":{"Data":{"#text":"[graphdriver] trying configured driver: windowsfilter"},"Binary":null},"event_id":1,"qualifier":0,"version":0,"guid":"","provider":"docker","source_name":"","record_id":3894,"task":0,"level":"Information","opcode":0,"keywords":"0x80000000000000","generated":"2026-03-03T02:48:15.7745115Z","system_time":"2026-03-03T02:48:15.774511Z","activity_id":"","process_id":3796,"thread_id":0,"sid":"","channel":"Application","computer":"runnervmkjq7x","message_file":"C:\\Windows\\system32\\dockerd.exe","parameter_file":"","registry_file":"C:\\Windows\\System32\\config\\SYSTEM","registry_path":"ROOT\\ControlSet002\\Services\\EventLog\\Application\\docker","rendering_info":null,"evidence":"C:\\Windows\\System32\\winevt\\Logs\\Application.evtx","collection_metadata":{"endpoint_id":"6c51b123-1522-4572-9f2a-0bd5abd81b82","uuid":"311e84a0-dd73-496a-bea2-6eb3c2cee067","id":1,"artifact_name":"eventlogs","complete_time":"2026-03-06T05:52:02.000Z","start_time":"2026-03-06T05:52:02.000Z","hostname":"runnervmkjq7x","os_version":"11 (26100)","platform":"Windows","kernel_version":"26100","load_performance":{"avg_one_min":0.0,"avg_five_min":0.0,"avg_fifteen_min":0.0},"version":"0.19.0","rust_version":"1.94.0","build_date":"2026-03-06","interfaces":[{"ip":"10.1.0.194","mac":"60:45:bd:08:03:fc","name":"Ethernet 3"},{"ip":"fe80::8d8c:fee5:ef81:939b","mac":"60:45:bd:08:03:fc","name":"Ethernet 3"},{"ip":"fe80::636f:ee22:53ad:7d98","mac":"00:15:5d:02:b5:d2","name":"vEthernet (nat)"},{"ip":"192.168.208.1","mac":"00:15:5d:02:b5:d2","name":"vEthernet (nat)"}]}}
{"message":"Restoring containers: start.\n","template_message":"%1\n","raw_event_data":{"Data":{"#text":"Restoring containers: start."},"Binary":null},"event_id":1,"qualifier":0,"version":0,"guid":"","provider":"docker","source_name":"","record_id":3895,"task":0,"level":"Information","opcode":0,"keywords":"0x80000000000000","generated":"2026-03-03T02:48:15.778973Z","system_time":"2026-03-03T02:48:15.778973Z","activity_id":"","process_id":3796,"thread_id":0,"sid":"","channel":"Application","computer":"runnervmkjq7x","message_file":"C:\\Windows\\system32\\dockerd.exe","parameter_file":"","registry_file":"C:\\Windows\\System32\\config\\SYSTEM","registry_path":"ROOT\\ControlSet002\\Services\\EventLog\\Application\\docker","rendering_info":null,"evidence":"C:\\Windows\\System32\\winevt\\Logs\\Application.evtx","collection_metadata":{"endpoint_id":"6c51b123-1522-4572-9f2a-0bd5abd81b82","uuid":"311e84a0-dd73-496a-bea2-6eb3c2cee067","id":1,"artifact_name":"eventlogs","complete_time":"2026-03-06T05:52:02.000Z","start_time":"2026-03-06T05:52:02.000Z","hostname":"runnervmkjq7x","os_version":"11 (26100)","platform":"Windows","kernel_version":"26100","load_performance":{"avg_one_min":0.0,"avg_five_min":0.0,"avg_fifteen_min":0.0},"version":"0.19.0","rust_version":"1.94.0","build_date":"2026-03-06","interfaces":[{"ip":"10.1.0.194","mac":"60:45:bd:08:03:fc","name":"Ethernet 3"},{"ip":"fe80::8d8c:fee5:ef81:939b","mac":"60:45:bd:08:03:fc","name":"Ethernet 3"},{"ip":"fe80::636f:ee22:53ad:7d98","mac":"00:15:5d:02:b5:d2","name":"vEthernet (nat)"},{"ip":"192.168.208.1","mac":"00:15:5d:02:b5:d2","name":"vEthernet (nat)"}]}}
{"message":"Restoring existing overlay networks from HNS into docker\n","template_message":"%1\n","raw_event_data":{"Data":{"#text":"Restoring existing overlay networks from HNS into docker"},"Binary":null},"event_id":1,"qualifier":0,"version":0,"guid":"","provider":"docker","source_name":"","record_id":3896,"task":0,"level":"Information","opcode":0,"keywords":"0x80000000000000","generated":"2026-03-03T02:48:15.7824064Z","system_time":"2026-03-03T02:48:15.782406Z","activity_id":"","process_id":3796,"thread_id":0,"sid":"","channel":"Application","computer":"runnervmkjq7x","message_file":"C:\\Windows\\system32\\dockerd.exe","parameter_file":"","registry_file":"C:\\Windows\\System32\\config\\SYSTEM","registry_path":"ROOT\\ControlSet002\\Services\\EventLog\\Application\\docker","rendering_info":null,"evidence":"C:\\Windows\\System32\\winevt\\Logs\\Application.evtx","collection_metadata":{"endpoint_id":"6c51b123-1522-4572-9f2a-0bd5abd81b82","uuid":"311e84a0-dd73-496a-bea2-6eb3c2cee067","id":1,"artifact_name":"eventlogs","complete_time":"2026-03-06T05:52:02.000Z","start_time":"2026-03-06T05:52:02.000Z","hostname":"runnervmkjq7x","os_version":"11 (26100)","platform":"Windows","kernel_version":"26100","load_performance":{"avg_one_min":0.0,"avg_five_min":0.0,"avg_fifteen_min":0.0},"version":"0.19.0","rust_version":"1.94.0","build_date":"2026-03-06","interfaces":[{"ip":"10.1.0.194","mac":"60:45:bd:08:03:fc","name":"Ethernet 3"},{"ip":"fe80::8d8c:fee5:ef81:939b","mac":"60:45:bd:08:03:fc","name":"Ethernet 3"},{"ip":"fe80::636f:ee22:53ad:7d98","mac":"00:15:5d:02:b5:d2","name":"vEthernet (nat)"},{"ip":"192.168.208.1","mac":"00:15:5d:02:b5:d2","name":"vEthernet (nat)"}]}}
{"message":"Loading containers: done.\n","template_message":"%1\n","raw_event_data":{"Data":{"#text":"Loading containers: done."},"Binary":null},"event_id":1,"qualifier":0,"version":0,"guid":"","provider":"docker","source_name":"","record_id":3897,"task":0,"level":"Information","opcode":0,"keywords":"0x80000000000000","generated":"2026-03-03T02:48:23.1848337Z","system_time":"2026-03-03T02:48:23.184833Z","activity_id":"","process_id":3796,"thread_id":0,"sid":"","channel":"Application","computer":"runnervmkjq7x","message_file":"C:\\Windows\\system32\\dockerd.exe","parameter_file":"","registry_file":"C:\\Windows\\System32\\config\\SYSTEM","registry_path":"ROOT\\ControlSet002\\Services\\EventLog\\Application\\docker","rendering_info":null,"evidence":"C:\\Windows\\System32\\winevt\\Logs\\Application.evtx","collection_metadata":{"endpoint_id":"6c51b123-1522-4572-9f2a-0bd5abd81b82","uuid":"311e84a0-dd73-496a-bea2-6eb3c2cee067","id":1,"artifact_name":"eventlogs","complete_time":"2026-03-06T05:52:02.000Z","start_time":"2026-03-06T05:52:02.000Z","hostname":"runnervmkjq7x","os_version":"11 (26100)","platform":"Windows","kernel_version":"26100","load_performance":{"avg_one_min":0.0,"avg_five_min":0.0,"avg_fifteen_min":0.0},"version":"0.19.0","rust_version":"1.94.0","build_date":"2026-03-06","interfaces":[{"ip":"10.1.0.194","mac":"60:45:bd:08:03:fc","name":"Ethernet 3"},{"ip":"fe80::8d8c:fee5:ef81:939b","mac":"60:45:bd:08:03:fc","name":"Ethernet 3"},{"ip":"fe80::636f:ee22:53ad:7d98","mac":"00:15:5d:02:b5:d2","name":"vEthernet (nat)"},{"ip":"192.168.208.1","mac":"00:15:5d:02:b5:d2","name":"vEthernet (nat)"}]}}
{"message":"Docker daemon [version=29.1.5 commit=3b01d641 storage-driver=windowsfilter containerd-snapshotter=false]\n","template_message":"%1 [%2]\n","raw_event_data":{"Data":{"#text":["Docker daemon","version=29.1.5 commit=3b01d641 storage-driver=windowsfilter containerd-snapshotter=false"]},"Binary":null},"event_id":11,"qualifier":0,"version":0,"guid":"","provider":"docker","source_name":"","record_id":3898,"task":0,"level":"Information","opcode":0,"keywords":"0x80000000000000","generated":"2026-03-03T02:48:23.1864294Z","system_time":"2026-03-03T02:48:23.186429Z","activity_id":"","process_id":3796,"thread_id":0,"sid":"","channel":"Application","computer":"runnervmkjq7x","message_file":"C:\\Windows\\system32\\dockerd.exe","parameter_file":"","registry_file":"C:\\Windows\\System32\\config\\SYSTEM","registry_path":"ROOT\\ControlSet002\\Services\\EventLog\\Application\\docker","rendering_info":null,"evidence":"C:\\Windows\\System32\\winevt\\Logs\\Application.evtx","collection_metadata":{"endpoint_id":"6c51b123-1522-4572-9f2a-0bd5abd81b82","uuid":"311e84a0-dd73-496a-bea2-6eb3c2cee067","id":1,"artifact_name":"eventlogs","complete_time":"2026-03-06T05:52:02.000Z","start_time":"2026-03-06T05:52:02.000Z","hostname":"runnervmkjq7x","os_version":"11 (26100)","platform":"Windows","kernel_version":"26100","load_performance":{"avg_one_min":0.0,"avg_five_min":0.0,"avg_fifteen_min":0.0},"version":"0.19.0","rust_version":"1.94.0","build_date":"2026-03-06","interfaces":[{"ip":"10.1.0.194","mac":"60:45:bd:08:03:fc","name":"Ethernet 3"},{"ip":"fe80::8d8c:fee5:ef81:939b","mac":"60:45:bd:08:03:fc","name":"Ethernet 3"},{"ip":"fe80::636f:ee22:53ad:7d98","mac":"00:15:5d:02:b5:d2","name":"vEthernet (nat)"},{"ip":"192.168.208.1","mac":"00:15:5d:02:b5:d2","name":"vEthernet (nat)"}]}}
{"message":"Initializing buildkit\n","template_message":"%1\n","raw_event_data":{"Data":{"#text":"Initializing buildkit"},"Binary":null},"event_id":1,"qualifier":0,"version":0,"guid":"","provider":"docker","source_name":"","record_id":3899,"task":0,"level":"Information","opcode":0,"keywords":"0x80000000000000","generated":"2026-03-03T02:48:23.1876544Z","system_time":"2026-03-03T02:48:23.187654Z","activity_id":"","process_id":3796,"thread_id":0,"sid":"","channel":"Application","computer":"runnervmkjq7x","message_file":"C:\\Windows\\system32\\dockerd.exe","parameter_file":"","registry_file":"C:\\Windows\\System32\\config\\SYSTEM","registry_path":"ROOT\\ControlSet002\\Services\\EventLog\\Application\\docker","rendering_info":null,"evidence":"C:\\Windows\\System32\\winevt\\Logs\\Application.evtx","collection_metadata":{"endpoint_id":"6c51b123-1522-4572-9f2a-0bd5abd81b82","uuid":"311e84a0-dd73-496a-bea2-6eb3c2cee067","id":1,"artifact_name":"eventlogs","complete_time":"2026-03-06T05:52:02.000Z","start_time":"2026-03-06T05:52:02.000Z","hostname":"runnervmkjq7x","os_version":"11 (26100)","platform":"Windows","kernel_version":"26100","load_performance":{"avg_one_min":0.0,"avg_five_min":0.0,"avg_fifteen_min":0.0},"version":"0.19.0","rust_version":"1.94.0","build_date":"2026-03-06","interfaces":[{"ip":"10.1.0.194","mac":"60:45:bd:08:03:fc","name":"Ethernet 3"},{"ip":"fe80::8d8c:fee5:ef81:939b","mac":"60:45:bd:08:03:fc","name":"Ethernet 3"},{"ip":"fe80::636f:ee22:53ad:7d98","mac":"00:15:5d:02:b5:d2","name":"vEthernet (nat)"},{"ip":"192.168.208.1","mac":"00:15:5d:02:b5:d2","name":"vEthernet (nat)"}]}}
{"message":"Completed buildkit initialization\n","template_message":"%1\n","raw_event_data":{"Data":{"#text":"Completed buildkit initialization"},"Binary":null},"event_id":1,"qualifier":0,"version":0,"guid":"","provider":"docker","source_name":"","record_id":3900,"task":0,"level":"Information","opcode":0,"keywords":"0x80000000000000","generated":"2026-03-03T02:48:23.2014861Z","system_time":"2026-03-03T02:48:23.201486Z","activity_id":"","process_id":3796,"thread_id":0,"sid":"","channel":"Application","computer":"runnervmkjq7x","message_file":"C:\\Windows\\system32\\dockerd.exe","parameter_file":"","registry_file":"C:\\Windows\\System32\\config\\SYSTEM","registry_path":"ROOT\\ControlSet002\\Services\\EventLog\\Application\\docker","rendering_info":null,"evidence":"C:\\Windows\\System32\\winevt\\Logs\\Application.evtx","collection_metadata":{"endpoint_id":"6c51b123-1522-4572-9f2a-0bd5abd81b82","uuid":"311e84a0-dd73-496a-bea2-6eb3c2cee067","id":1,"artifact_name":"eventlogs","complete_time":"2026-03-06T05:52:02.000Z","start_time":"2026-03-06T05:52:02.000Z","hostname":"runnervmkjq7x","os_version":"11 (26100)","platform":"Windows","kernel_version":"26100","load_performance":{"avg_one_min":0.0,"avg_five_min":0.0,"avg_fifteen_min":0.0},"version":"0.19.0","rust_version":"1.94.0","build_date":"2026-03-06","interfaces":[{"ip":"10.1.0.194","mac":"60:45:bd:08:03:fc","name":"Ethernet 3"},{"ip":"fe80::8d8c:fee5:ef81:939b","mac":"60:45:bd:08:03:fc","name":"Ethernet 3"},{"ip":"fe80::636f:ee22:53ad:7d98","mac":"00:15:5d:02:b5:d2","name":"vEthernet (nat)"},{"ip":"192.168.208.1","mac":"00:15:5d:02:b5:d2","name":"vEthernet (nat)"}]}}
{"message":"Daemon has completed initialization\n","template_message":"%1\n","raw_event_data":{"Data":{"#text":"Daemon has completed initialization"},"Binary":null},"event_id":1,"qualifier":0,"version":0,"guid":"","provider":"docker","source_name":"","record_id":3901,"task":0,"level":"Information","opcode":0,"keywords":"0x80000000000000","generated":"2026-03-03T02:48:23.2162469Z","system_time":"2026-03-03T02:48:23.216246Z","activity_id":"","process_id":3796,"thread_id":0,"sid":"","channel":"Application","computer":"runnervmkjq7x","message_file":"C:\\Windows\\system32\\dockerd.exe","parameter_file":"","registry_file":"C:\\Windows\\System32\\config\\SYSTEM","registry_path":"ROOT\\ControlSet002\\Services\\EventLog\\Application\\docker","rendering_info":null,"evidence":"C:\\Windows\\System32\\winevt\\Logs\\Application.evtx","collection_metadata":{"endpoint_id":"6c51b123-1522-4572-9f2a-0bd5abd81b82","uuid":"311e84a0-dd73-496a-bea2-6eb3c2cee067","id":1,"artifact_name":"eventlogs","complete_time":"2026-03-06T05:52:02.000Z","start_time":"2026-03-06T05:52:02.000Z","hostname":"runnervmkjq7x","os_version":"11 (26100)","platform":"Windows","kernel_version":"26100","load_performance":{"avg_one_min":0.0,"avg_five_min":0.0,"avg_fifteen_min":0.0},"version":"0.19.0","rust_version":"1.94.0","build_date":"2026-03-06","interfaces":[{"ip":"10.1.0.194","mac":"60:45:bd:08:03:fc","name":"Ethernet 3"},{"ip":"fe80::8d8c:fee5:ef81:939b","mac":"60:45:bd:08:03:fc","name":"Ethernet 3"},{"ip":"fe80::636f:ee22:53ad:7d98","mac":"00:15:5d:02:b5:d2","name":"vEthernet (nat)"},{"ip":"192.168.208.1","mac":"00:15:5d:02:b5:d2","name":"vEthernet (nat)"}]}}
{"message":"API listen on //./pipe/docker_engine\n","template_message":"%1\n","raw_event_data":{"Data":{"#text":"API listen on //./pipe/docker_engine"},"Binary":null},"event_id":1,"qualifier":0,"version":0,"guid":"","provider":"docker","source_name":"","record_id":3902,"task":0,"level":"Information","opcode":0,"keywords":"0x80000000000000","generated":"2026-03-03T02:48:23.2165109Z","system_time":"2026-03-03T02:48:23.216510Z","activity_id":"","process_id":3796,"thread_id":0,"sid":"","channel":"Application","computer":"runnervmkjq7x","message_file":"C:\\Windows\\system32\\dockerd.exe","parameter_file":"","registry_file":"C:\\Windows\\System32\\config\\SYSTEM","registry_path":"ROOT\\ControlSet002\\Services\\EventLog\\Application\\docker","rendering_info":null,"evidence":"C:\\Windows\\System32\\winevt\\Logs\\Application.evtx","collection_metadata":{"endpoint_id":"6c51b123-1522-4572-9f2a-0bd5abd81b82","uuid":"311e84a0-dd73-496a-bea2-6eb3c2cee067","id":1,"artifact_name":"eventlogs","complete_time":"2026-03-06T05:52:02.000Z","start_time":"2026-03-06T05:52:02.000Z","hostname":"runnervmkjq7x","os_version":"11 (26100)","platform":"Windows","kernel_version":"26100","load_performance":{"avg_one_min":0.0,"avg_five_min":0.0,"avg_fifteen_min":0.0},"version":"0.19.0","rust_version":"1.94.0","build_date":"2026-03-06","interfaces":[{"ip":"10.1.0.194","mac":"60:45:bd:08:03:fc","name":"Ethernet 3"},{"ip":"fe80::8d8c:fee5:ef81:939b","mac":"60:45:bd:08:03:fc","name":"Ethernet 3"},{"ip":"fe80::636f:ee22:53ad:7d98","mac":"00:15:5d:02:b5:d2","name":"vEthernet (nat)"},{"ip":"192.168.208.1","mac":"00:15:5d:02:b5:d2","name":"vEthernet (nat)"}]}}
{"message":"The Software Protection service is starting.\nParameters:TriggerStarted:6\r\n","template_message":"The Software Protection service is starting.%nParameters:%1\r\n","raw_event_data":{"Data":{"#text":"TriggerStarted:6"},"Binary":null},"event_id":900,"qualifier":16384,"version":0,"guid":"e23b33b0-c8c9-472c-a5f9-f2bdfea0f156","provider":"Microsoft-Windows-Security-SPP","source_name":"Software Protection Platform Service","record_id":3903,"task":0,"level":"Information","opcode":0,"keywords":"0x80000000000000","generated":"2026-03-03T02:48:30.6514828Z","system_time":"2026-03-03T02:48:30.651482Z","activity_id":"","process_id":3884,"thread_id":0,"sid":"","channel":"Application","computer":"runnervmkjq7x","message_file":"C:\\Windows\\system32\\sppsvc.exe","parameter_file":"","registry_file":"C:\\Windows\\System32\\config\\SOFTWARE","registry_path":"ROOT\\Microsoft\\Windows\\CurrentVersion\\WINEVT\\Publishers\\{e23b33b0-c8c9-472c-a5f9-f2bdfea0f156}","rendering_info":null,"evidence":"C:\\Windows\\System32\\winevt\\Logs\\Application.evtx","collection_metadata":{"endpoint_id":"6c51b123-1522-4572-9f2a-0bd5abd81b82","uuid":"311e84a0-dd73-496a-bea2-6eb3c2cee067","id":1,"artifact_name":"eventlogs","complete_time":"2026-03-06T05:52:02.000Z","start_time":"2026-03-06T05:52:02.000Z","hostname":"runnervmkjq7x","os_version":"11 (26100)","platform":"Windows","kernel_version":"26100","load_performance":{"avg_one_min":0.0,"avg_five_min":0.0,"avg_fifteen_min":0.0},"version":"0.19.0","rust_version":"1.94.0","build_date":"2026-03-06","interfaces":[{"ip":"10.1.0.194","mac":"60:45:bd:08:03:fc","name":"Ethernet 3"},{"ip":"fe80::8d8c:fee5:ef81:939b","mac":"60:45:bd:08:03:fc","name":"Ethernet 3"},{"ip":"fe80::636f:ee22:53ad:7d98","mac":"00:15:5d:02:b5:d2","name":"vEthernet (nat)"},{"ip":"192.168.208.1","mac":"00:15:5d:02:b5:d2","name":"vEthernet (nat)"}]}}
{"message":"Offline downlevel migration succeeded.\r\n","template_message":"Offline downlevel migration succeeded.\r\n","raw_event_data":{"Data":{"#text":""},"Binary":null},"event_id":16394,"qualifier":49152,"version":0,"guid":"e23b33b0-c8c9-472c-a5f9-f2bdfea0f156","provider":"Microsoft-Windows-Security-SPP","source_name":"Software Protection Platform Service","record_id":3904,"task":0,"level":"Information","opcode":0,"keywords":"0x80000000000000","generated":"2026-03-03T02:48:30.7955454Z","system_time":"2026-03-03T02:48:30.795545Z","activity_id":"","process_id":3884,"thread_id":0,"sid":"","channel":"Application","computer":"runnervmkjq7x","message_file":"C:\\Windows\\system32\\sppsvc.exe","parameter_file":"","registry_file":"C:\\Windows\\System32\\config\\SOFTWARE","registry_path":"ROOT\\Microsoft\\Windows\\CurrentVersion\\WINEVT\\Publishers\\{e23b33b0-c8c9-472c-a5f9-f2bdfea0f156}","rendering_info":null,"evidence":"C:\\Windows\\System32\\winevt\\Logs\\Application.evtx","collection_metadata":{"endpoint_id":"6c51b123-1522-4572-9f2a-0bd5abd81b82","uuid":"311e84a0-dd73-496a-bea2-6eb3c2cee067","id":1,"artifact_name":"eventlogs","complete_time":"2026-03-06T05:52:02.000Z","start_time":"2026-03-06T05:52:02.000Z","hostname":"runnervmkjq7x","os_version":"11 (26100)","platform":"Windows","kernel_version":"26100","load_performance":{"avg_one_min":0.0,"avg_five_min":0.0,"avg_fifteen_min":0.0},"version":"0.19.0","rust_version":"1.94.0","build_date":"2026-03-06","interfaces":[{"ip":"10.1.0.194","mac":"60:45:bd:08:03:fc","name":"Ethernet 3"},{"ip":"fe80::8d8c:fee5:ef81:939b","mac":"60:45:bd:08:03:fc","name":"Ethernet 3"},{"ip":"fe80::636f:ee22:53ad:7d98","mac":"00:15:5d:02:b5:d2","name":"vEthernet (nat)"},{"ip":"192.168.208.1","mac":"00:15:5d:02:b5:d2","name":"vEthernet (nat)"}]}}
{"message":"Initialization status for service objects.\nC:\\Windows\\system32\\sppwinob.dll, msft:spp/windowsfunctionality/agent/7.0, 0x00000000, 0x00000000\nC:\\Windows\\system32\\sppobjs.dll, msft:rm/algorithm/inherited/1.0, 0x00000000, 0x00000000\nC:\\Windows\\system32\\sppobjs.dll, msft:rm/algorithm/phone/1.0, 0x00000000, 0x00000000\nC:\\Windows\\system32\\sppobjs.dll, msft:rm/algorithm/pkey/detect, 0x00000000, 0x00000000\nC:\\Windows\\system32\\sppobjs.dll, msft:spp/ActionScheduler/1.0, 0x00000000, 0x00000000\nC:\\Windows\\system32\\sppobjs.dll, msft:spp/TaskScheduler/1.0, 0x00000000, 0x00000000\nC:\\Windows\\system32\\sppobjs.dll, msft:spp/statecollector/pkey, 0x00000000, 0x00000000\nC:\\Windows\\system32\\sppobjs.dll, msft:spp/volume/services/kms/1.0, 0x00000000, 0x00000000\nC:\\Windows\\system32\\sppobjs.dll, msft:spp/volume/services/kms/activationinfo/1.0, 0x00000000, 0x00000000\n\r\n","template_message":"Initialization status for service objects.%n%1\r\n","raw_event_data":{"Data":{"#text":"C:\\Windows\\system32\\sppwinob.dll, msft:spp/windowsfunctionality/agent/7.0, 0x00000000, 0x00000000\nC:\\Windows\\system32\\sppobjs.dll, msft:rm/algorithm/inherited/1.0, 0x00000000, 0x00000000\nC:\\Windows\\system32\\sppobjs.dll, msft:rm/algorithm/phone/1.0, 0x00000000, 0x00000000\nC:\\Windows\\system32\\sppobjs.dll, msft:rm/algorithm/pkey/detect, 0x00000000, 0x00000000\nC:\\Windows\\system32\\sppobjs.dll, msft:spp/ActionScheduler/1.0, 0x00000000, 0x00000000\nC:\\Windows\\system32\\sppobjs.dll, msft:spp/TaskScheduler/1.0, 0x00000000, 0x00000000\nC:\\Windows\\system32\\sppobjs.dll, msft:spp/statecollector/pkey, 0x00000000, 0x00000000\nC:\\Windows\\system32\\sppobjs.dll, msft:spp/volume/services/kms/1.0, 0x00000000, 0x00000000\nC:\\Windows\\system32\\sppobjs.dll, msft:spp/volume/services/kms/activationinfo/1.0, 0x00000000, 0x00000000\n"},"Binary":null},"event_id":1066,"qualifier":16384,"version":0,"guid":"e23b33b0-c8c9-472c-a5f9-f2bdfea0f156","provider":"Microsoft-Windows-Security-SPP","source_name":"Software Protection Platform Service","record_id":3905,"task":0,"level":"Information","opcode":0,"keywords":"0x80000000000000","generated":"2026-03-03T02:48:30.8886978Z","system_time":"2026-03-03T02:48:30.888697Z","activity_id":"","process_id":3884,"thread_id":0,"sid":"","channel":"Application","computer":"runnervmkjq7x","message_file":"C:\\Windows\\system32\\sppsvc.exe","parameter_file":"","registry_file":"C:\\Windows\\System32\\config\\SOFTWARE","registry_path":"ROOT\\Microsoft\\Windows\\CurrentVersion\\WINEVT\\Publishers\\{e23b33b0-c8c9-472c-a5f9-f2bdfea0f156}","rendering_info":null,"evidence":"C:\\Windows\\System32\\winevt\\Logs\\Application.evtx","collection_metadata":{"endpoint_id":"6c51b123-1522-4572-9f2a-0bd5abd81b82","uuid":"311e84a0-dd73-496a-bea2-6eb3c2cee067","id":1,"artifact_name":"eventlogs","complete_time":"2026-03-06T05:52:02.000Z","start_time":"2026-03-06T05:52:02.000Z","hostname":"runnervmkjq7x","os_version":"11 (26100)","platform":"Windows","kernel_version":"26100","load_performance":{"avg_one_min":0.0,"avg_five_min":0.0,"avg_fifteen_min":0.0},"version":"0.19.0","rust_version":"1.94.0","build_date":"2026-03-06","interfaces":[{"ip":"10.1.0.194","mac":"60:45:bd:08:03:fc","name":"Ethernet 3"},{"ip":"fe80::8d8c:fee5:ef81:939b","mac":"60:45:bd:08:03:fc","name":"Ethernet 3"},{"ip":"fe80::636f:ee22:53ad:7d98","mac":"00:15:5d:02:b5:d2","name":"vEthernet (nat)"},{"ip":"192.168.208.1","mac":"00:15:5d:02:b5:d2","name":"vEthernet (nat)"}]}}
{"message":"Downlevel Genuine Ticket successfully deposited.\r\n","template_message":"Downlevel Genuine Ticket successfully deposited.\r\n","raw_event_data":{"Data":{"#text":"0xC004D30B"},"Binary":null},"event_id":16389,"qualifier":16384,"version":0,"guid":"e23b33b0-c8c9-472c-a5f9-f2bdfea0f156","provider":"Microsoft-Windows-Security-SPP","source_name":"Software Protection Platform Service","record_id":3906,"task":0,"level":"Information","opcode":0,"keywords":"0x80000000000000","generated":"2026-03-03T02:48:30.919142Z","system_time":"2026-03-03T02:48:30.919142Z","activity_id":"","process_id":3884,"thread_id":0,"sid":"","channel":"Application","computer":"runnervmkjq7x","message_file":"C:\\Windows\\system32\\sppsvc.exe","parameter_file":"","registry_file":"C:\\Windows\\System32\\config\\SOFTWARE","registry_path":"ROOT\\Microsoft\\Windows\\CurrentVersion\\WINEVT\\Publishers\\{e23b33b0-c8c9-472c-a5f9-f2bdfea0f156}","rendering_info":null,"evidence":"C:\\Windows\\System32\\winevt\\Logs\\Application.evtx","collection_metadata":{"endpoint_id":"6c51b123-1522-4572-9f2a-0bd5abd81b82","uuid":"311e84a0-dd73-496a-bea2-6eb3c2cee067","id":1,"artifact_name":"eventlogs","complete_time":"2026-03-06T05:52:02.000Z","start_time":"2026-03-06T05:52:02.000Z","hostname":"runnervmkjq7x","os_version":"11 (26100)","platform":"Windows","kernel_version":"26100","load_performance":{"avg_one_min":0.0,"avg_five_min":0.0,"avg_fifteen_min":0.0},"version":"0.19.0","rust_version":"1.94.0","build_date":"2026-03-06","interfaces":[{"ip":"10.1.0.194","mac":"60:45:bd:08:03:fc","name":"Ethernet 3"},{"ip":"fe80::8d8c:fee5:ef81:939b","mac":"60:45:bd:08:03:fc","name":"Ethernet 3"},{"ip":"fe80::636f:ee22:53ad:7d98","mac":"00:15:5d:02:b5:d2","name":"vEthernet (nat)"},{"ip":"192.168.208.1","mac":"00:15:5d:02:b5:d2","name":"vEthernet (nat)"}]}}
