{"message":"Processing signal 'terminated'\n","template_message":"%1\n","raw_event_data":{"Data":{"#text":"Processing signal 'terminated'"},"Binary":null},"event_id":1,"qualifier":0,"version":0,"guid":"","provider":"docker","source_name":"","record_id":3832,"task":0,"level":"Information","opcode":0,"keywords":"0x80000000000000","generated":"2026-03-03T02:00:48.8491427Z","system_time":"2026-03-03T02:00:48.849142Z","activity_id":"","process_id":3944,"thread_id":0,"sid":"","channel":"Application","computer":"pkrvm7mpva0bvys","message_file":"C:\\Windows\\system32\\dockerd.exe","parameter_file":"","registry_file":"C:\\Windows\\System32\\config\\SYSTEM","registry_path":"ROOT\\ControlSet002\\Services\\EventLog\\Application\\docker","rendering_info":null,"evidence":"C:\\Windows\\System32\\winevt\\Logs\\Application.evtx","collection_metadata":{"endpoint_id":"6c51b123-1522-4572-9f2a-0bd5abd81b82","uuid":"311e84a0-dd73-496a-bea2-6eb3c2cee067","id":1,"artifact_name":"eventlogs","complete_time":"2026-03-06T05:52:02.000Z","start_time":"2026-03-06T05:52:02.000Z","hostname":"runnervmkjq7x","os_version":"11 (26100)","platform":"Windows","kernel_version":"26100","load_performance":{"avg_one_min":0.0,"avg_five_min":0.0,"avg_fifteen_min":0.0},"version":"0.19.0","rust_version":"1.94.0","build_date":"2026-03-06","interfaces":[{"ip":"10.1.0.194","mac":"60:45:bd:08:03:fc","name":"Ethernet 3"},{"ip":"fe80::8d8c:fee5:ef81:939b","mac":"60:45:bd:08:03:fc","name":"Ethernet 3"},{"ip":"fe80::636f:ee22:53ad:7d98","mac":"00:15:5d:02:b5:d2","name":"vEthernet (nat)"},{"ip":"192.168.208.1","mac":"00:15:5d:02:b5:d2","name":"vEthernet (nat)"}]}}
{"message":"Daemon shutdown complete\n","template_message":"%1\n","raw_event_data":{"Data":{"#text":"Daemon shutdown complete"},"Binary":null},"event_id":1,"qualifier":0,"version":0,"guid":"","provider":"docker","source_name":"","record_id":3833,"task":0,"level":"Information","opcode":0,"keywords":"0x80000000000000","generated":"2026-03-03T02:00:48.8540906Z","system_time":"2026-03-03T02:00:48.854090Z","activity_id":"","process_id":3944,"thread_id":0,"sid":"","channel":"Application","computer":"pkrvm7mpva0bvys","message_file":"C:\\Windows\\system32\\dockerd.exe","parameter_file":"","registry_file":"C:\\Windows\\System32\\config\\SYSTEM","registry_path":"ROOT\\ControlSet002\\Services\\EventLog\\Application\\docker","rendering_info":null,"evidence":"C:\\Windows\\System32\\winevt\\Logs\\Application.evtx","collection_metadata":{"endpoint_id":"6c51b123-1522-4572-9f2a-0bd5abd81b82","uuid":"311e84a0-dd73-496a-bea2-6eb3c2cee067","id":1,"artifact_name":"eventlogs","complete_time":"2026-03-06T05:52:02.000Z","start_time":"2026-03-06T05:52:02.000Z","hostname":"runnervmkjq7x","os_version":"11 (26100)","platform":"Windows","kernel_version":"26100","load_performance":{"avg_one_min":0.0,"avg_five_min":0.0,"avg_fifteen_min":0.0},"version":"0.19.0","rust_version":"1.94.0","build_date":"2026-03-06","interfaces":[{"ip":"10.1.0.194","mac":"60:45:bd:08:03:fc","name":"Ethernet 3"},{"ip":"fe80::8d8c:fee5:ef81:939b","mac":"60:45:bd:08:03:fc","name":"Ethernet 3"},{"ip":"fe80::636f:ee22:53ad:7d98","mac":"00:15:5d:02:b5:d2","name":"vEthernet (nat)"},{"ip":"192.168.208.1","mac":"00:15:5d:02:b5:d2","name":"vEthernet (nat)"}]}}
{"message":"<nil>\n","template_message":"%1\n","raw_event_data":{"Data":{"#text":"<nil>"},"Binary":null},"event_id":1,"qualifier":0,"version":0,"guid":"","provider":"docker","source_name":"","record_id":3834,"task":0,"level":"Error","opcode":0,"keywords":"0x80000000000000","generated":"2026-03-03T02:00:48.8543876Z","system_time":"2026-03-03T02:00:48.854387Z","activity_id":"","process_id":3944,"thread_id":0,"sid":"","channel":"Application","computer":"pkrvm7mpva0bvys","message_file":"C:\\Windows\\system32\\dockerd.exe","parameter_file":"","registry_file":"C:\\Windows\\System32\\config\\SYSTEM","registry_path":"ROOT\\ControlSet002\\Services\\EventLog\\Application\\docker","rendering_info":null,"evidence":"C:\\Windows\\System32\\winevt\\Logs\\Application.evtx","collection_metadata":{"endpoint_id":"6c51b123-1522-4572-9f2a-0bd5abd81b82","uuid":"311e84a0-dd73-496a-bea2-6eb3c2cee067","id":1,"artifact_name":"eventlogs","complete_time":"2026-03-06T05:52:02.000Z","start_time":"2026-03-06T05:52:02.000Z","hostname":"runnervmkjq7x","os_version":"11 (26100)","platform":"Windows","kernel_version":"26100","load_performance":{"avg_one_min":0.0,"avg_five_min":0.0,"avg_fifteen_min":0.0},"version":"0.19.0","rust_version":"1.94.0","build_date":"2026-03-06","interfaces":[{"ip":"10.1.0.194","mac":"60:45:bd:08:03:fc","name":"Ethernet 3"},{"ip":"fe80::8d8c:fee5:ef81:939b","mac":"60:45:bd:08:03:fc","name":"Ethernet 3"},{"ip":"fe80::636f:ee22:53ad:7d98","mac":"00:15:5d:02:b5:d2","name":"vEthernet (nat)"},{"ip":"192.168.208.1","mac":"00:15:5d:02:b5:d2","name":"vEthernet (nat)"}]}}
{"message":"The User Profile Service has stopped.  \n\n\r\n","template_message":"The User Profile Service has stopped.  %n%n\r\n","raw_event_data":null,"event_id":1532,"qualifier":0,"version":0,"guid":"89b1e9f0-5aff-44a6-9b44-0a07a7ce5845","provider":"Microsoft-Windows-User Profiles Service","source_name":"","record_id":3835,"task":0,"level":"Information","opcode":0,"keywords":"0x8000000000000000","generated":"2026-03-03T02:00:48.90913Z","system_time":"2026-03-03T02:00:48.909130Z","activity_id":"","process_id":2696,"thread_id":2776,"sid":"S-1-5-18","channel":"Application","computer":"pkrvm7mpva0bvys","message_file":"C:\\Windows\\System32\\profsvc.dll","parameter_file":"","registry_file":"C:\\Windows\\System32\\config\\SOFTWARE","registry_path":"ROOT\\Microsoft\\Windows\\CurrentVersion\\WINEVT\\Publishers\\{89b1e9f0-5aff-44a6-9b44-0a07a7ce5845}","rendering_info":null,"evidence":"C:\\Windows\\System32\\winevt\\Logs\\Application.evtx","collection_metadata":{"endpoint_id":"6c51b123-1522-4572-9f2a-0bd5abd81b82","uuid":"311e84a0-dd73-496a-bea2-6eb3c2cee067","id":1,"artifact_name":"eventlogs","complete_time":"2026-03-06T05:52:02.000Z","start_time":"2026-03-06T05:52:02.000Z","hostname":"runnervmkjq7x","os_version":"11 (26100)","platform":"Windows","kernel_version":"26100","load_performance":{"avg_one_min":0.0,"avg_five_min":0.0,"avg_fifteen_min":0.0},"version":"0.19.0","rust_version":"1.94.0","build_date":"2026-03-06","interfaces":[{"ip":"10.1.0.194","mac":"60:45:bd:08:03:fc","name":"Ethernet 3"},{"ip":"fe80::8d8c:fee5:ef81:939b","mac":"60:45:bd:08:03:fc","name":"Ethernet 3"},{"ip":"fe80::636f:ee22:53ad:7d98","mac":"00:15:5d:02:b5:d2","name":"vEthernet (nat)"},{"ip":"192.168.208.1","mac":"00:15:5d:02:b5:d2","name":"vEthernet (nat)"}]}}
{"message":"The User Profile Service has started successfully.  \n\n\r\n","template_message":"The User Profile Service has started successfully.  %n%n\r\n","raw_event_data":null,"event_id":1531,"qualifier":0,"version":0,"guid":"89b1e9f0-5aff-44a6-9b44-0a07a7ce5845","provider":"Microsoft-Windows-User Profiles Service","source_name":"","record_id":3836,"task":0,"level":"Information","opcode":0,"keywords":"0x8000000000000000","generated":"2026-03-03T02:29:00.4078667Z","system_time":"2026-03-03T02:29:00.407866Z","activity_id":"","process_id":2764,"thread_id":2920,"sid":"S-1-5-18","channel":"Application","computer":"runnervmkjq7x","message_file":"C:\\Windows\\System32\\profsvc.dll","parameter_file":"","registry_file":"C:\\Windows\\System32\\config\\SOFTWARE","registry_path":"ROOT\\Microsoft\\Windows\\CurrentVersion\\WINEVT\\Publishers\\{89b1e9f0-5aff-44a6-9b44-0a07a7ce5845}","rendering_info":null,"evidence":"C:\\Windows\\System32\\winevt\\Logs\\Application.evtx","collection_metadata":{"endpoint_id":"6c51b123-1522-4572-9f2a-0bd5abd81b82","uuid":"311e84a0-dd73-496a-bea2-6eb3c2cee067","id":1,"artifact_name":"eventlogs","complete_time":"2026-03-06T05:52:02.000Z","start_time":"2026-03-06T05:52:02.000Z","hostname":"runnervmkjq7x","os_version":"11 (26100)","platform":"Windows","kernel_version":"26100","load_performance":{"avg_one_min":0.0,"avg_five_min":0.0,"avg_fifteen_min":0.0},"version":"0.19.0","rust_version":"1.94.0","build_date":"2026-03-06","interfaces":[{"ip":"10.1.0.194","mac":"60:45:bd:08:03:fc","name":"Ethernet 3"},{"ip":"fe80::8d8c:fee5:ef81:939b","mac":"60:45:bd:08:03:fc","name":"Ethernet 3"},{"ip":"fe80::636f:ee22:53ad:7d98","mac":"00:15:5d:02:b5:d2","name":"vEthernet (nat)"},{"ip":"192.168.208.1","mac":"00:15:5d:02:b5:d2","name":"vEthernet (nat)"}]}}
{"message":"Windows Management Instrumentation Service started sucessfully\r\n","template_message":"Windows Management Instrumentation Service started sucessfully\r\n","raw_event_data":null,"event_id":5615,"qualifier":0,"version":2,"guid":"1edeee53-0afe-4609-b846-d8c0b2075b1f","provider":"Microsoft-Windows-WMI","source_name":"","record_id":3837,"task":0,"level":"Information","opcode":0,"keywords":"0x8000000000000000","generated":"2026-03-03T02:29:01.4130778Z","system_time":"2026-03-03T02:29:01.413077Z","activity_id":"","process_id":3164,"thread_id":3188,"sid":"S-1-5-18","channel":"Application","computer":"runnervmkjq7x","message_file":"C:\\Windows\\system32\\wbem\\WinMgmtR.dll","parameter_file":"","registry_file":"C:\\Windows\\System32\\config\\SOFTWARE","registry_path":"ROOT\\Microsoft\\Windows\\CurrentVersion\\WINEVT\\Publishers\\{1edeee53-0afe-4609-b846-d8c0b2075b1f}","rendering_info":null,"evidence":"C:\\Windows\\System32\\winevt\\Logs\\Application.evtx","collection_metadata":{"endpoint_id":"6c51b123-1522-4572-9f2a-0bd5abd81b82","uuid":"311e84a0-dd73-496a-bea2-6eb3c2cee067","id":1,"artifact_name":"eventlogs","complete_time":"2026-03-06T05:52:02.000Z","start_time":"2026-03-06T05:52:02.000Z","hostname":"runnervmkjq7x","os_version":"11 (26100)","platform":"Windows","kernel_version":"26100","load_performance":{"avg_one_min":0.0,"avg_five_min":0.0,"avg_fifteen_min":0.0},"version":"0.19.0","rust_version":"1.94.0","build_date":"2026-03-06","interfaces":[{"ip":"10.1.0.194","mac":"60:45:bd:08:03:fc","name":"Ethernet 3"},{"ip":"fe80::8d8c:fee5:ef81:939b","mac":"60:45:bd:08:03:fc","name":"Ethernet 3"},{"ip":"fe80::636f:ee22:53ad:7d98","mac":"00:15:5d:02:b5:d2","name":"vEthernet (nat)"},{"ip":"192.168.208.1","mac":"00:15:5d:02:b5:d2","name":"vEthernet (nat)"}]}}
{"message":"Windows Management Instrumentation Service subsystems initialized successfully\r\n","template_message":"Windows Management Instrumentation Service subsystems initialized successfully\r\n","raw_event_data":null,"event_id":5617,"qualifier":0,"version":2,"guid":"1edeee53-0afe-4609-b846-d8c0b2075b1f","provider":"Microsoft-Windows-WMI","source_name":"","record_id":3838,"task":0,"level":"Information","opcode":0,"keywords":"0x8000000000000000","generated":"2026-03-03T02:29:07.0675155Z","system_time":"2026-03-03T02:29:07.067515Z","activity_id":"","process_id":3164,"thread_id":3184,"sid":"S-1-5-18","channel":"Application","computer":"runnervmkjq7x","message_file":"C:\\Windows\\system32\\wbem\\WinMgmtR.dll","parameter_file":"","registry_file":"C:\\Windows\\System32\\config\\SOFTWARE","registry_path":"ROOT\\Microsoft\\Windows\\CurrentVersion\\WINEVT\\Publishers\\{1edeee53-0afe-4609-b846-d8c0b2075b1f}","rendering_info":null,"evidence":"C:\\Windows\\System32\\winevt\\Logs\\Application.evtx","collection_metadata":{"endpoint_id":"6c51b123-1522-4572-9f2a-0bd5abd81b82","uuid":"311e84a0-dd73-496a-bea2-6eb3c2cee067","id":1,"artifact_name":"eventlogs","complete_time":"2026-03-06T05:52:02.000Z","start_time":"2026-03-06T05:52:02.000Z","hostname":"runnervmkjq7x","os_version":"11 (26100)","platform":"Windows","kernel_version":"26100","load_performance":{"avg_one_min":0.0,"avg_five_min":0.0,"avg_fifteen_min":0.0},"version":"0.19.0","rust_version":"1.94.0","build_date":"2026-03-06","interfaces":[{"ip":"10.1.0.194","mac":"60:45:bd:08:03:fc","name":"Ethernet 3"},{"ip":"fe80::8d8c:fee5:ef81:939b","mac":"60:45:bd:08:03:fc","name":"Ethernet 3"},{"ip":"fe80::636f:ee22:53ad:7d98","mac":"00:15:5d:02:b5:d2","name":"vEthernet (nat)"},{"ip":"192.168.208.1","mac":"00:15:5d:02:b5:d2","name":"vEthernet (nat)"}]}}
{"message":"The Message Queuing service started.\r\n","template_message":"The Message Queuing service started.\r\n","raw_event_data":null,"event_id":2028,"qualifier":16384,"version":0,"guid":"ce18af71-5efd-4f5a-9bd5-635e34632f69","provider":"Microsoft-Windows-MSMQ","source_name":"MSMQ","record_id":3839,"task":0,"level":"Information","opcode":0,"keywords":"0x80000000000000","generated":"2026-03-03T02:29:09.8836666Z","system_time":"2026-03-03T02:29:09.883666Z","activity_id":"","process_id":4880,"thread_id":0,"sid":"","channel":"Application","computer":"runnervmkjq7x","message_file":"C:\\Windows\\system32\\mqutil.dll","parameter_file":"","registry_file":"C:\\Windows\\System32\\config\\SOFTWARE","registry_path":"ROOT\\Microsoft\\Windows\\CurrentVersion\\WINEVT\\Publishers\\{ce18af71-5efd-4f5a-9bd5-635e34632f69}","rendering_info":null,"evidence":"C:\\Windows\\System32\\winevt\\Logs\\Application.evtx","collection_metadata":{"endpoint_id":"6c51b123-1522-4572-9f2a-0bd5abd81b82","uuid":"311e84a0-dd73-496a-bea2-6eb3c2cee067","id":1,"artifact_name":"eventlogs","complete_time":"2026-03-06T05:52:02.000Z","start_time":"2026-03-06T05:52:02.000Z","hostname":"runnervmkjq7x","os_version":"11 (26100)","platform":"Windows","kernel_version":"26100","load_performance":{"avg_one_min":0.0,"avg_five_min":0.0,"avg_fifteen_min":0.0},"version":"0.19.0","rust_version":"1.94.0","build_date":"2026-03-06","interfaces":[{"ip":"10.1.0.194","mac":"60:45:bd:08:03:fc","name":"Ethernet 3"},{"ip":"fe80::8d8c:fee5:ef81:939b","mac":"60:45:bd:08:03:fc","name":"Ethernet 3"},{"ip":"fe80::636f:ee22:53ad:7d98","mac":"00:15:5d:02:b5:d2","name":"vEthernet (nat)"},{"ip":"192.168.208.1","mac":"00:15:5d:02:b5:d2","name":"vEthernet (nat)"}]}}
{"message":"Listener Adapter protocol 'msmq.formatname' successfully connected to Windows Process Activation Service.\r\n","template_message":"Listener Adapter protocol '%1' successfully connected to Windows Process Activation Service.\r\n","raw_event_data":{"ListenerAdapterProtocol":"msmq.formatname"},"event_id":7003,"qualifier":16384,"version":0,"guid":"d60acc81-2608-4617-bfb7-2452bf002430","provider":"Microsoft-Windows-WAS-ListenerAdapter","source_name":"WAS-LA","record_id":3840,"task":0,"level":"Information","opcode":0,"keywords":"0x80000000000000","generated":"2026-03-03T02:29:22.6272528Z","system_time":"2026-03-03T02:29:22.627252Z","activity_id":"","process_id":5616,"thread_id":0,"sid":"","channel":"Application","computer":"runnervmkjq7x","message_file":"C:\\Windows\\system32\\inetsrv\\iisres.dll","parameter_file":"","registry_file":"C:\\Windows\\System32\\config\\SOFTWARE","registry_path":"ROOT\\Microsoft\\Windows\\CurrentVersion\\WINEVT\\Publishers\\{d60acc81-2608-4617-bfb7-2452bf002430}","rendering_info":null,"evidence":"C:\\Windows\\System32\\winevt\\Logs\\Application.evtx","collection_metadata":{"endpoint_id":"6c51b123-1522-4572-9f2a-0bd5abd81b82","uuid":"311e84a0-dd73-496a-bea2-6eb3c2cee067","id":1,"artifact_name":"eventlogs","complete_time":"2026-03-06T05:52:02.000Z","start_time":"2026-03-06T05:52:02.000Z","hostname":"runnervmkjq7x","os_version":"11 (26100)","platform":"Windows","kernel_version":"26100","load_performance":{"avg_one_min":0.0,"avg_five_min":0.0,"avg_fifteen_min":0.0},"version":"0.19.0","rust_version":"1.94.0","build_date":"2026-03-06","interfaces":[{"ip":"10.1.0.194","mac":"60:45:bd:08:03:fc","name":"Ethernet 3"},{"ip":"fe80::8d8c:fee5:ef81:939b","mac":"60:45:bd:08:03:fc","name":"Ethernet 3"},{"ip":"fe80::636f:ee22:53ad:7d98","mac":"00:15:5d:02:b5:d2","name":"vEthernet (nat)"},{"ip":"192.168.208.1","mac":"00:15:5d:02:b5:d2","name":"vEthernet (nat)"}]}}
{"message":"Listener Adapter protocol 'net.pipe' successfully connected to Windows Process Activation Service.\r\n","template_message":"Listener Adapter protocol '%1' successfully connected to Windows Process Activation Service.\r\n","raw_event_data":{"ListenerAdapterProtocol":"net.pipe"},"event_id":7003,"qualifier":16384,"version":0,"guid":"d60acc81-2608-4617-bfb7-2452bf002430","provider":"Microsoft-Windows-WAS-ListenerAdapter","source_name":"WAS-LA","record_id":3841,"task":0,"level":"Information","opcode":0,"keywords":"0x80000000000000","generated":"2026-03-03T02:29:22.7125175Z","system_time":"2026-03-03T02:29:22.712517Z","activity_id":"","process_id":4652,"thread_id":0,"sid":"","channel":"Application","computer":"runnervmkjq7x","message_file":"C:\\Windows\\system32\\inetsrv\\iisres.dll","parameter_file":"","registry_file":"C:\\Windows\\System32\\config\\SOFTWARE","registry_path":"ROOT\\Microsoft\\Windows\\CurrentVersion\\WINEVT\\Publishers\\{d60acc81-2608-4617-bfb7-2452bf002430}","rendering_info":null,"evidence":"C:\\Windows\\System32\\winevt\\Logs\\Application.evtx","collection_metadata":{"endpoint_id":"6c51b123-1522-4572-9f2a-0bd5abd81b82","uuid":"311e84a0-dd73-496a-bea2-6eb3c2cee067","id":1,"artifact_name":"eventlogs","complete_time":"2026-03-06T05:52:02.000Z","start_time":"2026-03-06T05:52:02.000Z","hostname":"runnervmkjq7x","os_version":"11 (26100)","platform":"Windows","kernel_version":"26100","load_performance":{"avg_one_min":0.0,"avg_five_min":0.0,"avg_fifteen_min":0.0},"version":"0.19.0","rust_version":"1.94.0","build_date":"2026-03-06","interfaces":[{"ip":"10.1.0.194","mac":"60:45:bd:08:03:fc","name":"Ethernet 3"},{"ip":"fe80::8d8c:fee5:ef81:939b","mac":"60:45:bd:08:03:fc","name":"Ethernet 3"},{"ip":"fe80::636f:ee22:53ad:7d98","mac":"00:15:5d:02:b5:d2","name":"vEthernet (nat)"},{"ip":"192.168.208.1","mac":"00:15:5d:02:b5:d2","name":"vEthernet (nat)"}]}}
{"message":"Listener Adapter protocol 'net.msmq' successfully connected to Windows Process Activation Service.\r\n","template_message":"Listener Adapter protocol '%1' successfully connected to Windows Process Activation Service.\r\n","raw_event_data":{"ListenerAdapterProtocol":"net.msmq"},"event_id":7003,"qualifier":16384,"version":0,"guid":"d60acc81-2608-4617-bfb7-2452bf002430","provider":"Microsoft-Windows-WAS-ListenerAdapter","source_name":"WAS-LA","record_id":3842,"task":0,"level":"Information","opcode":0,"keywords":"0x80000000000000","generated":"2026-03-03T02:29:22.8245715Z","system_time":"2026-03-03T02:29:22.824571Z","activity_id":"","process_id":5616,"thread_id":0,"sid":"","channel":"Application","computer":"runnervmkjq7x","message_file":"C:\\Windows\\system32\\inetsrv\\iisres.dll","parameter_file":"","registry_file":"C:\\Windows\\System32\\config\\SOFTWARE","registry_path":"ROOT\\Microsoft\\Windows\\CurrentVersion\\WINEVT\\Publishers\\{d60acc81-2608-4617-bfb7-2452bf002430}","rendering_info":null,"evidence":"C:\\Windows\\System32\\winevt\\Logs\\Application.evtx","collection_metadata":{"endpoint_id":"6c51b123-1522-4572-9f2a-0bd5abd81b82","uuid":"311e84a0-dd73-496a-bea2-6eb3c2cee067","id":1,"artifact_name":"eventlogs","complete_time":"2026-03-06T05:52:02.000Z","start_time":"2026-03-06T05:52:02.000Z","hostname":"runnervmkjq7x","os_version":"11 (26100)","platform":"Windows","kernel_version":"26100","load_performance":{"avg_one_min":0.0,"avg_five_min":0.0,"avg_fifteen_min":0.0},"version":"0.19.0","rust_version":"1.94.0","build_date":"2026-03-06","interfaces":[{"ip":"10.1.0.194","mac":"60:45:bd:08:03:fc","name":"Ethernet 3"},{"ip":"fe80::8d8c:fee5:ef81:939b","mac":"60:45:bd:08:03:fc","name":"Ethernet 3"},{"ip":"fe80::636f:ee22:53ad:7d98","mac":"00:15:5d:02:b5:d2","name":"vEthernet (nat)"},{"ip":"192.168.208.1","mac":"00:15:5d:02:b5:d2","name":"vEthernet (nat)"}]}}
{"message":"Listener Adapter protocol 'net.tcp' successfully connected to Windows Process Activation Service.\r\n","template_message":"Listener Adapter protocol '%1' successfully connected to Windows Process Activation Service.\r\n","raw_event_data":{"ListenerAdapterProtocol":"net.tcp"},"event_id":7003,"qualifier":16384,"version":0,"guid":"d60acc81-2608-4617-bfb7-2452bf002430","provider":"Microsoft-Windows-WAS-ListenerAdapter","source_name":"WAS-LA","record_id":3843,"task":0,"level":"Information","opcode":0,"keywords":"0x80000000000000","generated":"2026-03-03T02:29:30.3502692Z","system_time":"2026-03-03T02:29:30.350269Z","activity_id":"","process_id":4652,"thread_id":0,"sid":"","channel":"Application","computer":"runnervmkjq7x","message_file":"C:\\Windows\\system32\\inetsrv\\iisres.dll","parameter_file":"","registry_file":"C:\\Windows\\System32\\config\\SOFTWARE","registry_path":"ROOT\\Microsoft\\Windows\\CurrentVersion\\WINEVT\\Publishers\\{d60acc81-2608-4617-bfb7-2452bf002430}","rendering_info":null,"evidence":"C:\\Windows\\System32\\winevt\\Logs\\Application.evtx","collection_metadata":{"endpoint_id":"6c51b123-1522-4572-9f2a-0bd5abd81b82","uuid":"311e84a0-dd73-496a-bea2-6eb3c2cee067","id":1,"artifact_name":"eventlogs","complete_time":"2026-03-06T05:52:02.000Z","start_time":"2026-03-06T05:52:02.000Z","hostname":"runnervmkjq7x","os_version":"11 (26100)","platform":"Windows","kernel_version":"26100","load_performance":{"avg_one_min":0.0,"avg_five_min":0.0,"avg_fifteen_min":0.0},"version":"0.19.0","rust_version":"1.94.0","build_date":"2026-03-06","interfaces":[{"ip":"10.1.0.194","mac":"60:45:bd:08:03:fc","name":"Ethernet 3"},{"ip":"fe80::8d8c:fee5:ef81:939b","mac":"60:45:bd:08:03:fc","name":"Ethernet 3"},{"ip":"fe80::636f:ee22:53ad:7d98","mac":"00:15:5d:02:b5:d2","name":"vEthernet (nat)"},{"ip":"192.168.208.1","mac":"00:15:5d:02:b5:d2","name":"vEthernet (nat)"}]}}
{"message":"Starting up\n","template_message":"%1\n","raw_event_data":{"Data":{"#text":"Starting up"},"Binary":null},"event_id":1,"qualifier":0,"version":0,"guid":"","provider":"docker","source_name":"","record_id":3844,"task":0,"level":"Information","opcode":0,"keywords":"0x80000000000000","generated":"2026-03-03T02:29:31.3480613Z","system_time":"2026-03-03T02:29:31.348061Z","activity_id":"","process_id":4816,"thread_id":0,"sid":"","channel":"Application","computer":"runnervmkjq7x","message_file":"C:\\Windows\\system32\\dockerd.exe","parameter_file":"","registry_file":"C:\\Windows\\System32\\config\\SYSTEM","registry_path":"ROOT\\ControlSet002\\Services\\EventLog\\Application\\docker","rendering_info":null,"evidence":"C:\\Windows\\System32\\winevt\\Logs\\Application.evtx","collection_metadata":{"endpoint_id":"6c51b123-1522-4572-9f2a-0bd5abd81b82","uuid":"311e84a0-dd73-496a-bea2-6eb3c2cee067","id":1,"artifact_name":"eventlogs","complete_time":"2026-03-06T05:52:02.000Z","start_time":"2026-03-06T05:52:02.000Z","hostname":"runnervmkjq7x","os_version":"11 (26100)","platform":"Windows","kernel_version":"26100","load_performance":{"avg_one_min":0.0,"avg_five_min":0.0,"avg_fifteen_min":0.0},"version":"0.19.0","rust_version":"1.94.0","build_date":"2026-03-06","interfaces":[{"ip":"10.1.0.194","mac":"60:45:bd:08:03:fc","name":"Ethernet 3"},{"ip":"fe80::8d8c:fee5:ef81:939b","mac":"60:45:bd:08:03:fc","name":"Ethernet 3"},{"ip":"fe80::636f:ee22:53ad:7d98","mac":"00:15:5d:02:b5:d2","name":"vEthernet (nat)"},{"ip":"192.168.208.1","mac":"00:15:5d:02:b5:d2","name":"vEthernet (nat)"}]}}
{"message":"OTEL tracing is not configured, using no-op tracer provider\n","template_message":"%1\n","raw_event_data":{"Data":{"#text":"OTEL tracing is not configured, using no-op tracer provider"},"Binary":null},"event_id":1,"qualifier":0,"version":0,"guid":"","provider":"docker","source_name":"","record_id":3845,"task":0,"level":"Information","opcode":0,"keywords":"0x80000000000000","generated":"2026-03-03T02:29:31.5043401Z","system_time":"2026-03-03T02:29:31.504340Z","activity_id":"","process_id":4816,"thread_id":0,"sid":"","channel":"Application","computer":"runnervmkjq7x","message_file":"C:\\Windows\\system32\\dockerd.exe","parameter_file":"","registry_file":"C:\\Windows\\System32\\config\\SYSTEM","registry_path":"ROOT\\ControlSet002\\Services\\EventLog\\Application\\docker","rendering_info":null,"evidence":"C:\\Windows\\System32\\winevt\\Logs\\Application.evtx","collection_metadata":{"endpoint_id":"6c51b123-1522-4572-9f2a-0bd5abd81b82","uuid":"311e84a0-dd73-496a-bea2-6eb3c2cee067","id":1,"artifact_name":"eventlogs","complete_time":"2026-03-06T05:52:02.000Z","start_time":"2026-03-06T05:52:02.000Z","hostname":"runnervmkjq7x","os_version":"11 (26100)","platform":"Windows","kernel_version":"26100","load_performance":{"avg_one_min":0.0,"avg_five_min":0.0,"avg_fifteen_min":0.0},"version":"0.19.0","rust_version":"1.94.0","build_date":"2026-03-06","interfaces":[{"ip":"10.1.0.194","mac":"60:45:bd:08:03:fc","name":"Ethernet 3"},{"ip":"fe80::8d8c:fee5:ef81:939b","mac":"60:45:bd:08:03:fc","name":"Ethernet 3"},{"ip":"fe80::636f:ee22:53ad:7d98","mac":"00:15:5d:02:b5:d2","name":"vEthernet (nat)"},{"ip":"192.168.208.1","mac":"00:15:5d:02:b5:d2","name":"vEthernet (nat)"}]}}
{"message":"Windows default isolation mode: process\n","template_message":"%1\n","raw_event_data":{"Data":{"#text":"Windows default isolation mode: process"},"Binary":null},"event_id":1,"qualifier":0,"version":0,"guid":"","provider":"docker","source_name":"","record_id":3846,"task":0,"level":"Information","opcode":0,"keywords":"0x80000000000000","generated":"2026-03-03T02:29:31.7478028Z","system_time":"2026-03-03T02:29:31.747802Z","activity_id":"","process_id":4816,"thread_id":0,"sid":"","channel":"Application","computer":"runnervmkjq7x","message_file":"C:\\Windows\\system32\\dockerd.exe","parameter_file":"","registry_file":"C:\\Windows\\System32\\config\\SYSTEM","registry_path":"ROOT\\ControlSet002\\Services\\EventLog\\Application\\docker","rendering_info":null,"evidence":"C:\\Windows\\System32\\winevt\\Logs\\Application.evtx","collection_metadata":{"endpoint_id":"6c51b123-1522-4572-9f2a-0bd5abd81b82","uuid":"311e84a0-dd73-496a-bea2-6eb3c2cee067","id":1,"artifact_name":"eventlogs","complete_time":"2026-03-06T05:52:02.000Z","start_time":"2026-03-06T05:52:02.000Z","hostname":"runnervmkjq7x","os_version":"11 (26100)","platform":"Windows","kernel_version":"26100","load_performance":{"avg_one_min":0.0,"avg_five_min":0.0,"avg_fifteen_min":0.0},"version":"0.19.0","rust_version":"1.94.0","build_date":"2026-03-06","interfaces":[{"ip":"10.1.0.194","mac":"60:45:bd:08:03:fc","name":"Ethernet 3"},{"ip":"fe80::8d8c:fee5:ef81:939b","mac":"60:45:bd:08:03:fc","name":"Ethernet 3"},{"ip":"fe80::636f:ee22:53ad:7d98","mac":"00:15:5d:02:b5:d2","name":"vEthernet (nat)"},{"ip":"192.168.208.1","mac":"00:15:5d:02:b5:d2","name":"vEthernet (nat)"}]}}
{"message":"Loading containers: start.\n","template_message":"%1\n","raw_event_data":{"Data":{"#text":"Loading containers: start."},"Binary":null},"event_id":1,"qualifier":0,"version":0,"guid":"","provider":"docker","source_name":"","record_id":3847,"task":0,"level":"Information","opcode":0,"keywords":"0x80000000000000","generated":"2026-03-03T02:29:32.0104819Z","system_time":"2026-03-03T02:29:32.010481Z","activity_id":"","process_id":4816,"thread_id":0,"sid":"","channel":"Application","computer":"runnervmkjq7x","message_file":"C:\\Windows\\system32\\dockerd.exe","parameter_file":"","registry_file":"C:\\Windows\\System32\\config\\SYSTEM","registry_path":"ROOT\\ControlSet002\\Services\\EventLog\\Application\\docker","rendering_info":null,"evidence":"C:\\Windows\\System32\\winevt\\Logs\\Application.evtx","collection_metadata":{"endpoint_id":"6c51b123-1522-4572-9f2a-0bd5abd81b82","uuid":"311e84a0-dd73-496a-bea2-6eb3c2cee067","id":1,"artifact_name":"eventlogs","complete_time":"2026-03-06T05:52:02.000Z","start_time":"2026-03-06T05:52:02.000Z","hostname":"runnervmkjq7x","os_version":"11 (26100)","platform":"Windows","kernel_version":"26100","load_performance":{"avg_one_min":0.0,"avg_five_min":0.0,"avg_fifteen_min":0.0},"version":"0.19.0","rust_version":"1.94.0","build_date":"2026-03-06","interfaces":[{"ip":"10.1.0.194","mac":"60:45:bd:08:03:fc","name":"Ethernet 3"},{"ip":"fe80::8d8c:fee5:ef81:939b","mac":"60:45:bd:08:03:fc","name":"Ethernet 3"},{"ip":"fe80::636f:ee22:53ad:7d98","mac":"00:15:5d:02:b5:d2","name":"vEthernet (nat)"},{"ip":"192.168.208.1","mac":"00:15:5d:02:b5:d2","name":"vEthernet (nat)"}]}}
{"message":"[graphdriver] trying configured driver: windowsfilter\n","template_message":"%1\n","raw_event_data":{"Data":{"#text":"[graphdriver] trying configured driver: windowsfilter"},"Binary":null},"event_id":1,"qualifier":0,"version":0,"guid":"","provider":"docker","source_name":"","record_id":3848,"task":0,"level":"Information","opcode":0,"keywords":"0x80000000000000","generated":"2026-03-03T02:29:32.0569546Z","system_time":"2026-03-03T02:29:32.056954Z","activity_id":"","process_id":4816,"thread_id":0,"sid":"","channel":"Application","computer":"runnervmkjq7x","message_file":"C:\\Windows\\system32\\dockerd.exe","parameter_file":"","registry_file":"C:\\Windows\\System32\\config\\SYSTEM","registry_path":"ROOT\\ControlSet002\\Services\\EventLog\\Application\\docker","rendering_info":null,"evidence":"C:\\Windows\\System32\\winevt\\Logs\\Application.evtx","collection_metadata":{"endpoint_id":"6c51b123-1522-4572-9f2a-0bd5abd81b82","uuid":"311e84a0-dd73-496a-bea2-6eb3c2cee067","id":1,"artifact_name":"eventlogs","complete_time":"2026-03-06T05:52:02.000Z","start_time":"2026-03-06T05:52:02.000Z","hostname":"runnervmkjq7x","os_version":"11 (26100)","platform":"Windows","kernel_version":"26100","load_performance":{"avg_one_min":0.0,"avg_five_min":0.0,"avg_fifteen_min":0.0},"version":"0.19.0","rust_version":"1.94.0","build_date":"2026-03-06","interfaces":[{"ip":"10.1.0.194","mac":"60:45:bd:08:03:fc","name":"Ethernet 3"},{"ip":"fe80::8d8c:fee5:ef81:939b","mac":"60:45:bd:08:03:fc","name":"Ethernet 3"},{"ip":"fe80::636f:ee22:53ad:7d98","mac":"00:15:5d:02:b5:d2","name":"vEthernet (nat)"},{"ip":"192.168.208.1","mac":"00:15:5d:02:b5:d2","name":"vEthernet (nat)"}]}}
{"message":"Restoring containers: start.\n","template_message":"%1\n","raw_event_data":{"Data":{"#text":"Restoring containers: start."},"Binary":null},"event_id":1,"qualifier":0,"version":0,"guid":"","provider":"docker","source_name":"","record_id":3849,"task":0,"level":"Information","opcode":0,"keywords":"0x80000000000000","generated":"2026-03-03T02:29:32.267145Z","system_time":"2026-03-03T02:29:32.267145Z","activity_id":"","process_id":4816,"thread_id":0,"sid":"","channel":"Application","computer":"runnervmkjq7x","message_file":"C:\\Windows\\system32\\dockerd.exe","parameter_file":"","registry_file":"C:\\Windows\\System32\\config\\SYSTEM","registry_path":"ROOT\\ControlSet002\\Services\\EventLog\\Application\\docker","rendering_info":null,"evidence":"C:\\Windows\\System32\\winevt\\Logs\\Application.evtx","collection_metadata":{"endpoint_id":"6c51b123-1522-4572-9f2a-0bd5abd81b82","uuid":"311e84a0-dd73-496a-bea2-6eb3c2cee067","id":1,"artifact_name":"eventlogs","complete_time":"2026-03-06T05:52:02.000Z","start_time":"2026-03-06T05:52:02.000Z","hostname":"runnervmkjq7x","os_version":"11 (26100)","platform":"Windows","kernel_version":"26100","load_performance":{"avg_one_min":0.0,"avg_five_min":0.0,"avg_fifteen_min":0.0},"version":"0.19.0","rust_version":"1.94.0","build_date":"2026-03-06","interfaces":[{"ip":"10.1.0.194","mac":"60:45:bd:08:03:fc","name":"Ethernet 3"},{"ip":"fe80::8d8c:fee5:ef81:939b","mac":"60:45:bd:08:03:fc","name":"Ethernet 3"},{"ip":"fe80::636f:ee22:53ad:7d98","mac":"00:15:5d:02:b5:d2","name":"vEthernet (nat)"},{"ip":"192.168.208.1","mac":"00:15:5d:02:b5:d2","name":"vEthernet (nat)"}]}}
{"message":"Restoring existing overlay networks from HNS into docker\n","template_message":"%1\n","raw_event_data":{"Data":{"#text":"Restoring existing overlay networks from HNS into docker"},"Binary":null},"event_id":1,"qualifier":0,"version":0,"guid":"","provider":"docker","source_name":"","record_id":3850,"task":0,"level":"Information","opcode":0,"keywords":"0x80000000000000","generated":"2026-03-03T02:29:32.3988862Z","system_time":"2026-03-03T02:29:32.398886Z","activity_id":"","process_id":4816,"thread_id":0,"sid":"","channel":"Application","computer":"runnervmkjq7x","message_file":"C:\\Windows\\system32\\dockerd.exe","parameter_file":"","registry_file":"C:\\Windows\\System32\\config\\SYSTEM","registry_path":"ROOT\\ControlSet002\\Services\\EventLog\\Application\\docker","rendering_info":null,"evidence":"C:\\Windows\\System32\\winevt\\Logs\\Application.evtx","collection_metadata":{"endpoint_id":"6c51b123-1522-4572-9f2a-0bd5abd81b82","uuid":"311e84a0-dd73-496a-bea2-6eb3c2cee067","id":1,"artifact_name":"eventlogs","complete_time":"2026-03-06T05:52:02.000Z","start_time":"2026-03-06T05:52:02.000Z","hostname":"runnervmkjq7x","os_version":"11 (26100)","platform":"Windows","kernel_version":"26100","load_performance":{"avg_one_min":0.0,"avg_five_min":0.0,"avg_fifteen_min":0.0},"version":"0.19.0","rust_version":"1.94.0","build_date":"2026-03-06","interfaces":[{"ip":"10.1.0.194","mac":"60:45:bd:08:03:fc","name":"Ethernet 3"},{"ip":"fe80::8d8c:fee5:ef81:939b","mac":"60:45:bd:08:03:fc","name":"Ethernet 3"},{"ip":"fe80::636f:ee22:53ad:7d98","mac":"00:15:5d:02:b5:d2","name":"vEthernet (nat)"},{"ip":"192.168.208.1","mac":"00:15:5d:02:b5:d2","name":"vEthernet (nat)"}]}}
{"message":"Loading containers: done.\n","template_message":"%1\n","raw_event_data":{"Data":{"#text":"Loading containers: done."},"Binary":null},"event_id":1,"qualifier":0,"version":0,"guid":"","provider":"docker","source_name":"","record_id":3851,"task":0,"level":"Information","opcode":0,"keywords":"0x80000000000000","generated":"2026-03-03T02:29:33.6000386Z","system_time":"2026-03-03T02:29:33.600038Z","activity_id":"","process_id":4816,"thread_id":0,"sid":"","channel":"Application","computer":"runnervmkjq7x","message_file":"C:\\Windows\\system32\\dockerd.exe","parameter_file":"","registry_file":"C:\\Windows\\System32\\config\\SYSTEM","registry_path":"ROOT\\ControlSet002\\Services\\EventLog\\Application\\docker","rendering_info":null,"evidence":"C:\\Windows\\System32\\winevt\\Logs\\Application.evtx","collection_metadata":{"endpoint_id":"6c51b123-1522-4572-9f2a-0bd5abd81b82","uuid":"311e84a0-dd73-496a-bea2-6eb3c2cee067","id":1,"artifact_name":"eventlogs","complete_time":"2026-03-06T05:52:02.000Z","start_time":"2026-03-06T05:52:02.000Z","hostname":"runnervmkjq7x","os_version":"11 (26100)","platform":"Windows","kernel_version":"26100","load_performance":{"avg_one_min":0.0,"avg_five_min":0.0,"avg_fifteen_min":0.0},"version":"0.19.0","rust_version":"1.94.0","build_date":"2026-03-06","interfaces":[{"ip":"10.1.0.194","mac":"60:45:bd:08:03:fc","name":"Ethernet 3"},{"ip":"fe80::8d8c:fee5:ef81:939b","mac":"60:45:bd:08:03:fc","name":"Ethernet 3"},{"ip":"fe80::636f:ee22:53ad:7d98","mac":"00:15:5d:02:b5:d2","name":"vEthernet (nat)"},{"ip":"192.168.208.1","mac":"00:15:5d:02:b5:d2","name":"vEthernet (nat)"}]}}
{"message":"Docker daemon [containerd-snapshotter=false version=29.1.5 commit=3b01d641 storage-driver=windowsfilter]\n","template_message":"%1 [%2]\n","raw_event_data":{"Data":{"#text":["Docker daemon","containerd-snapshotter=false version=29.1.5 commit=3b01d641 storage-driver=windowsfilter"]},"Binary":null},"event_id":11,"qualifier":0,"version":0,"guid":"","provider":"docker","source_name":"","record_id":3852,"task":0,"level":"Information","opcode":0,"keywords":"0x80000000000000","generated":"2026-03-03T02:29:33.6226986Z","system_time":"2026-03-03T02:29:33.622698Z","activity_id":"","process_id":4816,"thread_id":0,"sid":"","channel":"Application","computer":"runnervmkjq7x","message_file":"C:\\Windows\\system32\\dockerd.exe","parameter_file":"","registry_file":"C:\\Windows\\System32\\config\\SYSTEM","registry_path":"ROOT\\ControlSet002\\Services\\EventLog\\Application\\docker","rendering_info":null,"evidence":"C:\\Windows\\System32\\winevt\\Logs\\Application.evtx","collection_metadata":{"endpoint_id":"6c51b123-1522-4572-9f2a-0bd5abd81b82","uuid":"311e84a0-dd73-496a-bea2-6eb3c2cee067","id":1,"artifact_name":"eventlogs","complete_time":"2026-03-06T05:52:02.000Z","start_time":"2026-03-06T05:52:02.000Z","hostname":"runnervmkjq7x","os_version":"11 (26100)","platform":"Windows","kernel_version":"26100","load_performance":{"avg_one_min":0.0,"avg_five_min":0.0,"avg_fifteen_min":0.0},"version":"0.19.0","rust_version":"1.94.0","build_date":"2026-03-06","interfaces":[{"ip":"10.1.0.194","mac":"60:45:bd:08:03:fc","name":"Ethernet 3"},{"ip":"fe80::8d8c:fee5:ef81:939b","mac":"60:45:bd:08:03:fc","name":"Ethernet 3"},{"ip":"fe80::636f:ee22:53ad:7d98","mac":"00:15:5d:02:b5:d2","name":"vEthernet (nat)"},{"ip":"192.168.208.1","mac":"00:15:5d:02:b5:d2","name":"vEthernet (nat)"}]}}
{"message":"Initializing buildkit\n","template_message":"%1\n","raw_event_data":{"Data":{"#text":"Initializing buildkit"},"Binary":null},"event_id":1,"qualifier":0,"version":0,"guid":"","provider":"docker","source_name":"","record_id":3853,"task":0,"level":"Information","opcode":0,"keywords":"0x80000000000000","generated":"2026-03-03T02:29:33.6239187Z","system_time":"2026-03-03T02:29:33.623918Z","activity_id":"","process_id":4816,"thread_id":0,"sid":"","channel":"Application","computer":"runnervmkjq7x","message_file":"C:\\Windows\\system32\\dockerd.exe","parameter_file":"","registry_file":"C:\\Windows\\System32\\config\\SYSTEM","registry_path":"ROOT\\ControlSet002\\Services\\EventLog\\Application\\docker","rendering_info":null,"evidence":"C:\\Windows\\System32\\winevt\\Logs\\Application.evtx","collection_metadata":{"endpoint_id":"6c51b123-1522-4572-9f2a-0bd5abd81b82","uuid":"311e84a0-dd73-496a-bea2-6eb3c2cee067","id":1,"artifact_name":"eventlogs","complete_time":"2026-03-06T05:52:02.000Z","start_time":"2026-03-06T05:52:02.000Z","hostname":"runnervmkjq7x","os_version":"11 (26100)","platform":"Windows","kernel_version":"26100","load_performance":{"avg_one_min":0.0,"avg_five_min":0.0,"avg_fifteen_min":0.0},"version":"0.19.0","rust_version":"1.94.0","build_date":"2026-03-06","interfaces":[{"ip":"10.1.0.194","mac":"60:45:bd:08:03:fc","name":"Ethernet 3"},{"ip":"fe80::8d8c:fee5:ef81:939b","mac":"60:45:bd:08:03:fc","name":"Ethernet 3"},{"ip":"fe80::636f:ee22:53ad:7d98","mac":"00:15:5d:02:b5:d2","name":"vEthernet (nat)"},{"ip":"192.168.208.1","mac":"00:15:5d:02:b5:d2","name":"vEthernet (nat)"}]}}
{"message":"Completed buildkit initialization\n","template_message":"%1\n","raw_event_data":{"Data":{"#text":"Completed buildkit initialization"},"Binary":null},"event_id":1,"qualifier":0,"version":0,"guid":"","provider":"docker","source_name":"","record_id":3854,"task":0,"level":"Information","opcode":0,"keywords":"0x80000000000000","generated":"2026-03-03T02:29:34.4238321Z","system_time":"2026-03-03T02:29:34.423832Z","activity_id":"","process_id":4816,"thread_id":0,"sid":"","channel":"Application","computer":"runnervmkjq7x","message_file":"C:\\Windows\\system32\\dockerd.exe","parameter_file":"","registry_file":"C:\\Windows\\System32\\config\\SYSTEM","registry_path":"ROOT\\ControlSet002\\Services\\EventLog\\Application\\docker","rendering_info":null,"evidence":"C:\\Windows\\System32\\winevt\\Logs\\Application.evtx","collection_metadata":{"endpoint_id":"6c51b123-1522-4572-9f2a-0bd5abd81b82","uuid":"311e84a0-dd73-496a-bea2-6eb3c2cee067","id":1,"artifact_name":"eventlogs","complete_time":"2026-03-06T05:52:02.000Z","start_time":"2026-03-06T05:52:02.000Z","hostname":"runnervmkjq7x","os_version":"11 (26100)","platform":"Windows","kernel_version":"26100","load_performance":{"avg_one_min":0.0,"avg_five_min":0.0,"avg_fifteen_min":0.0},"version":"0.19.0","rust_version":"1.94.0","build_date":"2026-03-06","interfaces":[{"ip":"10.1.0.194","mac":"60:45:bd:08:03:fc","name":"Ethernet 3"},{"ip":"fe80::8d8c:fee5:ef81:939b","mac":"60:45:bd:08:03:fc","name":"Ethernet 3"},{"ip":"fe80::636f:ee22:53ad:7d98","mac":"00:15:5d:02:b5:d2","name":"vEthernet (nat)"},{"ip":"192.168.208.1","mac":"00:15:5d:02:b5:d2","name":"vEthernet (nat)"}]}}
{"message":"Daemon has completed initialization\n","template_message":"%1\n","raw_event_data":{"Data":{"#text":"Daemon has completed initialization"},"Binary":null},"event_id":1,"qualifier":0,"version":0,"guid":"","provider":"docker","source_name":"","record_id":3855,"task":0,"level":"Information","opcode":0,"keywords":"0x80000000000000","generated":"2026-03-03T02:29:34.5626346Z","system_time":"2026-03-03T02:29:34.562634Z","activity_id":"","process_id":4816,"thread_id":0,"sid":"","channel":"Application","computer":"runnervmkjq7x","message_file":"C:\\Windows\\system32\\dockerd.exe","parameter_file":"","registry_file":"C:\\Windows\\System32\\config\\SYSTEM","registry_path":"ROOT\\ControlSet002\\Services\\EventLog\\Application\\docker","rendering_info":null,"evidence":"C:\\Windows\\System32\\winevt\\Logs\\Application.evtx","collection_metadata":{"endpoint_id":"6c51b123-1522-4572-9f2a-0bd5abd81b82","uuid":"311e84a0-dd73-496a-bea2-6eb3c2cee067","id":1,"artifact_name":"eventlogs","complete_time":"2026-03-06T05:52:02.000Z","start_time":"2026-03-06T05:52:02.000Z","hostname":"runnervmkjq7x","os_version":"11 (26100)","platform":"Windows","kernel_version":"26100","load_performance":{"avg_one_min":0.0,"avg_five_min":0.0,"avg_fifteen_min":0.0},"version":"0.19.0","rust_version":"1.94.0","build_date":"2026-03-06","interfaces":[{"ip":"10.1.0.194","mac":"60:45:bd:08:03:fc","name":"Ethernet 3"},{"ip":"fe80::8d8c:fee5:ef81:939b","mac":"60:45:bd:08:03:fc","name":"Ethernet 3"},{"ip":"fe80::636f:ee22:53ad:7d98","mac":"00:15:5d:02:b5:d2","name":"vEthernet (nat)"},{"ip":"192.168.208.1","mac":"00:15:5d:02:b5:d2","name":"vEthernet (nat)"}]}}
{"message":"API listen on //./pipe/docker_engine\n","template_message":"%1\n","raw_event_data":{"Data":{"#text":"API listen on //./pipe/docker_engine"},"Binary":null},"event_id":1,"qualifier":0,"version":0,"guid":"","provider":"docker","source_name":"","record_id":3856,"task":0,"level":"Information","opcode":0,"keywords":"0x80000000000000","generated":"2026-03-03T02:29:34.5629644Z","system_time":"2026-03-03T02:29:34.562964Z","activity_id":"","process_id":4816,"thread_id":0,"sid":"","channel":"Application","computer":"runnervmkjq7x","message_file":"C:\\Windows\\system32\\dockerd.exe","parameter_file":"","registry_file":"C:\\Windows\\System32\\config\\SYSTEM","registry_path":"ROOT\\ControlSet002\\Services\\EventLog\\Application\\docker","rendering_info":null,"evidence":"C:\\Windows\\System32\\winevt\\Logs\\Application.evtx","collection_metadata":{"endpoint_id":"6c51b123-1522-4572-9f2a-0bd5abd81b82","uuid":"311e84a0-dd73-496a-bea2-6eb3c2cee067","id":1,"artifact_name":"eventlogs","complete_time":"2026-03-06T05:52:02.000Z","start_time":"2026-03-06T05:52:02.000Z","hostname":"runnervmkjq7x","os_version":"11 (26100)","platform":"Windows","kernel_version":"26100","load_performance":{"avg_one_min":0.0,"avg_five_min":0.0,"avg_fifteen_min":0.0},"version":"0.19.0","rust_version":"1.94.0","build_date":"2026-03-06","interfaces":[{"ip":"10.1.0.194","mac":"60:45:bd:08:03:fc","name":"Ethernet 3"},{"ip":"fe80::8d8c:fee5:ef81:939b","mac":"60:45:bd:08:03:fc","name":"Ethernet 3"},{"ip":"fe80::636f:ee22:53ad:7d98","mac":"00:15:5d:02:b5:d2","name":"vEthernet (nat)"},{"ip":"192.168.208.1","mac":"00:15:5d:02:b5:d2","name":"vEthernet (nat)"}]}}
{"message":"Hardware has changed from previous boot.\n AppId=55c92734-d682-4d71-983e-d6ec3f16059f, SkuId=c052f164-cdf6-409a-a0cb-853ba0f0f55a.\r\n","template_message":"Hardware has changed from previous boot.%n AppId=%1, SkuId=%2.\r\n","raw_event_data":{"Data":{"#text":["55c92734-d682-4d71-983e-d6ec3f16059f","c052f164-cdf6-409a-a0cb-853ba0f0f55a"]},"Binary":"560000000A00280000000100000001000100010000000000010001000000CA4B48FBA82DC2B164DEB27DC24E00E00D0001000101000201000301000401000500000601000700000801000901000A01000B00000C0100280000000100000001000100010000000000010001000000CA4B409DA82DC2B164DEB27D52CB9AAF"},"event_id":1040,"qualifier":16384,"version":0,"guid":"e23b33b0-c8c9-472c-a5f9-f2bdfea0f156","provider":"Microsoft-Windows-Security-SPP","source_name":"Software Protection Platform Service","record_id":3857,"task":0,"level":"Information","opcode":0,"keywords":"0x80000000000000","generated":"2026-03-03T02:29:43.8137886Z","system_time":"2026-03-03T02:29:43.813788Z","activity_id":"","process_id":1404,"thread_id":0,"sid":"","channel":"Application","computer":"runnervmkjq7x","message_file":"C:\\Windows\\system32\\sppsvc.exe","parameter_file":"","registry_file":"C:\\Windows\\System32\\config\\SOFTWARE","registry_path":"ROOT\\Microsoft\\Windows\\CurrentVersion\\WINEVT\\Publishers\\{e23b33b0-c8c9-472c-a5f9-f2bdfea0f156}","rendering_info":null,"evidence":"C:\\Windows\\System32\\winevt\\Logs\\Application.evtx","collection_metadata":{"endpoint_id":"6c51b123-1522-4572-9f2a-0bd5abd81b82","uuid":"311e84a0-dd73-496a-bea2-6eb3c2cee067","id":1,"artifact_name":"eventlogs","complete_time":"2026-03-06T05:52:02.000Z","start_time":"2026-03-06T05:52:02.000Z","hostname":"runnervmkjq7x","os_version":"11 (26100)","platform":"Windows","kernel_version":"26100","load_performance":{"avg_one_min":0.0,"avg_five_min":0.0,"avg_fifteen_min":0.0},"version":"0.19.0","rust_version":"1.94.0","build_date":"2026-03-06","interfaces":[{"ip":"10.1.0.194","mac":"60:45:bd:08:03:fc","name":"Ethernet 3"},{"ip":"fe80::8d8c:fee5:ef81:939b","mac":"60:45:bd:08:03:fc","name":"Ethernet 3"},{"ip":"fe80::636f:ee22:53ad:7d98","mac":"00:15:5d:02:b5:d2","name":"vEthernet (nat)"},{"ip":"192.168.208.1","mac":"00:15:5d:02:b5:d2","name":"vEthernet (nat)"}]}}
