{"message":"Repair of state locations for operation InitializeDataChangedSignaler against package Microsoft.AAD.BrokerPlugin_cw5n1h2txyewy with error -2147024894 returned Error Code: 0\r\n","template_message":"Repair of state locations for operation %1 against package %2 with error %3 returned Error Code: %4\r\n","raw_event_data":{"Operation":"InitializeDataChangedSignaler","PackageFamily":"Microsoft.AAD.BrokerPlugin_cw5n1h2txyewy","OperationError":-2147024894,"RepairTriggerError":0},"event_id":24,"qualifier":0,"version":0,"guid":"bff15e13-81bf-45ee-8b16-7cfead00da86","provider":"Microsoft-Windows-AppModel-State","source_name":"","record_id":3957,"task":0,"level":"Warning","opcode":0,"keywords":"0x8000000000000000","generated":"2026-03-06T05:27:41.8712566Z","system_time":"2026-03-06T05:27:41.871256Z","activity_id":"2EFB4366-F746-0003-E934-BDA029ADDC01","process_id":8168,"thread_id":2864,"sid":"S-1-5-21-3384637798-107939553-668145058-500","channel":"Application","computer":"runnervmkjq7x","message_file":"C:\\Windows\\system32\\Microsoft-Windows-System-Events.dll","parameter_file":"","registry_file":"C:\\Windows\\System32\\config\\SOFTWARE","registry_path":"ROOT\\Microsoft\\Windows\\CurrentVersion\\WINEVT\\Publishers\\{bff15e13-81bf-45ee-8b16-7cfead00da86}","rendering_info":null,"evidence":"C:\\Windows\\System32\\winevt\\Logs\\Application.evtx","collection_metadata":{"endpoint_id":"6c51b123-1522-4572-9f2a-0bd5abd81b82","uuid":"311e84a0-dd73-496a-bea2-6eb3c2cee067","id":1,"artifact_name":"eventlogs","complete_time":"2026-03-06T05:52:02.000Z","start_time":"2026-03-06T05:52:02.000Z","hostname":"runnervmkjq7x","os_version":"11 (26100)","platform":"Windows","kernel_version":"26100","load_performance":{"avg_one_min":0.0,"avg_five_min":0.0,"avg_fifteen_min":0.0},"version":"0.19.0","rust_version":"1.94.0","build_date":"2026-03-06","interfaces":[{"ip":"10.1.0.194","mac":"60:45:bd:08:03:fc","name":"Ethernet 3"},{"ip":"fe80::8d8c:fee5:ef81:939b","mac":"60:45:bd:08:03:fc","name":"Ethernet 3"},{"ip":"fe80::636f:ee22:53ad:7d98","mac":"00:15:5d:02:b5:d2","name":"vEthernet (nat)"},{"ip":"192.168.208.1","mac":"00:15:5d:02:b5:d2","name":"vEthernet (nat)"}]}}
{"message":"MSDTC started with the following settings:\n\n Security Configuration (OFF = 0 and ON = 1):\n Allow Remote Administrator = 0,\n Network Clients = 0,\n Transaction Manager Communication: \n Allow Inbound Transactions = 0,\n Allow Outbound Transactions = 0,\n Transaction Internet Protocol (TIP) = 0,\n  Enable XA Transactions = 0,\n  Enable SNA LU 6.2 Transactions = 1,\n  MSDTC Communications Security = Mutual Authentication Required,\n Account = NT AUTHORITY\\NetworkService,\n  Firewall Exclusion Detected = 0\n\n Transaction Bridge Installed = 0\n Filtering Duplicate Events = 1\n%0\r\n","template_message":"MSDTC started with the following settings:%r%r Security Configuration (OFF = 0 and ON = 1):%r Allow Remote Administrator = %1,%r Network Clients = %2,%r Transaction Manager Communication: %r Allow Inbound Transactions = %3,%r Allow Outbound Transactions = %4,%r Transaction Internet Protocol (TIP) = %5,%r  Enable XA Transactions = %6,%r  Enable SNA LU 6.2 Transactions = %12,%r  MSDTC Communications Security = %8,%r Account = %9,%r  Firewall Exclusion Detected = %10%r%r Transaction Bridge Installed = %11%r Filtering Duplicate Events = %7%r%0\r\n","raw_event_data":{"param1":"0","param2":"0","param3":"0","param4":"0","param5":"0","param6":"0","param7":"1","param8":"Mutual Authentication Required","param9":"NT AUTHORITY\\NetworkService","param10":"0","param11":"0","param12":"1"},"event_id":4202,"qualifier":16384,"version":0,"guid":"5d9e0020-3761-4f36-90c8-38ce6511bd12","provider":"Microsoft-Windows-MSDTC 2","source_name":"MSDTC 2","record_id":3958,"task":2,"level":"Information","opcode":0,"keywords":"0x80000000000000","generated":"2026-03-06T05:27:44.1569564Z","system_time":"2026-03-06T05:27:44.156956Z","activity_id":"","process_id":8524,"thread_id":0,"sid":"","channel":"Application","computer":"runnervmkjq7x","message_file":"C:\\Windows\\system32\\msdtcVSp1res.dll","parameter_file":"","registry_file":"C:\\Windows\\System32\\config\\SOFTWARE","registry_path":"ROOT\\Microsoft\\Windows\\CurrentVersion\\WINEVT\\Publishers\\{5d9e0020-3761-4f36-90c8-38ce6511bd12}","rendering_info":null,"evidence":"C:\\Windows\\System32\\winevt\\Logs\\Application.evtx","collection_metadata":{"endpoint_id":"6c51b123-1522-4572-9f2a-0bd5abd81b82","uuid":"311e84a0-dd73-496a-bea2-6eb3c2cee067","id":1,"artifact_name":"eventlogs","complete_time":"2026-03-06T05:52:02.000Z","start_time":"2026-03-06T05:52:02.000Z","hostname":"runnervmkjq7x","os_version":"11 (26100)","platform":"Windows","kernel_version":"26100","load_performance":{"avg_one_min":0.0,"avg_five_min":0.0,"avg_fifteen_min":0.0},"version":"0.19.0","rust_version":"1.94.0","build_date":"2026-03-06","interfaces":[{"ip":"10.1.0.194","mac":"60:45:bd:08:03:fc","name":"Ethernet 3"},{"ip":"fe80::8d8c:fee5:ef81:939b","mac":"60:45:bd:08:03:fc","name":"Ethernet 3"},{"ip":"fe80::636f:ee22:53ad:7d98","mac":"00:15:5d:02:b5:d2","name":"vEthernet (nat)"},{"ip":"192.168.208.1","mac":"00:15:5d:02:b5:d2","name":"vEthernet (nat)"}]}}
{"message":"The Software Protection service has completed licensing status check.\nApplication Id=55c92734-d682-4d71-983e-d6ec3f16059f\nLicensing Status=\n1: c052f164-cdf6-409a-a0cb-853ba0f0f55a, 1, 1 [(0 [0x00000000, 1, 0], [(?)( 1 0x00000000)(?)( 2 0x00000000 0 0 msft:rm/algorithm/volume/1.0 0x00000000 254394)(?)(?)( 10 0x00000000 msft:rm/algorithm/flags/1.0)(?)])(1 )(2 )(3 )]\n\n\r\n","template_message":"The Software Protection service has completed licensing status check.%nApplication Id=%1%nLicensing Status=%2\r\n","raw_event_data":{"Data":{"#text":["55c92734-d682-4d71-983e-d6ec3f16059f","\n1: c052f164-cdf6-409a-a0cb-853ba0f0f55a, 1, 1 [(0 [0x00000000, 1, 0], [(?)( 1 0x00000000)(?)( 2 0x00000000 0 0 msft:rm/algorithm/volume/1.0 0x00000000 254394)(?)(?)( 10 0x00000000 msft:rm/algorithm/flags/1.0)(?)])(1 )(2 )(3 )]\n\n"]},"Binary":null},"event_id":1003,"qualifier":16384,"version":0,"guid":"e23b33b0-c8c9-472c-a5f9-f2bdfea0f156","provider":"Microsoft-Windows-Security-SPP","source_name":"Software Protection Platform Service","record_id":3959,"task":0,"level":"Information","opcode":0,"keywords":"0x80000000000000","generated":"2026-03-06T05:27:50.1696282Z","system_time":"2026-03-06T05:27:50.169628Z","activity_id":"","process_id":2700,"thread_id":0,"sid":"","channel":"Application","computer":"runnervmkjq7x","message_file":"C:\\Windows\\system32\\sppsvc.exe","parameter_file":"","registry_file":"C:\\Windows\\System32\\config\\SOFTWARE","registry_path":"ROOT\\Microsoft\\Windows\\CurrentVersion\\WINEVT\\Publishers\\{e23b33b0-c8c9-472c-a5f9-f2bdfea0f156}","rendering_info":null,"evidence":"C:\\Windows\\System32\\winevt\\Logs\\Application.evtx","collection_metadata":{"endpoint_id":"6c51b123-1522-4572-9f2a-0bd5abd81b82","uuid":"311e84a0-dd73-496a-bea2-6eb3c2cee067","id":1,"artifact_name":"eventlogs","complete_time":"2026-03-06T05:52:02.000Z","start_time":"2026-03-06T05:52:02.000Z","hostname":"runnervmkjq7x","os_version":"11 (26100)","platform":"Windows","kernel_version":"26100","load_performance":{"avg_one_min":0.0,"avg_five_min":0.0,"avg_fifteen_min":0.0},"version":"0.19.0","rust_version":"1.94.0","build_date":"2026-03-06","interfaces":[{"ip":"10.1.0.194","mac":"60:45:bd:08:03:fc","name":"Ethernet 3"},{"ip":"fe80::8d8c:fee5:ef81:939b","mac":"60:45:bd:08:03:fc","name":"Ethernet 3"},{"ip":"fe80::636f:ee22:53ad:7d98","mac":"00:15:5d:02:b5:d2","name":"vEthernet (nat)"},{"ip":"192.168.208.1","mac":"00:15:5d:02:b5:d2","name":"vEthernet (nat)"}]}}
{"message":"Successfully scheduled Software Protection service for re-start at 2026-03-09T21:21:20Z. Reason: RulesEngine.\r\n","template_message":"Successfully scheduled Software Protection service for re-start at %1. Reason: %2.\r\n","raw_event_data":{"Data":{"#text":["2026-03-09T21:21:20Z","RulesEngine"]},"Binary":null},"event_id":16384,"qualifier":16384,"version":0,"guid":"e23b33b0-c8c9-472c-a5f9-f2bdfea0f156","provider":"Microsoft-Windows-Security-SPP","source_name":"Software Protection Platform Service","record_id":3960,"task":0,"level":"Information","opcode":0,"keywords":"0x80000000000000","generated":"2026-03-06T05:28:20.3743933Z","system_time":"2026-03-06T05:28:20.374393Z","activity_id":"","process_id":2700,"thread_id":0,"sid":"","channel":"Application","computer":"runnervmkjq7x","message_file":"C:\\Windows\\system32\\sppsvc.exe","parameter_file":"","registry_file":"C:\\Windows\\System32\\config\\SOFTWARE","registry_path":"ROOT\\Microsoft\\Windows\\CurrentVersion\\WINEVT\\Publishers\\{e23b33b0-c8c9-472c-a5f9-f2bdfea0f156}","rendering_info":null,"evidence":"C:\\Windows\\System32\\winevt\\Logs\\Application.evtx","collection_metadata":{"endpoint_id":"6c51b123-1522-4572-9f2a-0bd5abd81b82","uuid":"311e84a0-dd73-496a-bea2-6eb3c2cee067","id":1,"artifact_name":"eventlogs","complete_time":"2026-03-06T05:52:02.000Z","start_time":"2026-03-06T05:52:02.000Z","hostname":"runnervmkjq7x","os_version":"11 (26100)","platform":"Windows","kernel_version":"26100","load_performance":{"avg_one_min":0.0,"avg_five_min":0.0,"avg_fifteen_min":0.0},"version":"0.19.0","rust_version":"1.94.0","build_date":"2026-03-06","interfaces":[{"ip":"10.1.0.194","mac":"60:45:bd:08:03:fc","name":"Ethernet 3"},{"ip":"fe80::8d8c:fee5:ef81:939b","mac":"60:45:bd:08:03:fc","name":"Ethernet 3"},{"ip":"fe80::636f:ee22:53ad:7d98","mac":"00:15:5d:02:b5:d2","name":"vEthernet (nat)"},{"ip":"192.168.208.1","mac":"00:15:5d:02:b5:d2","name":"vEthernet (nat)"}]}}
{"message":"Performance counters for the WmiApRpl (WmiApRpl) service were removed successfully. The Record Data contains the new values of the system Last Counter and Last Help registry entries.\r\n","template_message":"Performance counters for the %1!s! (%2!s!) service were removed successfully. The Record Data contains the new values of the system Last Counter and Last Help registry entries.\r\n","raw_event_data":{"EventXML":{"#attributes":{"xmlns":"LoadPerf"},"param1":"WmiApRpl","param2":"WmiApRpl","binaryDataSize":8,"binaryData":"62530000C4020000"}},"event_id":1001,"qualifier":0,"version":0,"guid":"122ee297-bb47-41ae-b265-1ca8d1886d40","provider":"Microsoft-Windows-LoadPerf","source_name":"","record_id":3961,"task":0,"level":"Information","opcode":0,"keywords":"0x8000000000000000","generated":"2026-03-06T05:30:39.5055375Z","system_time":"2026-03-06T05:30:39.505537Z","activity_id":"","process_id":5048,"thread_id":4300,"sid":"S-1-5-18","channel":"Application","computer":"runnervmkjq7x","message_file":"C:\\Windows\\system32\\loadperf.dll","parameter_file":"","registry_file":"C:\\Windows\\System32\\config\\SOFTWARE","registry_path":"ROOT\\Microsoft\\Windows\\CurrentVersion\\WINEVT\\Publishers\\{122ee297-bb47-41ae-b265-1ca8d1886d40}","rendering_info":null,"evidence":"C:\\Windows\\System32\\winevt\\Logs\\Application.evtx","collection_metadata":{"endpoint_id":"6c51b123-1522-4572-9f2a-0bd5abd81b82","uuid":"311e84a0-dd73-496a-bea2-6eb3c2cee067","id":1,"artifact_name":"eventlogs","complete_time":"2026-03-06T05:52:02.000Z","start_time":"2026-03-06T05:52:02.000Z","hostname":"runnervmkjq7x","os_version":"11 (26100)","platform":"Windows","kernel_version":"26100","load_performance":{"avg_one_min":0.0,"avg_five_min":0.0,"avg_fifteen_min":0.0},"version":"0.19.0","rust_version":"1.94.0","build_date":"2026-03-06","interfaces":[{"ip":"10.1.0.194","mac":"60:45:bd:08:03:fc","name":"Ethernet 3"},{"ip":"fe80::8d8c:fee5:ef81:939b","mac":"60:45:bd:08:03:fc","name":"Ethernet 3"},{"ip":"fe80::636f:ee22:53ad:7d98","mac":"00:15:5d:02:b5:d2","name":"vEthernet (nat)"},{"ip":"192.168.208.1","mac":"00:15:5d:02:b5:d2","name":"vEthernet (nat)"}]}}
{"message":"Performance counters for the WmiApRpl (WmiApRpl) service were loaded successfully. The Record Data in the data section contains the new index values assigned to this service.\r\n","template_message":"Performance counters for the %1!s! (%2!s!) service were loaded successfully. The Record Data in the data section contains the new index values assigned to this service.\r\n","raw_event_data":{"EventXML":{"#attributes":{"xmlns":"LoadPerf"},"param1":"WmiApRpl","param2":"WmiApRpl","binaryDataSize":8,"binaryData":"645300000A540000"}},"event_id":1000,"qualifier":0,"version":0,"guid":"122ee297-bb47-41ae-b265-1ca8d1886d40","provider":"Microsoft-Windows-LoadPerf","source_name":"","record_id":3962,"task":0,"level":"Information","opcode":0,"keywords":"0x8000000000000000","generated":"2026-03-06T05:30:39.7152822Z","system_time":"2026-03-06T05:30:39.715282Z","activity_id":"","process_id":5048,"thread_id":4300,"sid":"S-1-5-18","channel":"Application","computer":"runnervmkjq7x","message_file":"C:\\Windows\\system32\\loadperf.dll","parameter_file":"","registry_file":"C:\\Windows\\System32\\config\\SOFTWARE","registry_path":"ROOT\\Microsoft\\Windows\\CurrentVersion\\WINEVT\\Publishers\\{122ee297-bb47-41ae-b265-1ca8d1886d40}","rendering_info":null,"evidence":"C:\\Windows\\System32\\winevt\\Logs\\Application.evtx","collection_metadata":{"endpoint_id":"6c51b123-1522-4572-9f2a-0bd5abd81b82","uuid":"311e84a0-dd73-496a-bea2-6eb3c2cee067","id":1,"artifact_name":"eventlogs","complete_time":"2026-03-06T05:52:02.000Z","start_time":"2026-03-06T05:52:02.000Z","hostname":"runnervmkjq7x","os_version":"11 (26100)","platform":"Windows","kernel_version":"26100","load_performance":{"avg_one_min":0.0,"avg_five_min":0.0,"avg_fifteen_min":0.0},"version":"0.19.0","rust_version":"1.94.0","build_date":"2026-03-06","interfaces":[{"ip":"10.1.0.194","mac":"60:45:bd:08:03:fc","name":"Ethernet 3"},{"ip":"fe80::8d8c:fee5:ef81:939b","mac":"60:45:bd:08:03:fc","name":"Ethernet 3"},{"ip":"fe80::636f:ee22:53ad:7d98","mac":"00:15:5d:02:b5:d2","name":"vEthernet (nat)"},{"ip":"192.168.208.1","mac":"00:15:5d:02:b5:d2","name":"vEthernet (nat)"}]}}
{"message":"Offline downlevel migration succeeded.\r\n","template_message":"Offline downlevel migration succeeded.\r\n","raw_event_data":{"Data":{"#text":""},"Binary":null},"event_id":16394,"qualifier":49152,"version":0,"guid":"e23b33b0-c8c9-472c-a5f9-f2bdfea0f156","provider":"Microsoft-Windows-Security-SPP","source_name":"Software Protection Platform Service","record_id":3963,"task":0,"level":"Information","opcode":0,"keywords":"0x80000000000000","generated":"2026-03-06T05:31:04.8725817Z","system_time":"2026-03-06T05:31:04.872581Z","activity_id":"","process_id":8508,"thread_id":0,"sid":"","channel":"Application","computer":"runnervmkjq7x","message_file":"C:\\Windows\\system32\\sppsvc.exe","parameter_file":"","registry_file":"C:\\Windows\\System32\\config\\SOFTWARE","registry_path":"ROOT\\Microsoft\\Windows\\CurrentVersion\\WINEVT\\Publishers\\{e23b33b0-c8c9-472c-a5f9-f2bdfea0f156}","rendering_info":null,"evidence":"C:\\Windows\\System32\\winevt\\Logs\\Application.evtx","collection_metadata":{"endpoint_id":"6c51b123-1522-4572-9f2a-0bd5abd81b82","uuid":"311e84a0-dd73-496a-bea2-6eb3c2cee067","id":1,"artifact_name":"eventlogs","complete_time":"2026-03-06T05:52:02.000Z","start_time":"2026-03-06T05:52:02.000Z","hostname":"runnervmkjq7x","os_version":"11 (26100)","platform":"Windows","kernel_version":"26100","load_performance":{"avg_one_min":0.0,"avg_five_min":0.0,"avg_fifteen_min":0.0},"version":"0.19.0","rust_version":"1.94.0","build_date":"2026-03-06","interfaces":[{"ip":"10.1.0.194","mac":"60:45:bd:08:03:fc","name":"Ethernet 3"},{"ip":"fe80::8d8c:fee5:ef81:939b","mac":"60:45:bd:08:03:fc","name":"Ethernet 3"},{"ip":"fe80::636f:ee22:53ad:7d98","mac":"00:15:5d:02:b5:d2","name":"vEthernet (nat)"},{"ip":"192.168.208.1","mac":"00:15:5d:02:b5:d2","name":"vEthernet (nat)"}]}}
{"message":"Downlevel Genuine Ticket successfully deposited.\r\n","template_message":"Downlevel Genuine Ticket successfully deposited.\r\n","raw_event_data":{"Data":{"#text":"0xC004D30B"},"Binary":null},"event_id":16389,"qualifier":16384,"version":0,"guid":"e23b33b0-c8c9-472c-a5f9-f2bdfea0f156","provider":"Microsoft-Windows-Security-SPP","source_name":"Software Protection Platform Service","record_id":3964,"task":0,"level":"Information","opcode":0,"keywords":"0x80000000000000","generated":"2026-03-06T05:31:05.1013498Z","system_time":"2026-03-06T05:31:05.101349Z","activity_id":"","process_id":8508,"thread_id":0,"sid":"","channel":"Application","computer":"runnervmkjq7x","message_file":"C:\\Windows\\system32\\sppsvc.exe","parameter_file":"","registry_file":"C:\\Windows\\System32\\config\\SOFTWARE","registry_path":"ROOT\\Microsoft\\Windows\\CurrentVersion\\WINEVT\\Publishers\\{e23b33b0-c8c9-472c-a5f9-f2bdfea0f156}","rendering_info":null,"evidence":"C:\\Windows\\System32\\winevt\\Logs\\Application.evtx","collection_metadata":{"endpoint_id":"6c51b123-1522-4572-9f2a-0bd5abd81b82","uuid":"311e84a0-dd73-496a-bea2-6eb3c2cee067","id":1,"artifact_name":"eventlogs","complete_time":"2026-03-06T05:52:02.000Z","start_time":"2026-03-06T05:52:02.000Z","hostname":"runnervmkjq7x","os_version":"11 (26100)","platform":"Windows","kernel_version":"26100","load_performance":{"avg_one_min":0.0,"avg_five_min":0.0,"avg_fifteen_min":0.0},"version":"0.19.0","rust_version":"1.94.0","build_date":"2026-03-06","interfaces":[{"ip":"10.1.0.194","mac":"60:45:bd:08:03:fc","name":"Ethernet 3"},{"ip":"fe80::8d8c:fee5:ef81:939b","mac":"60:45:bd:08:03:fc","name":"Ethernet 3"},{"ip":"fe80::636f:ee22:53ad:7d98","mac":"00:15:5d:02:b5:d2","name":"vEthernet (nat)"},{"ip":"192.168.208.1","mac":"00:15:5d:02:b5:d2","name":"vEthernet (nat)"}]}}
{"message":"Successfully scheduled Software Protection service for re-start at 2026-03-09T21:20:53Z. Reason: RulesEngine.\r\n","template_message":"Successfully scheduled Software Protection service for re-start at %1. Reason: %2.\r\n","raw_event_data":{"Data":{"#text":["2026-03-09T21:20:53Z","RulesEngine"]},"Binary":null},"event_id":16384,"qualifier":16384,"version":0,"guid":"e23b33b0-c8c9-472c-a5f9-f2bdfea0f156","provider":"Microsoft-Windows-Security-SPP","source_name":"Software Protection Platform Service","record_id":3965,"task":0,"level":"Information","opcode":0,"keywords":"0x80000000000000","generated":"2026-03-06T05:31:53.4811447Z","system_time":"2026-03-06T05:31:53.481144Z","activity_id":"","process_id":8508,"thread_id":0,"sid":"","channel":"Application","computer":"runnervmkjq7x","message_file":"C:\\Windows\\system32\\sppsvc.exe","parameter_file":"","registry_file":"C:\\Windows\\System32\\config\\SOFTWARE","registry_path":"ROOT\\Microsoft\\Windows\\CurrentVersion\\WINEVT\\Publishers\\{e23b33b0-c8c9-472c-a5f9-f2bdfea0f156}","rendering_info":null,"evidence":"C:\\Windows\\System32\\winevt\\Logs\\Application.evtx","collection_metadata":{"endpoint_id":"6c51b123-1522-4572-9f2a-0bd5abd81b82","uuid":"311e84a0-dd73-496a-bea2-6eb3c2cee067","id":1,"artifact_name":"eventlogs","complete_time":"2026-03-06T05:52:02.000Z","start_time":"2026-03-06T05:52:02.000Z","hostname":"runnervmkjq7x","os_version":"11 (26100)","platform":"Windows","kernel_version":"26100","load_performance":{"avg_one_min":0.0,"avg_five_min":0.0,"avg_fifteen_min":0.0},"version":"0.19.0","rust_version":"1.94.0","build_date":"2026-03-06","interfaces":[{"ip":"10.1.0.194","mac":"60:45:bd:08:03:fc","name":"Ethernet 3"},{"ip":"fe80::8d8c:fee5:ef81:939b","mac":"60:45:bd:08:03:fc","name":"Ethernet 3"},{"ip":"fe80::636f:ee22:53ad:7d98","mac":"00:15:5d:02:b5:d2","name":"vEthernet (nat)"},{"ip":"192.168.208.1","mac":"00:15:5d:02:b5:d2","name":"vEthernet (nat)"}]}}
{"message":"Offline downlevel migration succeeded.\r\n","template_message":"Offline downlevel migration succeeded.\r\n","raw_event_data":{"Data":{"#text":""},"Binary":null},"event_id":16394,"qualifier":49152,"version":0,"guid":"e23b33b0-c8c9-472c-a5f9-f2bdfea0f156","provider":"Microsoft-Windows-Security-SPP","source_name":"Software Protection Platform Service","record_id":3966,"task":0,"level":"Information","opcode":0,"keywords":"0x80000000000000","generated":"2026-03-06T05:39:39.9467084Z","system_time":"2026-03-06T05:39:39.946708Z","activity_id":"","process_id":4420,"thread_id":0,"sid":"","channel":"Application","computer":"runnervmkjq7x","message_file":"C:\\Windows\\system32\\sppsvc.exe","parameter_file":"","registry_file":"C:\\Windows\\System32\\config\\SOFTWARE","registry_path":"ROOT\\Microsoft\\Windows\\CurrentVersion\\WINEVT\\Publishers\\{e23b33b0-c8c9-472c-a5f9-f2bdfea0f156}","rendering_info":null,"evidence":"C:\\Windows\\System32\\winevt\\Logs\\Application.evtx","collection_metadata":{"endpoint_id":"6c51b123-1522-4572-9f2a-0bd5abd81b82","uuid":"311e84a0-dd73-496a-bea2-6eb3c2cee067","id":1,"artifact_name":"eventlogs","complete_time":"2026-03-06T05:52:02.000Z","start_time":"2026-03-06T05:52:02.000Z","hostname":"runnervmkjq7x","os_version":"11 (26100)","platform":"Windows","kernel_version":"26100","load_performance":{"avg_one_min":0.0,"avg_five_min":0.0,"avg_fifteen_min":0.0},"version":"0.19.0","rust_version":"1.94.0","build_date":"2026-03-06","interfaces":[{"ip":"10.1.0.194","mac":"60:45:bd:08:03:fc","name":"Ethernet 3"},{"ip":"fe80::8d8c:fee5:ef81:939b","mac":"60:45:bd:08:03:fc","name":"Ethernet 3"},{"ip":"fe80::636f:ee22:53ad:7d98","mac":"00:15:5d:02:b5:d2","name":"vEthernet (nat)"},{"ip":"192.168.208.1","mac":"00:15:5d:02:b5:d2","name":"vEthernet (nat)"}]}}
{"message":"Downlevel Genuine Ticket successfully deposited.\r\n","template_message":"Downlevel Genuine Ticket successfully deposited.\r\n","raw_event_data":{"Data":{"#text":"0xC004D30B"},"Binary":null},"event_id":16389,"qualifier":16384,"version":0,"guid":"e23b33b0-c8c9-472c-a5f9-f2bdfea0f156","provider":"Microsoft-Windows-Security-SPP","source_name":"Software Protection Platform Service","record_id":3967,"task":0,"level":"Information","opcode":0,"keywords":"0x80000000000000","generated":"2026-03-06T05:39:40.1643978Z","system_time":"2026-03-06T05:39:40.164397Z","activity_id":"","process_id":4420,"thread_id":0,"sid":"","channel":"Application","computer":"runnervmkjq7x","message_file":"C:\\Windows\\system32\\sppsvc.exe","parameter_file":"","registry_file":"C:\\Windows\\System32\\config\\SOFTWARE","registry_path":"ROOT\\Microsoft\\Windows\\CurrentVersion\\WINEVT\\Publishers\\{e23b33b0-c8c9-472c-a5f9-f2bdfea0f156}","rendering_info":null,"evidence":"C:\\Windows\\System32\\winevt\\Logs\\Application.evtx","collection_metadata":{"endpoint_id":"6c51b123-1522-4572-9f2a-0bd5abd81b82","uuid":"311e84a0-dd73-496a-bea2-6eb3c2cee067","id":1,"artifact_name":"eventlogs","complete_time":"2026-03-06T05:52:02.000Z","start_time":"2026-03-06T05:52:02.000Z","hostname":"runnervmkjq7x","os_version":"11 (26100)","platform":"Windows","kernel_version":"26100","load_performance":{"avg_one_min":0.0,"avg_five_min":0.0,"avg_fifteen_min":0.0},"version":"0.19.0","rust_version":"1.94.0","build_date":"2026-03-06","interfaces":[{"ip":"10.1.0.194","mac":"60:45:bd:08:03:fc","name":"Ethernet 3"},{"ip":"fe80::8d8c:fee5:ef81:939b","mac":"60:45:bd:08:03:fc","name":"Ethernet 3"},{"ip":"fe80::636f:ee22:53ad:7d98","mac":"00:15:5d:02:b5:d2","name":"vEthernet (nat)"},{"ip":"192.168.208.1","mac":"00:15:5d:02:b5:d2","name":"vEthernet (nat)"}]}}
{"message":"Successfully scheduled Software Protection service for re-start at 2026-03-09T21:21:10Z. Reason: RulesEngine.\r\n","template_message":"Successfully scheduled Software Protection service for re-start at %1. Reason: %2.\r\n","raw_event_data":{"Data":{"#text":["2026-03-09T21:21:10Z","RulesEngine"]},"Binary":null},"event_id":16384,"qualifier":16384,"version":0,"guid":"e23b33b0-c8c9-472c-a5f9-f2bdfea0f156","provider":"Microsoft-Windows-Security-SPP","source_name":"Software Protection Platform Service","record_id":3968,"task":0,"level":"Information","opcode":0,"keywords":"0x80000000000000","generated":"2026-03-06T05:40:10.3270078Z","system_time":"2026-03-06T05:40:10.327007Z","activity_id":"","process_id":4420,"thread_id":0,"sid":"","channel":"Application","computer":"runnervmkjq7x","message_file":"C:\\Windows\\system32\\sppsvc.exe","parameter_file":"","registry_file":"C:\\Windows\\System32\\config\\SOFTWARE","registry_path":"ROOT\\Microsoft\\Windows\\CurrentVersion\\WINEVT\\Publishers\\{e23b33b0-c8c9-472c-a5f9-f2bdfea0f156}","rendering_info":null,"evidence":"C:\\Windows\\System32\\winevt\\Logs\\Application.evtx","collection_metadata":{"endpoint_id":"6c51b123-1522-4572-9f2a-0bd5abd81b82","uuid":"311e84a0-dd73-496a-bea2-6eb3c2cee067","id":1,"artifact_name":"eventlogs","complete_time":"2026-03-06T05:52:02.000Z","start_time":"2026-03-06T05:52:02.000Z","hostname":"runnervmkjq7x","os_version":"11 (26100)","platform":"Windows","kernel_version":"26100","load_performance":{"avg_one_min":0.0,"avg_five_min":0.0,"avg_fifteen_min":0.0},"version":"0.19.0","rust_version":"1.94.0","build_date":"2026-03-06","interfaces":[{"ip":"10.1.0.194","mac":"60:45:bd:08:03:fc","name":"Ethernet 3"},{"ip":"fe80::8d8c:fee5:ef81:939b","mac":"60:45:bd:08:03:fc","name":"Ethernet 3"},{"ip":"fe80::636f:ee22:53ad:7d98","mac":"00:15:5d:02:b5:d2","name":"vEthernet (nat)"},{"ip":"192.168.208.1","mac":"00:15:5d:02:b5:d2","name":"vEthernet (nat)"}]}}
{"message":"Data:\n #text: [\"MSIXDeployment\",\"windows.applicationData\",\"DeleteMachineFolder\",\"Package Microsoft.SecHealthUI_1000.26100.32370.0_x64__8wekyb3d8bbwe removed machine folder C:\\\\ProgramData\\\\Microsoft\\\\Windows\\\\AppRepository\\\\Families\\\\ApplicationData\\\\Microsoft.SecHealthUI_8wekyb3d8bbwe: The system cannot find the path specified.\"]\nBinary: null\n","template_message":"","raw_event_data":{"Data":{"#text":["MSIXDeployment","windows.applicationData","DeleteMachineFolder","Package Microsoft.SecHealthUI_1000.26100.32370.0_x64__8wekyb3d8bbwe removed machine folder C:\\ProgramData\\Microsoft\\Windows\\AppRepository\\Families\\ApplicationData\\Microsoft.SecHealthUI_8wekyb3d8bbwe: The system cannot find the path specified."]},"Binary":null},"event_id":2562,"qualifier":0,"version":0,"guid":"","provider":"Microsoft-Windows-AppXDeploymentServer/Operational","source_name":"","record_id":3969,"task":0,"level":"Information","opcode":0,"keywords":"0x80000000000000","generated":"2026-03-06T05:40:27.5269872Z","system_time":"2026-03-06T05:40:27.526987Z","activity_id":"","process_id":7772,"thread_id":0,"sid":"","channel":"Application","computer":"runnervmkjq7x","message_file":"","parameter_file":"","registry_file":"","registry_path":"","rendering_info":null,"evidence":"C:\\Windows\\System32\\winevt\\Logs\\Application.evtx","collection_metadata":{"endpoint_id":"6c51b123-1522-4572-9f2a-0bd5abd81b82","uuid":"311e84a0-dd73-496a-bea2-6eb3c2cee067","id":1,"artifact_name":"eventlogs","complete_time":"2026-03-06T05:52:02.000Z","start_time":"2026-03-06T05:52:02.000Z","hostname":"runnervmkjq7x","os_version":"11 (26100)","platform":"Windows","kernel_version":"26100","load_performance":{"avg_one_min":0.0,"avg_five_min":0.0,"avg_fifteen_min":0.0},"version":"0.19.0","rust_version":"1.94.0","build_date":"2026-03-06","interfaces":[{"ip":"10.1.0.194","mac":"60:45:bd:08:03:fc","name":"Ethernet 3"},{"ip":"fe80::8d8c:fee5:ef81:939b","mac":"60:45:bd:08:03:fc","name":"Ethernet 3"},{"ip":"fe80::636f:ee22:53ad:7d98","mac":"00:15:5d:02:b5:d2","name":"vEthernet (nat)"},{"ip":"192.168.208.1","mac":"00:15:5d:02:b5:d2","name":"vEthernet (nat)"}]}}
{"message":"The VSS service is shutting down due to idle timeout.\r\n\r\n","template_message":"The VSS service is shutting down due to idle timeout.\r\n%1\r\n","raw_event_data":{"Data":{"#text":""},"Binary":"2D20436F64653A2020434F525356434330303030303737322D2043616C6C3A2020434F525356434330303030303735342D205049443A202030303030383033362D205449443A202030303030323731322D20434D443A2020433A5C57696E646F77735C73797374656D33325C76737376632E6578652020202D20557365723A204E616D653A204E5420415554484F524954595C53595354454D2C205349443A532D312D352D313820"},"event_id":8224,"qualifier":0,"version":0,"guid":"","provider":"VSS","source_name":"","record_id":3970,"task":0,"level":"Information","opcode":0,"keywords":"0x80000000000000","generated":"2026-03-06T05:40:41.5831926Z","system_time":"2026-03-06T05:40:41.583192Z","activity_id":"","process_id":8036,"thread_id":0,"sid":"","channel":"Application","computer":"runnervmkjq7x","message_file":"C:\\Windows\\System32\\VSSVC.EXE","parameter_file":"","registry_file":"C:\\Windows\\System32\\config\\SYSTEM","registry_path":"ROOT\\ControlSet002\\Services\\EventLog\\Application\\VSS","rendering_info":null,"evidence":"C:\\Windows\\System32\\winevt\\Logs\\Application.evtx","collection_metadata":{"endpoint_id":"6c51b123-1522-4572-9f2a-0bd5abd81b82","uuid":"311e84a0-dd73-496a-bea2-6eb3c2cee067","id":1,"artifact_name":"eventlogs","complete_time":"2026-03-06T05:52:02.000Z","start_time":"2026-03-06T05:52:02.000Z","hostname":"runnervmkjq7x","os_version":"11 (26100)","platform":"Windows","kernel_version":"26100","load_performance":{"avg_one_min":0.0,"avg_five_min":0.0,"avg_fifteen_min":0.0},"version":"0.19.0","rust_version":"1.94.0","build_date":"2026-03-06","interfaces":[{"ip":"10.1.0.194","mac":"60:45:bd:08:03:fc","name":"Ethernet 3"},{"ip":"fe80::8d8c:fee5:ef81:939b","mac":"60:45:bd:08:03:fc","name":"Ethernet 3"},{"ip":"fe80::636f:ee22:53ad:7d98","mac":"00:15:5d:02:b5:d2","name":"vEthernet (nat)"},{"ip":"192.168.208.1","mac":"00:15:5d:02:b5:d2","name":"vEthernet (nat)"}]}}
{"message":"An operation was attempted on a privileged object.\n\nSubject:\n\tSecurity ID:\t\tS-1-5-21-2533572477-1596584739-2037617746-500\n\tAccount Name:\t\tpacker\n\tAccount Domain:\t\tpkrvm7mpva0bvys\n\tLogon ID:\t\t0x604c7\n\nObject:\n\tObject Server:\tSecurity\n\tObject Type:\tKey\n\tObject Name:\t\\REGISTRY\\MACHINE\\SYSTEM\\ControlSet001\\Control\\MUI\\Settings\n\tObject Handle:\t0x580\n\nProcess Information:\n\tProcess ID:\t0x1b90\n\tProcess Name:\tC:\\Windows\\System32\\Sysprep\\sysprep.exe\n\nRequested Operation:\n\tDesired Access:\t%%1537\r\n\t\t\t\t%%1538\r\n\t\t\t\t%%1539\r\n\t\t\t\t%%1540\r\n\t\t\t\t%%4432\r\n\t\t\t\t%%4433\r\n\t\t\t\t%%4434\r\n\t\t\t\t%%4435\r\n\t\t\t\t%%4436\r\n\t\t\t\t%%4437\r\n\t\t\t\t\n\tPrivileges:\t\tSeTakeOwnershipPrivilege\r\n","template_message":"An operation was attempted on a privileged object.%n%nSubject:%n%tSecurity ID:%t%t%1%n%tAccount Name:%t%t%2%n%tAccount Domain:%t%t%3%n%tLogon ID:%t%t%4%n%nObject:%n%tObject Server:%t%5%n%tObject Type:%t%6%n%tObject Name:%t%7%n%tObject Handle:%t%8%n%nProcess Information:%n%tProcess ID:%t%11%n%tProcess Name:%t%12%n%nRequested Operation:%n%tDesired Access:%t%9%n%tPrivileges:%t%t%10\r\n","raw_event_data":{"SubjectUserSid":"S-1-5-21-2533572477-1596584739-2037617746-500","SubjectUserName":"packer","SubjectDomainName":"pkrvm7mpva0bvys","SubjectLogonId":"0x604c7","ObjectServer":"Security","ObjectType":"Key","ObjectName":"\\REGISTRY\\MACHINE\\SYSTEM\\ControlSet001\\Control\\MUI\\Settings","HandleId":"0x580","AccessMask":"%%1537\r\n\t\t\t\t%%1538\r\n\t\t\t\t%%1539\r\n\t\t\t\t%%1540\r\n\t\t\t\t%%4432\r\n\t\t\t\t%%4433\r\n\t\t\t\t%%4434\r\n\t\t\t\t%%4435\r\n\t\t\t\t%%4436\r\n\t\t\t\t%%4437\r\n\t\t\t\t","PrivilegeList":"SeTakeOwnershipPrivilege","ProcessId":"0x1b90","ProcessName":"C:\\Windows\\System32\\Sysprep\\sysprep.exe"},"event_id":4674,"qualifier":0,"version":0,"guid":"54849625-5478-4994-a5ba-3e3b0328c30d","provider":"Microsoft-Windows-Security-Auditing","source_name":"","record_id":601501,"task":13056,"level":"Information","opcode":0,"keywords":"0x8020000000000000","generated":"2026-03-03T01:59:34.1655675Z","system_time":"2026-03-03T01:59:34.165567Z","activity_id":"","process_id":4,"thread_id":636,"sid":"","channel":"Security","computer":"pkrvm7mpva0bvys","message_file":"C:\\Windows\\system32\\adtschema.dll","parameter_file":"C:\\Windows\\system32\\msobjs.dll","registry_file":"C:\\Windows\\System32\\config\\SOFTWARE","registry_path":"ROOT\\Microsoft\\Windows\\CurrentVersion\\WINEVT\\Publishers\\{54849625-5478-4994-a5ba-3e3b0328c30d}","rendering_info":null,"evidence":"C:\\Windows\\System32\\winevt\\Logs\\Security.evtx","collection_metadata":{"endpoint_id":"6c51b123-1522-4572-9f2a-0bd5abd81b82","uuid":"6788348c-356b-40ca-a729-a2bc7cb3d9d7","id":1,"artifact_name":"eventlogs","complete_time":"2026-03-07T00:31:19.000Z","start_time":"2026-03-07T00:31:18.000Z","hostname":"runnervmkjq7x","os_version":"11 (26100)","platform":"Windows","kernel_version":"26100","load_performance":{"avg_one_min":0.0,"avg_five_min":0.0,"avg_fifteen_min":0.0},"version":"0.19.0","rust_version":"1.94.0","build_date":"2026-03-07","interfaces":[{"ip":"10.1.0.10","mac":"70:a8:a5:26:48:92","name":"Ethernet 3"},{"ip":"fe80::cc77:5f48:2250:2c59","mac":"70:a8:a5:26:48:92","name":"Ethernet 3"},{"ip":"fe80::5861:3d6d:273c:c606","mac":"00:15:5d:43:0e:f0","name":"vEthernet (nat)"},{"ip":"172.17.160.1","mac":"00:15:5d:43:0e:f0","name":"vEthernet (nat)"}]}}